#
# There is insufficient memory for the Java Runtime Environment to continue.
# Native memory allocation (malloc) failed to allocate 1434256 bytes for Chunk::new
# Possible reasons:
#   The system is out of physical RAM or swap space
#   The process is running with CompressedOops enabled, and the Java Heap may be blocking the growth of the native heap
# Possible solutions:
#   Reduce memory load on the system
#   Increase physical memory or swap space
#   Check if swap backing store is full
#   Decrease Java heap size (-Xmx/-Xms)
#   Decrease number of Java threads
#   Decrease Java thread stack sizes (-Xss)
#   Set larger code cache with -XX:ReservedCodeCacheSize=
#   JVM is running with Unscaled Compressed Oops mode in which the Java heap is
#     placed in the first 4GB address space. The Java Heap base address is the
#     maximum limit for the native heap growth. Please use -XX:HeapBaseMinAddress
#     to set the Java Heap base and to place the Java Heap above 4GB virtual address.
# This output file may be truncated or incomplete.
#
#  Out of Memory Error (./src/hotspot/share/memory/arena.cpp:197), pid=8432, tid=33516
#
# JRE version: OpenJDK Runtime Environment (11.0.12+7) (build 11.0.12+7-b1504.28-7817840)
# Java VM: OpenJDK 64-Bit Server VM (11.0.12+7-b1504.28-7817840, mixed mode, tiered, compressed oops, g1 gc, windows-amd64)
# No core dump will be written. Minidumps are not enabled by default on client versions of Windows
#

---------------  S U M M A R Y ------------

Command Line: --add-opens=java.base/java.util=ALL-UNNAMED --add-opens=java.base/java.lang=ALL-UNNAMED --add-opens=java.base/java.lang.invoke=ALL-UNNAMED --add-opens=java.prefs/java.util.prefs=ALL-UNNAMED -Xmx2048m -Dfile.encoding=UTF-8 -Duser.country=IN -Duser.language=en -Duser.variant org.gradle.launcher.daemon.bootstrap.GradleDaemon 6.5

Host: AMD Ryzen 7 5800H with Radeon Graphics         , 16 cores, 13G,  Windows 10 , 64 bit Build 22000 (10.0.22000.708)
Time: Sat Sep 24 00:17:24 2022 India Standard Time elapsed time: 8.975538 seconds (0d 0h 0m 8s)

---------------  T H R E A D  ---------------

Current thread (0x0000021b6e046000):  JavaThread "C2 CompilerThread0" daemon [_thread_in_native, id=33516, stack(0x000000b07ba00000,0x000000b07bb00000)]


Current CompileTask:
C2:   8975 5810       4       groovy.lang.MetaClassImpl::addMetaMethodToIndex (65 bytes)

Stack: [0x000000b07ba00000,0x000000b07bb00000]
Native frames: (J=compiled Java code, j=interpreted, Vv=VM code, C=native code)
V  [jvm.dll+0x5fbcea]
V  [jvm.dll+0x731905]
V  [jvm.dll+0x732f1d]
V  [jvm.dll+0x7335d3]
V  [jvm.dll+0x247bf8]
V  [jvm.dll+0xc018c]
V  [jvm.dll+0xc06cc]
V  [jvm.dll+0x35b2db]
V  [jvm.dll+0x328803]
V  [jvm.dll+0x327cfa]
V  [jvm.dll+0x200602]
V  [jvm.dll+0x1ff794]
V  [jvm.dll+0x18868c]
V  [jvm.dll+0x20e0d7]
V  [jvm.dll+0x20c901]
V  [jvm.dll+0x6f9b7f]
V  [jvm.dll+0x6f26a5]
V  [jvm.dll+0x5fabf6]
C  [ucrtbase.dll+0x26c0c]
C  [KERNEL32.DLL+0x154e0]
C  [ntdll.dll+0x485b]


---------------  P R O C E S S  ---------------

Threads class SMR info:
_java_thread_list=0x0000021b705022d0, length=140, elements={
0x0000021b5275c000, 0x0000021b6d7ac800, 0x0000021b6dfe1800, 0x0000021b6e03e800,
0x0000021b6e040800, 0x0000021b6e041800, 0x0000021b6e046000, 0x0000021b6e04d800,
0x0000021b6e056800, 0x0000021b6d77e000, 0x0000021b6e1c5800, 0x0000021b6ecd4800,
0x0000021b6f866800, 0x0000021b6f323000, 0x0000021b6f2fc800, 0x0000021b6fc44000,
0x0000021b6fa8a800, 0x0000021b6f089800, 0x0000021b6fba9800, 0x0000021b70083800,
0x0000021b70089800, 0x0000021b6f85c000, 0x0000021b6f85d000, 0x0000021b6f85a800,
0x0000021b6f859800, 0x0000021b6f85d800, 0x0000021b6f85e800, 0x0000021b6f85f800,
0x0000021b6f860000, 0x0000021b6f85b000, 0x0000021b70581800, 0x0000021b70580800,
0x0000021b70582000, 0x0000021b70584000, 0x0000021b70585800, 0x0000021b70584800,
0x0000021b70580000, 0x0000021b70588000, 0x0000021b70586800, 0x0000021b70587000,
0x0000021b70588800, 0x0000021b70583000, 0x0000021b7058b000, 0x0000021b7058a800,
0x0000021b7058e800, 0x0000021b70589800, 0x0000021b7058c000, 0x0000021b7058d000,
0x0000021b7058d800, 0x0000021b72279800, 0x0000021b72278800, 0x0000021b7227c800,
0x0000021b7227a000, 0x0000021b7227b000, 0x0000021b72280800, 0x0000021b7227e800,
0x0000021b72281800, 0x0000021b7227c000, 0x0000021b72283000, 0x0000021b72282800,
0x0000021b7227f000, 0x0000021b72285000, 0x0000021b72284000, 0x0000021b72285800,
0x0000021b72280000, 0x0000021b72207000, 0x0000021b7220a800, 0x0000021b72208800,
0x0000021b72209800, 0x0000021b7220b000, 0x0000021b7220c000, 0x0000021b72208000,
0x0000021b72206000, 0x0000021b72210000, 0x0000021b7220f000, 0x0000021b72211000,
0x0000021b72211800, 0x0000021b72212800, 0x0000021b7220e800, 0x0000021b7220d000,
0x0000021b72213800, 0x0000021b7220d800, 0x0000021b72215000, 0x0000021b72214000,
0x0000021b7280d000, 0x0000021b7280e800, 0x0000021b7280a800, 0x0000021b7280b000,
0x0000021b7280d800, 0x0000021b7280c000, 0x0000021b7280f800, 0x0000021b72809800,
0x0000021b72816000, 0x0000021b72811000, 0x0000021b72811800, 0x0000021b72812800,
0x0000021b72813800, 0x0000021b72814000, 0x0000021b72815000, 0x0000021b72810000,
0x0000021b72816800, 0x0000021b72817800, 0x0000021b72818800, 0x0000021b6e553000,
0x0000021b6e554000, 0x0000021b6e555000, 0x0000021b6e550800, 0x0000021b6e556800,
0x0000021b6e555800, 0x0000021b6e557000, 0x0000021b6e552800, 0x0000021b6e551800,
0x0000021b6e55d000, 0x0000021b6e55b800, 0x0000021b6e55a800, 0x0000021b6e55c000,
0x0000021b6e55e000, 0x0000021b6e558000, 0x0000021b6e559800, 0x0000021b6e559000,
0x0000021b6e55e800, 0x0000021b6e55f800, 0x0000021b6ecf7000, 0x0000021b6ecf6800,
0x0000021b6ecf9800, 0x0000021b6ecf8000, 0x0000021b6ecfa800, 0x0000021b6ecfb800,
0x0000021b6ecf5800, 0x0000021b6ecfc000, 0x0000021b6ecfd000, 0x0000021b6ecfe800,
0x0000021b6ecfe000, 0x0000021b6ecf9000, 0x0000021b6ed00000, 0x0000021b6ed03800,
0x0000021b6ed04800, 0x0000021b6ed01000, 0x0000021b6ed02000, 0x0000021b6ecff800
}

Java Threads: ( => current thread )
  0x0000021b5275c000 JavaThread "main" [_thread_blocked, id=6736, stack(0x000000b07ae00000,0x000000b07af00000)]
  0x0000021b6d7ac800 JavaThread "Reference Handler" daemon [_thread_blocked, id=37884, stack(0x000000b07b500000,0x000000b07b600000)]
  0x0000021b6dfe1800 JavaThread "Finalizer" daemon [_thread_blocked, id=27032, stack(0x000000b07b600000,0x000000b07b700000)]
  0x0000021b6e03e800 JavaThread "Signal Dispatcher" daemon [_thread_blocked, id=11420, stack(0x000000b07b700000,0x000000b07b800000)]
  0x0000021b6e040800 JavaThread "Attach Listener" daemon [_thread_blocked, id=13632, stack(0x000000b07b800000,0x000000b07b900000)]
  0x0000021b6e041800 JavaThread "Service Thread" daemon [_thread_blocked, id=35036, stack(0x000000b07b900000,0x000000b07ba00000)]
=>0x0000021b6e046000 JavaThread "C2 CompilerThread0" daemon [_thread_in_native, id=33516, stack(0x000000b07ba00000,0x000000b07bb00000)]
  0x0000021b6e04d800 JavaThread "C1 CompilerThread0" daemon [_thread_blocked, id=16532, stack(0x000000b07bb00000,0x000000b07bc00000)]
  0x0000021b6e056800 JavaThread "Sweeper thread" daemon [_thread_blocked, id=29136, stack(0x000000b07bc00000,0x000000b07bd00000)]
  0x0000021b6d77e000 JavaThread "C1 CompilerThread1" daemon [_thread_blocked, id=13000, stack(0x000000b07bd00000,0x000000b07be00000)]
  0x0000021b6e1c5800 JavaThread "Common-Cleaner" daemon [_thread_blocked, id=33828, stack(0x000000b07be00000,0x000000b07bf00000)]
  0x0000021b6ecd4800 JavaThread "C1 CompilerThread2" daemon [_thread_blocked, id=33876, stack(0x000000b07c000000,0x000000b07c100000)]
  0x0000021b6f866800 JavaThread "Daemon health stats" [_thread_blocked, id=1064, stack(0x000000b07c500000,0x000000b07c600000)]
  0x0000021b6f323000 JavaThread "Incoming local TCP Connector on port 7750" [_thread_in_native, id=17176, stack(0x000000b07c800000,0x000000b07c900000)]
  0x0000021b6f2fc800 JavaThread "Daemon periodic checks" [_thread_blocked, id=20256, stack(0x000000b07c900000,0x000000b07ca00000)]
  0x0000021b6fc44000 JavaThread "Daemon" [_thread_blocked, id=11628, stack(0x000000b07ca00000,0x000000b07cb00000)]
  0x0000021b6fa8a800 JavaThread "Handler for socket connection from /127.0.0.1:7750 to /127.0.0.1:7751" [_thread_in_native, id=36720, stack(0x000000b07cb00000,0x000000b07cc00000)]
  0x0000021b6f089800 JavaThread "Cancel handler" [_thread_blocked, id=4704, stack(0x000000b07cc00000,0x000000b07cd00000)]
  0x0000021b6fba9800 JavaThread "Daemon worker" [_thread_in_native, id=31884, stack(0x000000b07cd00000,0x000000b07ce00000)]
  0x0000021b70083800 JavaThread "Asynchronous log dispatcher for DefaultDaemonConnection: socket connection from /127.0.0.1:7750 to /127.0.0.1:7751" [_thread_blocked, id=36448, stack(0x000000b07ce00000,0x000000b07cf00000)]
  0x0000021b70089800 JavaThread "Stdin handler" [_thread_blocked, id=32968, stack(0x000000b07cf00000,0x000000b07d000000)]
  0x0000021b6f85c000 JavaThread "Thread-8" [_thread_blocked, id=34628, stack(0x000000b07d000000,0x000000b07d100000)]
  0x0000021b6f85d000 JavaThread "Cache worker for journal cache (C:\Users\vaidi\.gradle\caches\journal-1)" [_thread_blocked, id=35708, stack(0x000000b07d100000,0x000000b07d200000)]
  0x0000021b6f85a800 JavaThread "File lock request listener" [_thread_in_native, id=21860, stack(0x000000b07d200000,0x000000b07d300000)]
  0x0000021b6f859800 JavaThread "Cache worker for file hash cache (C:\Users\vaidi\.gradle\caches\6.5\fileHashes)" [_thread_blocked, id=33324, stack(0x000000b07d300000,0x000000b07d400000)]
  0x0000021b6f85d800 JavaThread "Cache worker for file hash cache (C:\Coding\Android\Drawer\GDSC_Catalogue_App\Catalogue_App\.gradle\6.5\fileHashes)" [_thread_blocked, id=8060, stack(0x000000b07de00000,0x000000b07df00000)]
  0x0000021b6f85e800 JavaThread "jar transforms" [_thread_blocked, id=35248, stack(0x000000b07df00000,0x000000b07e000000)]
  0x0000021b6f85f800 JavaThread "jar transforms Thread 2" [_thread_blocked, id=28252, stack(0x000000b07e000000,0x000000b07e100000)]
  0x0000021b6f860000 JavaThread "jar transforms Thread 3" [_thread_blocked, id=10340, stack(0x000000b07e100000,0x000000b07e200000)]
  0x0000021b6f85b000 JavaThread "jar transforms Thread 4" [_thread_blocked, id=36728, stack(0x000000b07e200000,0x000000b07e300000)]
  0x0000021b70581800 JavaThread "jar transforms Thread 5" [_thread_blocked, id=33728, stack(0x000000b07e300000,0x000000b07e400000)]
  0x0000021b70580800 JavaThread "jar transforms Thread 6" [_thread_blocked, id=23684, stack(0x000000b07e400000,0x000000b07e500000)]
  0x0000021b70582000 JavaThread "jar transforms Thread 7" [_thread_blocked, id=12712, stack(0x000000b07e500000,0x000000b07e600000)]
  0x0000021b70584000 JavaThread "jar transforms Thread 8" [_thread_blocked, id=8064, stack(0x000000b07e600000,0x000000b07e700000)]
  0x0000021b70585800 JavaThread "jar transforms Thread 9" [_thread_blocked, id=36388, stack(0x000000b07e700000,0x000000b07e800000)]
  0x0000021b70584800 JavaThread "jar transforms Thread 10" [_thread_blocked, id=30712, stack(0x000000b07e800000,0x000000b07e900000)]
  0x0000021b70580000 JavaThread "jar transforms Thread 11" [_thread_blocked, id=16724, stack(0x000000b07e900000,0x000000b07ea00000)]
  0x0000021b70588000 JavaThread "jar transforms Thread 12" [_thread_blocked, id=16220, stack(0x000000b07ea00000,0x000000b07eb00000)]
  0x0000021b70586800 JavaThread "jar transforms Thread 13" [_thread_blocked, id=23888, stack(0x000000b07eb00000,0x000000b07ec00000)]
  0x0000021b70587000 JavaThread "jar transforms Thread 14" [_thread_blocked, id=17032, stack(0x000000b07ec00000,0x000000b07ed00000)]
  0x0000021b70588800 JavaThread "jar transforms Thread 15" [_thread_blocked, id=37796, stack(0x000000b07ed00000,0x000000b07ee00000)]
  0x0000021b70583000 JavaThread "jar transforms Thread 16" [_thread_blocked, id=33628, stack(0x000000b07ee00000,0x000000b07ef00000)]
  0x0000021b7058b000 JavaThread "jar transforms Thread 17" [_thread_blocked, id=23644, stack(0x000000b07ef00000,0x000000b07f000000)]
  0x0000021b7058a800 JavaThread "jar transforms Thread 18" [_thread_blocked, id=8904, stack(0x000000b07f000000,0x000000b07f100000)]
  0x0000021b7058e800 JavaThread "jar transforms Thread 19" [_thread_blocked, id=35092, stack(0x000000b07f100000,0x000000b07f200000)]
  0x0000021b70589800 JavaThread "jar transforms Thread 20" [_thread_blocked, id=33292, stack(0x000000b07f200000,0x000000b07f300000)]
  0x0000021b7058c000 JavaThread "jar transforms Thread 21" [_thread_blocked, id=35544, stack(0x000000b07f300000,0x000000b07f400000)]
  0x0000021b7058d000 JavaThread "jar transforms Thread 22" [_thread_blocked, id=37824, stack(0x000000b07f400000,0x000000b07f500000)]
  0x0000021b7058d800 JavaThread "jar transforms Thread 23" [_thread_blocked, id=36400, stack(0x000000b07f500000,0x000000b07f600000)]
  0x0000021b72279800 JavaThread "Cache worker for checksums cache (C:\Coding\Android\Drawer\GDSC_Catalogue_App\Catalogue_App\.gradle\checksums)" [_thread_blocked, id=29248, stack(0x000000b07f600000,0x000000b07f700000)]
  0x0000021b72278800 JavaThread "Cache worker for cache directory md-supplier (C:\Users\vaidi\.gradle\caches\6.5\md-supplier)" [_thread_blocked, id=35984, stack(0x000000b07f700000,0x000000b07f800000)]
  0x0000021b7227c800 JavaThread "Cache worker for cache directory md-rule (C:\Users\vaidi\.gradle\caches\6.5\md-rule)" [_thread_blocked, id=35712, stack(0x000000b07f800000,0x000000b07f900000)]
  0x0000021b7227a000 JavaThread "Cache worker for execution history cache (C:\Users\vaidi\.gradle\caches\6.5\executionHistory)" [_thread_blocked, id=36144, stack(0x000000b07f900000,0x000000b07fa00000)]
  0x0000021b7227b000 JavaThread "Cache worker for file content cache (C:\Users\vaidi\.gradle\caches\6.5\fileContent)" [_thread_blocked, id=37300, stack(0x000000b07fa00000,0x000000b07fb00000)]
  0x0000021b72280800 JavaThread "Cache worker for Build Output Cleanup Cache (C:\Coding\Android\Drawer\GDSC_Catalogue_App\Catalogue_App\.gradle\buildOutputCleanup)" [_thread_blocked, id=3352, stack(0x000000b07fb00000,0x000000b07fc00000)]
  0x0000021b7227e800 JavaThread "Build operations" [_thread_blocked, id=32984, stack(0x000000b07fc00000,0x000000b07fd00000)]
  0x0000021b72281800 JavaThread "Build operations Thread 2" [_thread_blocked, id=36048, stack(0x000000b07fd00000,0x000000b07fe00000)]
  0x0000021b7227c000 JavaThread "Build operations Thread 3" [_thread_blocked, id=34636, stack(0x000000b07fe00000,0x000000b07ff00000)]
  0x0000021b72283000 JavaThread "Build operations Thread 4" [_thread_blocked, id=2816, stack(0x000000b07ff00000,0x000000b080000000)]
  0x0000021b72282800 JavaThread "Build operations Thread 5" [_thread_blocked, id=19996, stack(0x000000b000000000,0x000000b000100000)]
  0x0000021b7227f000 JavaThread "Build operations Thread 6" [_thread_blocked, id=29668, stack(0x000000b000100000,0x000000b000200000)]
  0x0000021b72285000 JavaThread "Build operations Thread 7" [_thread_blocked, id=19716, stack(0x000000b000200000,0x000000b000300000)]
  0x0000021b72284000 JavaThread "Build operations Thread 8" [_thread_blocked, id=36312, stack(0x000000b000300000,0x000000b000400000)]
  0x0000021b72285800 JavaThread "Build operations Thread 9" [_thread_blocked, id=21608, stack(0x000000b000400000,0x000000b000500000)]
  0x0000021b72280000 JavaThread "Build operations Thread 10" [_thread_blocked, id=36656, stack(0x000000b000500000,0x000000b000600000)]
  0x0000021b72207000 JavaThread "Build operations Thread 11" [_thread_blocked, id=29972, stack(0x000000b000600000,0x000000b000700000)]
  0x0000021b7220a800 JavaThread "Build operations Thread 12" [_thread_blocked, id=32920, stack(0x000000b000700000,0x000000b000800000)]
  0x0000021b72208800 JavaThread "Build operations Thread 13" [_thread_blocked, id=26336, stack(0x000000b000800000,0x000000b000900000)]
  0x0000021b72209800 JavaThread "Build operations Thread 14" [_thread_blocked, id=34016, stack(0x000000b000900000,0x000000b000a00000)]
  0x0000021b7220b000 JavaThread "Build operations Thread 15" [_thread_blocked, id=37820, stack(0x000000b000a00000,0x000000b000b00000)]
  0x0000021b7220c000 JavaThread "Build operations Thread 16" [_thread_blocked, id=25520, stack(0x000000b000b00000,0x000000b000c00000)]
  0x0000021b72208000 JavaThread "jar transforms Thread 24" [_thread_blocked, id=37668, stack(0x000000b000c00000,0x000000b000d00000)]
  0x0000021b72206000 JavaThread "jar transforms Thread 25" [_thread_blocked, id=18132, stack(0x000000b000d00000,0x000000b000e00000)]
  0x0000021b72210000 JavaThread "jar transforms Thread 26" [_thread_blocked, id=33104, stack(0x000000b000e00000,0x000000b000f00000)]
  0x0000021b7220f000 JavaThread "jar transforms Thread 27" [_thread_blocked, id=6988, stack(0x000000b000f00000,0x000000b001000000)]
  0x0000021b72211000 JavaThread "jar transforms Thread 28" [_thread_blocked, id=25100, stack(0x000000b001000000,0x000000b001100000)]
  0x0000021b72211800 JavaThread "jar transforms Thread 29" [_thread_blocked, id=19640, stack(0x000000b001100000,0x000000b001200000)]
  0x0000021b72212800 JavaThread "jar transforms Thread 30" [_thread_blocked, id=1408, stack(0x000000b001200000,0x000000b001300000)]
  0x0000021b7220e800 JavaThread "jar transforms Thread 31" [_thread_blocked, id=35008, stack(0x000000b001300000,0x000000b001400000)]
  0x0000021b7220d000 JavaThread "jar transforms Thread 32" [_thread_blocked, id=5240, stack(0x000000b001400000,0x000000b001500000)]
  0x0000021b72213800 JavaThread "jar transforms Thread 33" [_thread_blocked, id=34460, stack(0x000000b001500000,0x000000b001600000)]
  0x0000021b7220d800 JavaThread "jar transforms Thread 34" [_thread_blocked, id=9388, stack(0x000000b001600000,0x000000b001700000)]
  0x0000021b72215000 JavaThread "jar transforms Thread 35" [_thread_blocked, id=15772, stack(0x000000b001700000,0x000000b001800000)]
  0x0000021b72214000 JavaThread "jar transforms Thread 36" [_thread_blocked, id=33596, stack(0x000000b001800000,0x000000b001900000)]
  0x0000021b7280d000 JavaThread "jar transforms Thread 37" [_thread_blocked, id=37548, stack(0x000000b001900000,0x000000b001a00000)]
  0x0000021b7280e800 JavaThread "jar transforms Thread 38" [_thread_blocked, id=11760, stack(0x000000b001a00000,0x000000b001b00000)]
  0x0000021b7280a800 JavaThread "jar transforms Thread 39" [_thread_blocked, id=33700, stack(0x000000b001b00000,0x000000b001c00000)]
  0x0000021b7280b000 JavaThread "jar transforms Thread 40" [_thread_blocked, id=19672, stack(0x000000b001c00000,0x000000b001d00000)]
  0x0000021b7280d800 JavaThread "jar transforms Thread 41" [_thread_blocked, id=33332, stack(0x000000b001d00000,0x000000b001e00000)]
  0x0000021b7280c000 JavaThread "jar transforms Thread 42" [_thread_blocked, id=35232, stack(0x000000b001e00000,0x000000b001f00000)]
  0x0000021b7280f800 JavaThread "jar transforms Thread 43" [_thread_blocked, id=37420, stack(0x000000b001f00000,0x000000b002000000)]
  0x0000021b72809800 JavaThread "jar transforms Thread 44" [_thread_blocked, id=33172, stack(0x000000b002000000,0x000000b002100000)]
  0x0000021b72816000 JavaThread "jar transforms Thread 45" [_thread_blocked, id=19152, stack(0x000000b002100000,0x000000b002200000)]
  0x0000021b72811000 JavaThread "jar transforms Thread 46" [_thread_blocked, id=20896, stack(0x000000b002200000,0x000000b002300000)]
  0x0000021b72811800 JavaThread "jar transforms Thread 47" [_thread_blocked, id=36896, stack(0x000000b002300000,0x000000b002400000)]
  0x0000021b72812800 JavaThread "jar transforms Thread 48" [_thread_blocked, id=21700, stack(0x000000b002400000,0x000000b002500000)]
  0x0000021b72813800 JavaThread "jar transforms Thread 49" [_thread_blocked, id=10228, stack(0x000000b002500000,0x000000b002600000)]
  0x0000021b72814000 JavaThread "jar transforms Thread 50" [_thread_blocked, id=28644, stack(0x000000b002600000,0x000000b002700000)]
  0x0000021b72815000 JavaThread "jar transforms Thread 51" [_thread_blocked, id=33992, stack(0x000000b002700000,0x000000b002800000)]
  0x0000021b72810000 JavaThread "jar transforms Thread 52" [_thread_blocked, id=35280, stack(0x000000b002800000,0x000000b002900000)]
  0x0000021b72816800 JavaThread "jar transforms Thread 53" [_thread_blocked, id=33100, stack(0x000000b002900000,0x000000b002a00000)]
  0x0000021b72817800 JavaThread "jar transforms Thread 54" [_thread_blocked, id=9408, stack(0x000000b002a00000,0x000000b002b00000)]
  0x0000021b72818800 JavaThread "jar transforms Thread 55" [_thread_blocked, id=22228, stack(0x000000b002b00000,0x000000b002c00000)]
  0x0000021b6e553000 JavaThread "jar transforms Thread 56" [_thread_blocked, id=35900, stack(0x000000b002c00000,0x000000b002d00000)]
  0x0000021b6e554000 JavaThread "jar transforms Thread 57" [_thread_blocked, id=3392, stack(0x000000b002d00000,0x000000b002e00000)]
  0x0000021b6e555000 JavaThread "jar transforms Thread 58" [_thread_blocked, id=35020, stack(0x000000b002e00000,0x000000b002f00000)]
  0x0000021b6e550800 JavaThread "jar transforms Thread 59" [_thread_blocked, id=29688, stack(0x000000b002f00000,0x000000b003000000)]
  0x0000021b6e556800 JavaThread "jar transforms Thread 60" [_thread_blocked, id=36968, stack(0x000000b003000000,0x000000b003100000)]
  0x0000021b6e555800 JavaThread "jar transforms Thread 61" [_thread_blocked, id=23548, stack(0x000000b003100000,0x000000b003200000)]
  0x0000021b6e557000 JavaThread "jar transforms Thread 62" [_thread_blocked, id=34340, stack(0x000000b003200000,0x000000b003300000)]
  0x0000021b6e552800 JavaThread "jar transforms Thread 63" [_thread_blocked, id=8412, stack(0x000000b003300000,0x000000b003400000)]
  0x0000021b6e551800 JavaThread "jar transforms Thread 64" [_thread_blocked, id=23564, stack(0x000000b003400000,0x000000b003500000)]
  0x0000021b6e55d000 JavaThread "jar transforms Thread 65" [_thread_blocked, id=26716, stack(0x000000b003500000,0x000000b003600000)]
  0x0000021b6e55b800 JavaThread "jar transforms Thread 66" [_thread_blocked, id=31436, stack(0x000000b003600000,0x000000b003700000)]
  0x0000021b6e55a800 JavaThread "jar transforms Thread 67" [_thread_blocked, id=27912, stack(0x000000b003700000,0x000000b003800000)]
  0x0000021b6e55c000 JavaThread "jar transforms Thread 68" [_thread_blocked, id=9072, stack(0x000000b003800000,0x000000b003900000)]
  0x0000021b6e55e000 JavaThread "jar transforms Thread 69" [_thread_blocked, id=35944, stack(0x000000b003900000,0x000000b003a00000)]
  0x0000021b6e558000 JavaThread "jar transforms Thread 70" [_thread_blocked, id=36604, stack(0x000000b003a00000,0x000000b003b00000)]
  0x0000021b6e559800 JavaThread "jar transforms Thread 71" [_thread_blocked, id=8496, stack(0x000000b003b00000,0x000000b003c00000)]
  0x0000021b6e559000 JavaThread "jar transforms Thread 72" [_thread_blocked, id=11540, stack(0x000000b003c00000,0x000000b003d00000)]
  0x0000021b6e55e800 JavaThread "jar transforms Thread 73" [_thread_blocked, id=33408, stack(0x000000b003d00000,0x000000b003e00000)]
  0x0000021b6e55f800 JavaThread "jar transforms Thread 74" [_thread_blocked, id=33916, stack(0x000000b003e00000,0x000000b003f00000)]
  0x0000021b6ecf7000 JavaThread "jar transforms Thread 75" [_thread_blocked, id=16252, stack(0x000000b003f00000,0x000000b004000000)]
  0x0000021b6ecf6800 JavaThread "jar transforms Thread 76" [_thread_blocked, id=24364, stack(0x000000b004000000,0x000000b004100000)]
  0x0000021b6ecf9800 JavaThread "jar transforms Thread 77" [_thread_blocked, id=35588, stack(0x000000b004100000,0x000000b004200000)]
  0x0000021b6ecf8000 JavaThread "jar transforms Thread 78" [_thread_blocked, id=27920, stack(0x000000b004200000,0x000000b004300000)]
  0x0000021b6ecfa800 JavaThread "jar transforms Thread 79" [_thread_blocked, id=30224, stack(0x000000b004300000,0x000000b004400000)]
  0x0000021b6ecfb800 JavaThread "jar transforms Thread 80" [_thread_blocked, id=35200, stack(0x000000b004400000,0x000000b004500000)]
  0x0000021b6ecf5800 JavaThread "jar transforms Thread 81" [_thread_blocked, id=35844, stack(0x000000b004500000,0x000000b004600000)]
  0x0000021b6ecfc000 JavaThread "jar transforms Thread 82" [_thread_blocked, id=33924, stack(0x000000b004600000,0x000000b004700000)]
  0x0000021b6ecfd000 JavaThread "jar transforms Thread 83" [_thread_blocked, id=31792, stack(0x000000b004700000,0x000000b004800000)]
  0x0000021b6ecfe800 JavaThread "jar transforms Thread 84" [_thread_blocked, id=36708, stack(0x000000b004800000,0x000000b004900000)]
  0x0000021b6ecfe000 JavaThread "jar transforms Thread 85" [_thread_blocked, id=37264, stack(0x000000b004900000,0x000000b004a00000)]
  0x0000021b6ecf9000 JavaThread "jar transforms Thread 86" [_thread_blocked, id=37764, stack(0x000000b004a00000,0x000000b004b00000)]
  0x0000021b6ed00000 JavaThread "jar transforms Thread 87" [_thread_blocked, id=10696, stack(0x000000b004b00000,0x000000b004c00000)]
  0x0000021b6ed03800 JavaThread "jar transforms Thread 88" [_thread_blocked, id=31424, stack(0x000000b004c00000,0x000000b004d00000)]
  0x0000021b6ed04800 JavaThread "jar transforms Thread 89" [_thread_blocked, id=35936, stack(0x000000b004d00000,0x000000b004e00000)]
  0x0000021b6ed01000 JavaThread "jar transforms Thread 90" [_thread_blocked, id=37320, stack(0x000000b004e00000,0x000000b004f00000)]
  0x0000021b6ed02000 JavaThread "jar transforms Thread 91" [_thread_blocked, id=37380, stack(0x000000b004f00000,0x000000b005000000)]
  0x0000021b6ecff800 JavaThread "jar transforms Thread 92" [_thread_blocked, id=31440, stack(0x000000b005000000,0x000000b005100000)]

Other Threads:
  0x0000021b6d7a9800 VMThread "VM Thread" [stack: 0x000000b07b400000,0x000000b07b500000] [id=18220]
  0x0000021b6e2a1800 WatcherThread [stack: 0x000000b07bf00000,0x000000b07c000000] [id=35540]
  0x0000021b52775800 GCTaskThread "GC Thread#0" [stack: 0x000000b07af00000,0x000000b07b000000] [id=25132]
  0x0000021b6ebec000 GCTaskThread "GC Thread#1" [stack: 0x000000b07c100000,0x000000b07c200000] [id=33488]
  0x0000021b6ebed000 GCTaskThread "GC Thread#2" [stack: 0x000000b07c200000,0x000000b07c300000] [id=37252]
  0x0000021b6eeb8800 GCTaskThread "GC Thread#3" [stack: 0x000000b07c300000,0x000000b07c400000] [id=35464]
  0x0000021b6ef34800 GCTaskThread "GC Thread#4" [stack: 0x000000b07c400000,0x000000b07c500000] [id=33108]
  0x0000021b6ef33800 GCTaskThread "GC Thread#5" [stack: 0x000000b07d400000,0x000000b07d500000] [id=16812]
  0x0000021b6ef35000 GCTaskThread "GC Thread#6" [stack: 0x000000b07d500000,0x000000b07d600000] [id=8896]
  0x0000021b6ef33000 GCTaskThread "GC Thread#7" [stack: 0x000000b07d600000,0x000000b07d700000] [id=35216]
  0x0000021b6ef2e800 GCTaskThread "GC Thread#8" [stack: 0x000000b07d700000,0x000000b07d800000] [id=36984]
  0x0000021b6ef36000 GCTaskThread "GC Thread#9" [stack: 0x000000b07d800000,0x000000b07d900000] [id=22932]
  0x0000021b6ef2f800 GCTaskThread "GC Thread#10" [stack: 0x000000b07d900000,0x000000b07da00000] [id=29624]
  0x0000021b6ef30000 GCTaskThread "GC Thread#11" [stack: 0x000000b07da00000,0x000000b07db00000] [id=35788]
  0x0000021b6ef31800 GCTaskThread "GC Thread#12" [stack: 0x000000b07db00000,0x000000b07dc00000] [id=35124]
  0x0000021b527a9000 ConcurrentGCThread "G1 Main Marker" [stack: 0x000000b07b000000,0x000000b07b100000] [id=34548]
  0x0000021b527ab000 ConcurrentGCThread "G1 Conc#0" [stack: 0x000000b07b100000,0x000000b07b200000] [id=37748]
  0x0000021b6ef30800 ConcurrentGCThread "G1 Conc#1" [stack: 0x000000b07dc00000,0x000000b07dd00000] [id=17120]
  0x0000021b6ef32000 ConcurrentGCThread "G1 Conc#2" [stack: 0x000000b07dd00000,0x000000b07de00000] [id=37440]
  0x0000021b6d629800 ConcurrentGCThread "G1 Refine#0" [stack: 0x000000b07b200000,0x000000b07b300000] [id=17952]
  0x0000021b6d62b000 ConcurrentGCThread "G1 Young RemSet Sampling" [stack: 0x000000b07b300000,0x000000b07b400000] [id=36868]

Threads with active compile tasks:
C2 CompilerThread0   8999 5810       4       groovy.lang.MetaClassImpl::addMetaMethodToIndex (65 bytes)

VM state:not at safepoint (normal execution)

VM Mutex/Monitor currently owned by a thread: None

Heap address: 0x0000000080000000, size: 2048 MB, Compressed Oops mode: 32-bit
Narrow klass base: 0x0000000000000000, Narrow klass shift: 3
Compressed class space size: 1073741824 Address: 0x0000000100000000

Heap:
 garbage-first heap   total 227328K, used 128683K [0x0000000080000000, 0x0000000100000000)
  region size 1024K, 98 young (100352K), 12 survivors (12288K)
 Metaspace       used 50344K, capacity 51833K, committed 51920K, reserved 1095680K
  class space    used 6288K, capacity 6743K, committed 6784K, reserved 1048576K
Heap Regions: E=young(eden), S=young(survivor), O=old, HS=humongous(starts), HC=humongous(continues), CS=collection set, F=free, A=archive, TAMS=top-at-mark-start (previous, next)
|   0|0x0000000080000000, 0x0000000080100000, 0x0000000080100000|100%| O|  |TAMS 0x0000000080100000, 0x0000000080000000| Untracked 
|   1|0x0000000080100000, 0x0000000080200000, 0x0000000080200000|100%| O|  |TAMS 0x0000000080200000, 0x0000000080100000| Untracked 
|   2|0x0000000080200000, 0x0000000080300000, 0x0000000080300000|100%| O|  |TAMS 0x0000000080300000, 0x0000000080200000| Untracked 
|   3|0x0000000080300000, 0x0000000080400000, 0x0000000080400000|100%|HS|  |TAMS 0x0000000080400000, 0x0000000080300000| Complete 
|   4|0x0000000080400000, 0x0000000080500000, 0x0000000080500000|100%|HC|  |TAMS 0x0000000080500000, 0x0000000080400000| Complete 
|   5|0x0000000080500000, 0x0000000080600000, 0x0000000080600000|100%|HC|  |TAMS 0x0000000080600000, 0x0000000080500000| Complete 
|   6|0x0000000080600000, 0x0000000080700000, 0x0000000080700000|100%| O|  |TAMS 0x0000000080700000, 0x0000000080600000| Untracked 
|   7|0x0000000080700000, 0x0000000080800000, 0x0000000080800000|100%| O|  |TAMS 0x0000000080800000, 0x0000000080700000| Untracked 
|   8|0x0000000080800000, 0x0000000080900000, 0x0000000080900000|100%| O|  |TAMS 0x0000000080900000, 0x0000000080800000| Untracked 
|   9|0x0000000080900000, 0x0000000080a00000, 0x0000000080a00000|100%| O|  |TAMS 0x0000000080a00000, 0x0000000080900000| Untracked 
|  10|0x0000000080a00000, 0x0000000080b00000, 0x0000000080b00000|100%| O|  |TAMS 0x0000000080b00000, 0x0000000080a00000| Untracked 
|  11|0x0000000080b00000, 0x0000000080c00000, 0x0000000080c00000|100%| O|  |TAMS 0x0000000080c00000, 0x0000000080b00000| Untracked 
|  12|0x0000000080c00000, 0x0000000080d00000, 0x0000000080d00000|100%| O|  |TAMS 0x0000000080d00000, 0x0000000080c00000| Untracked 
|  13|0x0000000080d00000, 0x0000000080e00000, 0x0000000080e00000|100%| O|  |TAMS 0x0000000080e00000, 0x0000000080d00000| Untracked 
|  14|0x0000000080e00000, 0x0000000080f00000, 0x0000000080f00000|100%| O|  |TAMS 0x0000000080f00000, 0x0000000080e00000| Untracked 
|  15|0x0000000080f00000, 0x0000000081000000, 0x0000000081000000|100%| O|  |TAMS 0x0000000080f24c00, 0x0000000080f00000| Untracked 
|  16|0x0000000081000000, 0x0000000081100000, 0x0000000081100000|100%|HS|  |TAMS 0x0000000081100000, 0x0000000081000000| Complete 
|  17|0x0000000081100000, 0x0000000081200000, 0x0000000081200000|100%|HC|  |TAMS 0x0000000081200000, 0x0000000081100000| Complete 
|  18|0x0000000081200000, 0x0000000081300000, 0x0000000081300000|100%|HS|  |TAMS 0x0000000081300000, 0x0000000081200000| Complete 
|  19|0x0000000081300000, 0x0000000081400000, 0x0000000081400000|100%|HC|  |TAMS 0x0000000081400000, 0x0000000081300000| Complete 
|  20|0x0000000081400000, 0x0000000081500000, 0x0000000081500000|100%|HC|  |TAMS 0x0000000081500000, 0x0000000081400000| Complete 
|  21|0x0000000081500000, 0x0000000081600000, 0x0000000081600000|100%|HS|  |TAMS 0x0000000081600000, 0x0000000081500000| Complete 
|  22|0x0000000081600000, 0x0000000081700000, 0x0000000081700000|100%|HS|  |TAMS 0x0000000081700000, 0x0000000081600000| Complete 
|  23|0x0000000081700000, 0x0000000081800000, 0x0000000081800000|100%|HC|  |TAMS 0x0000000081800000, 0x0000000081700000| Complete 
|  24|0x0000000081800000, 0x0000000081900000, 0x0000000081900000|100%|HC|  |TAMS 0x0000000081900000, 0x0000000081800000| Complete 
|  25|0x0000000081900000, 0x0000000081a00000, 0x0000000081a00000|100%|HC|  |TAMS 0x0000000081a00000, 0x0000000081900000| Complete 
|  26|0x0000000081a00000, 0x0000000081b00000, 0x0000000081b00000|100%|HS|  |TAMS 0x0000000081a00000, 0x0000000081a00000| Complete 
|  27|0x0000000081b00000, 0x0000000081c00000, 0x0000000081c00000|100%|HS|  |TAMS 0x0000000081b00000, 0x0000000081b00000| Complete 
|  28|0x0000000081c00000, 0x0000000081d00000, 0x0000000081d00000|100%|HC|  |TAMS 0x0000000081c00000, 0x0000000081c00000| Complete 
|  29|0x0000000081d00000, 0x0000000081dc1400, 0x0000000081e00000| 75%| O|  |TAMS 0x0000000081d00000, 0x0000000081d00000| Untracked 
|  30|0x0000000081e00000, 0x0000000081e00000, 0x0000000081f00000|  0%| F|  |TAMS 0x0000000081e00000, 0x0000000081e00000| Untracked 
|  31|0x0000000081f00000, 0x0000000081f00000, 0x0000000082000000|  0%| F|  |TAMS 0x0000000081f00000, 0x0000000081f00000| Untracked 
|  32|0x0000000082000000, 0x0000000082000000, 0x0000000082100000|  0%| F|  |TAMS 0x0000000082000000, 0x0000000082000000| Untracked 
|  33|0x0000000082100000, 0x0000000082100000, 0x0000000082200000|  0%| F|  |TAMS 0x0000000082100000, 0x0000000082100000| Untracked 
|  34|0x0000000082200000, 0x0000000082200000, 0x0000000082300000|  0%| F|  |TAMS 0x0000000082200000, 0x0000000082200000| Untracked 
|  35|0x0000000082300000, 0x0000000082300000, 0x0000000082400000|  0%| F|  |TAMS 0x0000000082300000, 0x0000000082300000| Untracked 
|  36|0x0000000082400000, 0x0000000082400000, 0x0000000082500000|  0%| F|  |TAMS 0x0000000082400000, 0x0000000082400000| Untracked 
|  37|0x0000000082500000, 0x0000000082500000, 0x0000000082600000|  0%| F|  |TAMS 0x0000000082500000, 0x0000000082500000| Untracked 
|  38|0x0000000082600000, 0x0000000082600000, 0x0000000082700000|  0%| F|  |TAMS 0x0000000082600000, 0x0000000082600000| Untracked 
|  39|0x0000000082700000, 0x0000000082700000, 0x0000000082800000|  0%| F|  |TAMS 0x0000000082700000, 0x0000000082700000| Untracked 
|  40|0x0000000082800000, 0x0000000082800000, 0x0000000082900000|  0%| F|  |TAMS 0x0000000082800000, 0x0000000082800000| Untracked 
|  41|0x0000000082900000, 0x0000000082900000, 0x0000000082a00000|  0%| F|  |TAMS 0x0000000082900000, 0x0000000082900000| Untracked 
|  42|0x0000000082a00000, 0x0000000082a00000, 0x0000000082b00000|  0%| F|  |TAMS 0x0000000082a00000, 0x0000000082a00000| Untracked 
|  43|0x0000000082b00000, 0x0000000082b00000, 0x0000000082c00000|  0%| F|  |TAMS 0x0000000082b00000, 0x0000000082b00000| Untracked 
|  44|0x0000000082c00000, 0x0000000082c00000, 0x0000000082d00000|  0%| F|  |TAMS 0x0000000082c00000, 0x0000000082c00000| Untracked 
|  45|0x0000000082d00000, 0x0000000082d00000, 0x0000000082e00000|  0%| F|  |TAMS 0x0000000082d00000, 0x0000000082d00000| Untracked 
|  46|0x0000000082e00000, 0x0000000082e00000, 0x0000000082f00000|  0%| F|  |TAMS 0x0000000082e00000, 0x0000000082e00000| Untracked 
|  47|0x0000000082f00000, 0x0000000082f00000, 0x0000000083000000|  0%| F|  |TAMS 0x0000000082f00000, 0x0000000082f00000| Untracked 
|  48|0x0000000083000000, 0x0000000083000000, 0x0000000083100000|  0%| F|  |TAMS 0x0000000083000000, 0x0000000083000000| Untracked 
|  49|0x0000000083100000, 0x0000000083100000, 0x0000000083200000|  0%| F|  |TAMS 0x0000000083100000, 0x0000000083100000| Untracked 
|  50|0x0000000083200000, 0x0000000083200000, 0x0000000083300000|  0%| F|  |TAMS 0x0000000083200000, 0x0000000083200000| Untracked 
|  51|0x0000000083300000, 0x0000000083300000, 0x0000000083400000|  0%| F|  |TAMS 0x0000000083300000, 0x0000000083300000| Untracked 
|  52|0x0000000083400000, 0x0000000083400000, 0x0000000083500000|  0%| F|  |TAMS 0x0000000083400000, 0x0000000083400000| Untracked 
|  53|0x0000000083500000, 0x0000000083500000, 0x0000000083600000|  0%| F|  |TAMS 0x0000000083500000, 0x0000000083500000| Untracked 
|  54|0x0000000083600000, 0x0000000083600000, 0x0000000083700000|  0%| F|  |TAMS 0x0000000083600000, 0x0000000083600000| Untracked 
|  55|0x0000000083700000, 0x0000000083700000, 0x0000000083800000|  0%| F|  |TAMS 0x0000000083700000, 0x0000000083700000| Untracked 
|  56|0x0000000083800000, 0x0000000083800000, 0x0000000083900000|  0%| F|  |TAMS 0x0000000083800000, 0x0000000083800000| Untracked 
|  57|0x0000000083900000, 0x0000000083900000, 0x0000000083a00000|  0%| F|  |TAMS 0x0000000083900000, 0x0000000083900000| Untracked 
|  58|0x0000000083a00000, 0x0000000083a00000, 0x0000000083b00000|  0%| F|  |TAMS 0x0000000083a00000, 0x0000000083a00000| Untracked 
|  59|0x0000000083b00000, 0x0000000083b00000, 0x0000000083c00000|  0%| F|  |TAMS 0x0000000083b00000, 0x0000000083b00000| Untracked 
|  60|0x0000000083c00000, 0x0000000083c00000, 0x0000000083d00000|  0%| F|  |TAMS 0x0000000083c00000, 0x0000000083c00000| Untracked 
|  61|0x0000000083d00000, 0x0000000083d00000, 0x0000000083e00000|  0%| F|  |TAMS 0x0000000083d00000, 0x0000000083d00000| Untracked 
|  62|0x0000000083e00000, 0x0000000083e00000, 0x0000000083f00000|  0%| F|  |TAMS 0x0000000083e00000, 0x0000000083e00000| Untracked 
|  63|0x0000000083f00000, 0x0000000083f00000, 0x0000000084000000|  0%| F|  |TAMS 0x0000000083f00000, 0x0000000083f00000| Untracked 
|  64|0x0000000084000000, 0x0000000084000000, 0x0000000084100000|  0%| F|  |TAMS 0x0000000084000000, 0x0000000084000000| Untracked 
|  65|0x0000000084100000, 0x0000000084100000, 0x0000000084200000|  0%| F|  |TAMS 0x0000000084100000, 0x0000000084100000| Untracked 
|  66|0x0000000084200000, 0x0000000084200000, 0x0000000084300000|  0%| F|  |TAMS 0x0000000084200000, 0x0000000084200000| Untracked 
|  67|0x0000000084300000, 0x0000000084300000, 0x0000000084400000|  0%| F|  |TAMS 0x0000000084300000, 0x0000000084300000| Untracked 
|  68|0x0000000084400000, 0x0000000084400000, 0x0000000084500000|  0%| F|  |TAMS 0x0000000084400000, 0x0000000084400000| Untracked 
|  69|0x0000000084500000, 0x0000000084500000, 0x0000000084600000|  0%| F|  |TAMS 0x0000000084500000, 0x0000000084500000| Untracked 
|  70|0x0000000084600000, 0x0000000084600000, 0x0000000084700000|  0%| F|  |TAMS 0x0000000084600000, 0x0000000084600000| Untracked 
|  71|0x0000000084700000, 0x0000000084700000, 0x0000000084800000|  0%| F|  |TAMS 0x0000000084700000, 0x0000000084700000| Untracked 
|  72|0x0000000084800000, 0x0000000084800000, 0x0000000084900000|  0%| F|  |TAMS 0x0000000084800000, 0x0000000084800000| Untracked 
|  73|0x0000000084900000, 0x0000000084900000, 0x0000000084a00000|  0%| F|  |TAMS 0x0000000084900000, 0x0000000084900000| Untracked 
|  74|0x0000000084a00000, 0x0000000084a00000, 0x0000000084b00000|  0%| F|  |TAMS 0x0000000084a00000, 0x0000000084a00000| Untracked 
|  75|0x0000000084b00000, 0x0000000084b00000, 0x0000000084c00000|  0%| F|  |TAMS 0x0000000084b00000, 0x0000000084b00000| Untracked 
|  76|0x0000000084c00000, 0x0000000084c00000, 0x0000000084d00000|  0%| F|  |TAMS 0x0000000084c00000, 0x0000000084c00000| Untracked 
|  77|0x0000000084d00000, 0x0000000084d00000, 0x0000000084e00000|  0%| F|  |TAMS 0x0000000084d00000, 0x0000000084d00000| Untracked 
|  78|0x0000000084e00000, 0x0000000084e00000, 0x0000000084f00000|  0%| F|  |TAMS 0x0000000084e00000, 0x0000000084e00000| Untracked 
|  79|0x0000000084f00000, 0x0000000084f00000, 0x0000000085000000|  0%| F|  |TAMS 0x0000000084f00000, 0x0000000084f00000| Untracked 
|  80|0x0000000085000000, 0x0000000085000000, 0x0000000085100000|  0%| F|  |TAMS 0x0000000085000000, 0x0000000085000000| Untracked 
|  81|0x0000000085100000, 0x0000000085100000, 0x0000000085200000|  0%| F|  |TAMS 0x0000000085100000, 0x0000000085100000| Untracked 
|  82|0x0000000085200000, 0x0000000085200000, 0x0000000085300000|  0%| F|  |TAMS 0x0000000085200000, 0x0000000085200000| Untracked 
|  83|0x0000000085300000, 0x0000000085300000, 0x0000000085400000|  0%| F|  |TAMS 0x0000000085300000, 0x0000000085300000| Untracked 
|  84|0x0000000085400000, 0x0000000085400000, 0x0000000085500000|  0%| F|  |TAMS 0x0000000085400000, 0x0000000085400000| Untracked 
|  85|0x0000000085500000, 0x0000000085500000, 0x0000000085600000|  0%| F|  |TAMS 0x0000000085500000, 0x0000000085500000| Untracked 
|  86|0x0000000085600000, 0x0000000085600000, 0x0000000085700000|  0%| F|  |TAMS 0x0000000085600000, 0x0000000085600000| Untracked 
|  87|0x0000000085700000, 0x0000000085700000, 0x0000000085800000|  0%| F|  |TAMS 0x0000000085700000, 0x0000000085700000| Untracked 
|  88|0x0000000085800000, 0x0000000085800000, 0x0000000085900000|  0%| F|  |TAMS 0x0000000085800000, 0x0000000085800000| Untracked 
|  89|0x0000000085900000, 0x0000000085900000, 0x0000000085a00000|  0%| F|  |TAMS 0x0000000085900000, 0x0000000085900000| Untracked 
|  90|0x0000000085a00000, 0x0000000085a00000, 0x0000000085b00000|  0%| F|  |TAMS 0x0000000085a00000, 0x0000000085a00000| Untracked 
|  91|0x0000000085b00000, 0x0000000085b00000, 0x0000000085c00000|  0%| F|  |TAMS 0x0000000085b00000, 0x0000000085b00000| Untracked 
|  92|0x0000000085c00000, 0x0000000085c00000, 0x0000000085d00000|  0%| F|  |TAMS 0x0000000085c00000, 0x0000000085c00000| Untracked 
|  93|0x0000000085d00000, 0x0000000085d00000, 0x0000000085e00000|  0%| F|  |TAMS 0x0000000085d00000, 0x0000000085d00000| Untracked 
|  94|0x0000000085e00000, 0x0000000085e00000, 0x0000000085f00000|  0%| F|  |TAMS 0x0000000085e00000, 0x0000000085e00000| Untracked 
|  95|0x0000000085f00000, 0x0000000085f00000, 0x0000000086000000|  0%| F|  |TAMS 0x0000000085f00000, 0x0000000085f00000| Untracked 
|  96|0x0000000086000000, 0x0000000086000000, 0x0000000086100000|  0%| F|  |TAMS 0x0000000086000000, 0x0000000086000000| Untracked 
|  97|0x0000000086100000, 0x0000000086100000, 0x0000000086200000|  0%| F|  |TAMS 0x0000000086100000, 0x0000000086100000| Untracked 
|  98|0x0000000086200000, 0x0000000086200000, 0x0000000086300000|  0%| F|  |TAMS 0x0000000086200000, 0x0000000086200000| Untracked 
|  99|0x0000000086300000, 0x0000000086300000, 0x0000000086400000|  0%| F|  |TAMS 0x0000000086300000, 0x0000000086300000| Untracked 
| 100|0x0000000086400000, 0x0000000086400000, 0x0000000086500000|  0%| F|  |TAMS 0x0000000086400000, 0x0000000086400000| Untracked 
| 101|0x0000000086500000, 0x0000000086500000, 0x0000000086600000|  0%| F|  |TAMS 0x0000000086500000, 0x0000000086500000| Untracked 
| 102|0x0000000086600000, 0x0000000086600000, 0x0000000086700000|  0%| F|  |TAMS 0x0000000086600000, 0x0000000086600000| Untracked 
| 103|0x0000000086700000, 0x0000000086700000, 0x0000000086800000|  0%| F|  |TAMS 0x0000000086700000, 0x0000000086700000| Untracked 
| 104|0x0000000086800000, 0x0000000086800000, 0x0000000086900000|  0%| F|  |TAMS 0x0000000086800000, 0x0000000086800000| Untracked 
| 105|0x0000000086900000, 0x0000000086900000, 0x0000000086a00000|  0%| F|  |TAMS 0x0000000086900000, 0x0000000086900000| Untracked 
| 106|0x0000000086a00000, 0x0000000086a00000, 0x0000000086b00000|  0%| F|  |TAMS 0x0000000086a00000, 0x0000000086a00000| Untracked 
| 107|0x0000000086b00000, 0x0000000086b00000, 0x0000000086c00000|  0%| F|  |TAMS 0x0000000086b00000, 0x0000000086b00000| Untracked 
| 108|0x0000000086c00000, 0x0000000086ce9990, 0x0000000086d00000| 91%| S|CS|TAMS 0x0000000086c00000, 0x0000000086c00000| Complete 
| 109|0x0000000086d00000, 0x0000000086e00000, 0x0000000086e00000|100%| S|CS|TAMS 0x0000000086d00000, 0x0000000086d00000| Complete 
| 110|0x0000000086e00000, 0x0000000086f00000, 0x0000000086f00000|100%| S|CS|TAMS 0x0000000086e00000, 0x0000000086e00000| Complete 
| 111|0x0000000086f00000, 0x0000000087000000, 0x0000000087000000|100%| S|CS|TAMS 0x0000000086f00000, 0x0000000086f00000| Complete 
| 112|0x0000000087000000, 0x0000000087100000, 0x0000000087100000|100%| S|CS|TAMS 0x0000000087000000, 0x0000000087000000| Complete 
| 113|0x0000000087100000, 0x0000000087200000, 0x0000000087200000|100%| S|CS|TAMS 0x0000000087100000, 0x0000000087100000| Complete 
| 114|0x0000000087200000, 0x0000000087300000, 0x0000000087300000|100%| S|CS|TAMS 0x0000000087200000, 0x0000000087200000| Complete 
| 115|0x0000000087300000, 0x0000000087400000, 0x0000000087400000|100%| S|CS|TAMS 0x0000000087300000, 0x0000000087300000| Complete 
| 116|0x0000000087400000, 0x0000000087500000, 0x0000000087500000|100%| S|CS|TAMS 0x0000000087400000, 0x0000000087400000| Complete 
| 117|0x0000000087500000, 0x0000000087600000, 0x0000000087600000|100%| S|CS|TAMS 0x0000000087500000, 0x0000000087500000| Complete 
| 118|0x0000000087600000, 0x0000000087700000, 0x0000000087700000|100%| S|CS|TAMS 0x0000000087600000, 0x0000000087600000| Complete 
| 119|0x0000000087700000, 0x0000000087800000, 0x0000000087800000|100%| S|CS|TAMS 0x0000000087700000, 0x0000000087700000| Complete 
| 120|0x0000000087800000, 0x0000000087800000, 0x0000000087900000|  0%| F|  |TAMS 0x0000000087800000, 0x0000000087800000| Untracked 
| 121|0x0000000087900000, 0x0000000087900000, 0x0000000087a00000|  0%| F|  |TAMS 0x0000000087900000, 0x0000000087900000| Untracked 
| 122|0x0000000087a00000, 0x0000000087a00000, 0x0000000087b00000|  0%| F|  |TAMS 0x0000000087a00000, 0x0000000087a00000| Untracked 
| 123|0x0000000087b00000, 0x0000000087b00000, 0x0000000087c00000|  0%| F|  |TAMS 0x0000000087b00000, 0x0000000087b00000| Untracked 
| 124|0x0000000087c00000, 0x0000000087c00000, 0x0000000087d00000|  0%| F|  |TAMS 0x0000000087c00000, 0x0000000087c00000| Untracked 
| 125|0x0000000087d00000, 0x0000000087d00000, 0x0000000087e00000|  0%| F|  |TAMS 0x0000000087d00000, 0x0000000087d00000| Untracked 
| 126|0x0000000087e00000, 0x0000000087e00000, 0x0000000087f00000|  0%| F|  |TAMS 0x0000000087e00000, 0x0000000087e00000| Untracked 
| 127|0x0000000087f00000, 0x0000000087f00000, 0x0000000088000000|  0%| F|  |TAMS 0x0000000087f00000, 0x0000000087f00000| Untracked 
| 128|0x0000000088000000, 0x0000000088000000, 0x0000000088100000|  0%| F|  |TAMS 0x0000000088000000, 0x0000000088000000| Untracked 
| 129|0x0000000088100000, 0x0000000088100000, 0x0000000088200000|  0%| F|  |TAMS 0x0000000088100000, 0x0000000088100000| Untracked 
| 130|0x0000000088200000, 0x0000000088200000, 0x0000000088300000|  0%| F|  |TAMS 0x0000000088200000, 0x0000000088200000| Untracked 
| 131|0x0000000088300000, 0x0000000088300000, 0x0000000088400000|  0%| F|  |TAMS 0x0000000088300000, 0x0000000088300000| Untracked 
| 132|0x0000000088400000, 0x0000000088400000, 0x0000000088500000|  0%| F|  |TAMS 0x0000000088400000, 0x0000000088400000| Untracked 
| 133|0x0000000088500000, 0x0000000088500000, 0x0000000088600000|  0%| F|  |TAMS 0x0000000088500000, 0x0000000088500000| Untracked 
| 134|0x0000000088600000, 0x0000000088600000, 0x0000000088700000|  0%| F|  |TAMS 0x0000000088600000, 0x0000000088600000| Untracked 
| 135|0x0000000088700000, 0x0000000088700000, 0x0000000088800000|  0%| F|  |TAMS 0x0000000088700000, 0x0000000088700000| Untracked 
| 136|0x0000000088800000, 0x0000000088900000, 0x0000000088900000|100%| E|  |TAMS 0x0000000088800000, 0x0000000088800000| Complete 
| 137|0x0000000088900000, 0x0000000088a00000, 0x0000000088a00000|100%| E|CS|TAMS 0x0000000088900000, 0x0000000088900000| Complete 
| 138|0x0000000088a00000, 0x0000000088b00000, 0x0000000088b00000|100%| E|CS|TAMS 0x0000000088a00000, 0x0000000088a00000| Complete 
| 139|0x0000000088b00000, 0x0000000088c00000, 0x0000000088c00000|100%| E|CS|TAMS 0x0000000088b00000, 0x0000000088b00000| Complete 
| 140|0x0000000088c00000, 0x0000000088d00000, 0x0000000088d00000|100%| E|  |TAMS 0x0000000088c00000, 0x0000000088c00000| Complete 
| 141|0x0000000088d00000, 0x0000000088e00000, 0x0000000088e00000|100%| E|CS|TAMS 0x0000000088d00000, 0x0000000088d00000| Complete 
| 142|0x0000000088e00000, 0x0000000088f00000, 0x0000000088f00000|100%| E|CS|TAMS 0x0000000088e00000, 0x0000000088e00000| Complete 
| 143|0x0000000088f00000, 0x0000000089000000, 0x0000000089000000|100%| E|CS|TAMS 0x0000000088f00000, 0x0000000088f00000| Complete 
| 144|0x0000000089000000, 0x0000000089100000, 0x0000000089100000|100%| E|CS|TAMS 0x0000000089000000, 0x0000000089000000| Complete 
| 145|0x0000000089100000, 0x0000000089200000, 0x0000000089200000|100%| E|CS|TAMS 0x0000000089100000, 0x0000000089100000| Complete 
| 146|0x0000000089200000, 0x0000000089300000, 0x0000000089300000|100%| E|CS|TAMS 0x0000000089200000, 0x0000000089200000| Complete 
| 147|0x0000000089300000, 0x0000000089400000, 0x0000000089400000|100%| E|CS|TAMS 0x0000000089300000, 0x0000000089300000| Complete 
| 148|0x0000000089400000, 0x0000000089500000, 0x0000000089500000|100%| E|CS|TAMS 0x0000000089400000, 0x0000000089400000| Complete 
| 149|0x0000000089500000, 0x0000000089600000, 0x0000000089600000|100%| E|CS|TAMS 0x0000000089500000, 0x0000000089500000| Complete 
| 150|0x0000000089600000, 0x0000000089700000, 0x0000000089700000|100%| E|CS|TAMS 0x0000000089600000, 0x0000000089600000| Complete 
| 151|0x0000000089700000, 0x0000000089800000, 0x0000000089800000|100%| E|CS|TAMS 0x0000000089700000, 0x0000000089700000| Complete 
| 152|0x0000000089800000, 0x0000000089900000, 0x0000000089900000|100%| E|CS|TAMS 0x0000000089800000, 0x0000000089800000| Complete 
| 153|0x0000000089900000, 0x0000000089a00000, 0x0000000089a00000|100%| E|CS|TAMS 0x0000000089900000, 0x0000000089900000| Complete 
| 154|0x0000000089a00000, 0x0000000089b00000, 0x0000000089b00000|100%| E|CS|TAMS 0x0000000089a00000, 0x0000000089a00000| Complete 
| 155|0x0000000089b00000, 0x0000000089c00000, 0x0000000089c00000|100%| E|CS|TAMS 0x0000000089b00000, 0x0000000089b00000| Complete 
| 156|0x0000000089c00000, 0x0000000089d00000, 0x0000000089d00000|100%| E|CS|TAMS 0x0000000089c00000, 0x0000000089c00000| Complete 
| 157|0x0000000089d00000, 0x0000000089e00000, 0x0000000089e00000|100%| E|CS|TAMS 0x0000000089d00000, 0x0000000089d00000| Complete 
| 158|0x0000000089e00000, 0x0000000089f00000, 0x0000000089f00000|100%| E|CS|TAMS 0x0000000089e00000, 0x0000000089e00000| Complete 
| 159|0x0000000089f00000, 0x000000008a000000, 0x000000008a000000|100%| E|CS|TAMS 0x0000000089f00000, 0x0000000089f00000| Complete 
| 160|0x000000008a000000, 0x000000008a100000, 0x000000008a100000|100%| E|CS|TAMS 0x000000008a000000, 0x000000008a000000| Complete 
| 161|0x000000008a100000, 0x000000008a200000, 0x000000008a200000|100%| E|CS|TAMS 0x000000008a100000, 0x000000008a100000| Complete 
| 162|0x000000008a200000, 0x000000008a300000, 0x000000008a300000|100%| E|CS|TAMS 0x000000008a200000, 0x000000008a200000| Complete 
| 163|0x000000008a300000, 0x000000008a400000, 0x000000008a400000|100%| E|CS|TAMS 0x000000008a300000, 0x000000008a300000| Complete 
| 164|0x000000008a400000, 0x000000008a500000, 0x000000008a500000|100%| E|CS|TAMS 0x000000008a400000, 0x000000008a400000| Complete 
| 165|0x000000008a500000, 0x000000008a600000, 0x000000008a600000|100%| E|CS|TAMS 0x000000008a500000, 0x000000008a500000| Complete 
| 166|0x000000008a600000, 0x000000008a700000, 0x000000008a700000|100%| E|CS|TAMS 0x000000008a600000, 0x000000008a600000| Complete 
| 167|0x000000008a700000, 0x000000008a800000, 0x000000008a800000|100%| E|CS|TAMS 0x000000008a700000, 0x000000008a700000| Complete 
| 168|0x000000008a800000, 0x000000008a900000, 0x000000008a900000|100%| E|CS|TAMS 0x000000008a800000, 0x000000008a800000| Complete 
| 169|0x000000008a900000, 0x000000008aa00000, 0x000000008aa00000|100%| E|CS|TAMS 0x000000008a900000, 0x000000008a900000| Complete 
| 170|0x000000008aa00000, 0x000000008ab00000, 0x000000008ab00000|100%| E|CS|TAMS 0x000000008aa00000, 0x000000008aa00000| Complete 
| 171|0x000000008ab00000, 0x000000008ac00000, 0x000000008ac00000|100%| E|CS|TAMS 0x000000008ab00000, 0x000000008ab00000| Complete 
| 172|0x000000008ac00000, 0x000000008ad00000, 0x000000008ad00000|100%| E|CS|TAMS 0x000000008ac00000, 0x000000008ac00000| Complete 
| 173|0x000000008ad00000, 0x000000008ae00000, 0x000000008ae00000|100%| E|CS|TAMS 0x000000008ad00000, 0x000000008ad00000| Complete 
| 174|0x000000008ae00000, 0x000000008af00000, 0x000000008af00000|100%| E|CS|TAMS 0x000000008ae00000, 0x000000008ae00000| Complete 
| 175|0x000000008af00000, 0x000000008b000000, 0x000000008b000000|100%| E|CS|TAMS 0x000000008af00000, 0x000000008af00000| Complete 
| 176|0x000000008b000000, 0x000000008b100000, 0x000000008b100000|100%| E|CS|TAMS 0x000000008b000000, 0x000000008b000000| Complete 
| 177|0x000000008b100000, 0x000000008b200000, 0x000000008b200000|100%| E|CS|TAMS 0x000000008b100000, 0x000000008b100000| Complete 
| 178|0x000000008b200000, 0x000000008b300000, 0x000000008b300000|100%| E|CS|TAMS 0x000000008b200000, 0x000000008b200000| Complete 
| 179|0x000000008b300000, 0x000000008b400000, 0x000000008b400000|100%| E|CS|TAMS 0x000000008b300000, 0x000000008b300000| Complete 
| 180|0x000000008b400000, 0x000000008b500000, 0x000000008b500000|100%| E|CS|TAMS 0x000000008b400000, 0x000000008b400000| Complete 
| 181|0x000000008b500000, 0x000000008b600000, 0x000000008b600000|100%| E|CS|TAMS 0x000000008b500000, 0x000000008b500000| Complete 
| 182|0x000000008b600000, 0x000000008b700000, 0x000000008b700000|100%| E|CS|TAMS 0x000000008b600000, 0x000000008b600000| Complete 
| 183|0x000000008b700000, 0x000000008b800000, 0x000000008b800000|100%| E|CS|TAMS 0x000000008b700000, 0x000000008b700000| Complete 
| 184|0x000000008b800000, 0x000000008b900000, 0x000000008b900000|100%| E|CS|TAMS 0x000000008b800000, 0x000000008b800000| Complete 
| 185|0x000000008b900000, 0x000000008ba00000, 0x000000008ba00000|100%| E|CS|TAMS 0x000000008b900000, 0x000000008b900000| Complete 
| 186|0x000000008ba00000, 0x000000008bb00000, 0x000000008bb00000|100%| E|CS|TAMS 0x000000008ba00000, 0x000000008ba00000| Complete 
| 187|0x000000008bb00000, 0x000000008bc00000, 0x000000008bc00000|100%| E|CS|TAMS 0x000000008bb00000, 0x000000008bb00000| Complete 
| 188|0x000000008bc00000, 0x000000008bd00000, 0x000000008bd00000|100%| E|CS|TAMS 0x000000008bc00000, 0x000000008bc00000| Complete 
| 189|0x000000008bd00000, 0x000000008be00000, 0x000000008be00000|100%| E|CS|TAMS 0x000000008bd00000, 0x000000008bd00000| Complete 
| 190|0x000000008be00000, 0x000000008bf00000, 0x000000008bf00000|100%| E|CS|TAMS 0x000000008be00000, 0x000000008be00000| Complete 
| 191|0x000000008bf00000, 0x000000008c000000, 0x000000008c000000|100%| E|CS|TAMS 0x000000008bf00000, 0x000000008bf00000| Complete 
| 192|0x000000008c000000, 0x000000008c100000, 0x000000008c100000|100%| E|CS|TAMS 0x000000008c000000, 0x000000008c000000| Complete 
| 193|0x000000008c100000, 0x000000008c200000, 0x000000008c200000|100%| E|CS|TAMS 0x000000008c100000, 0x000000008c100000| Complete 
| 194|0x000000008c200000, 0x000000008c300000, 0x000000008c300000|100%| E|CS|TAMS 0x000000008c200000, 0x000000008c200000| Complete 
| 195|0x000000008c300000, 0x000000008c400000, 0x000000008c400000|100%| E|CS|TAMS 0x000000008c300000, 0x000000008c300000| Complete 
| 196|0x000000008c400000, 0x000000008c500000, 0x000000008c500000|100%| E|CS|TAMS 0x000000008c400000, 0x000000008c400000| Complete 
| 197|0x000000008c500000, 0x000000008c600000, 0x000000008c600000|100%| E|CS|TAMS 0x000000008c500000, 0x000000008c500000| Complete 
| 198|0x000000008c600000, 0x000000008c700000, 0x000000008c700000|100%| E|CS|TAMS 0x000000008c600000, 0x000000008c600000| Complete 
| 199|0x000000008c700000, 0x000000008c800000, 0x000000008c800000|100%| E|CS|TAMS 0x000000008c700000, 0x000000008c700000| Complete 
| 200|0x000000008c800000, 0x000000008c900000, 0x000000008c900000|100%| E|CS|TAMS 0x000000008c800000, 0x000000008c800000| Complete 
| 201|0x000000008c900000, 0x000000008ca00000, 0x000000008ca00000|100%| E|CS|TAMS 0x000000008c900000, 0x000000008c900000| Complete 
| 202|0x000000008ca00000, 0x000000008cb00000, 0x000000008cb00000|100%| E|CS|TAMS 0x000000008ca00000, 0x000000008ca00000| Complete 
| 203|0x000000008cb00000, 0x000000008cc00000, 0x000000008cc00000|100%| E|CS|TAMS 0x000000008cb00000, 0x000000008cb00000| Complete 
| 204|0x000000008cc00000, 0x000000008cd00000, 0x000000008cd00000|100%| E|CS|TAMS 0x000000008cc00000, 0x000000008cc00000| Complete 
| 205|0x000000008cd00000, 0x000000008ce00000, 0x000000008ce00000|100%| E|CS|TAMS 0x000000008cd00000, 0x000000008cd00000| Complete 
| 206|0x000000008ce00000, 0x000000008cf00000, 0x000000008cf00000|100%| E|CS|TAMS 0x000000008ce00000, 0x000000008ce00000| Complete 
| 207|0x000000008cf00000, 0x000000008d000000, 0x000000008d000000|100%| E|CS|TAMS 0x000000008cf00000, 0x000000008cf00000| Complete 
| 208|0x000000008d000000, 0x000000008d100000, 0x000000008d100000|100%| E|CS|TAMS 0x000000008d000000, 0x000000008d000000| Complete 
| 209|0x000000008d100000, 0x000000008d200000, 0x000000008d200000|100%| E|CS|TAMS 0x000000008d100000, 0x000000008d100000| Complete 
| 210|0x000000008d200000, 0x000000008d300000, 0x000000008d300000|100%| E|CS|TAMS 0x000000008d200000, 0x000000008d200000| Complete 
| 211|0x000000008d300000, 0x000000008d400000, 0x000000008d400000|100%| E|CS|TAMS 0x000000008d300000, 0x000000008d300000| Complete 
| 212|0x000000008d400000, 0x000000008d500000, 0x000000008d500000|100%| E|CS|TAMS 0x000000008d400000, 0x000000008d400000| Complete 
| 213|0x000000008d500000, 0x000000008d600000, 0x000000008d600000|100%| E|CS|TAMS 0x000000008d500000, 0x000000008d500000| Complete 
| 214|0x000000008d600000, 0x000000008d700000, 0x000000008d700000|100%| E|CS|TAMS 0x000000008d600000, 0x000000008d600000| Complete 
| 215|0x000000008d700000, 0x000000008d800000, 0x000000008d800000|100%| E|CS|TAMS 0x000000008d700000, 0x000000008d700000| Complete 
| 216|0x000000008d800000, 0x000000008d900000, 0x000000008d900000|100%| E|CS|TAMS 0x000000008d800000, 0x000000008d800000| Complete 
| 217|0x000000008d900000, 0x000000008da00000, 0x000000008da00000|100%| E|CS|TAMS 0x000000008d900000, 0x000000008d900000| Complete 
| 218|0x000000008da00000, 0x000000008db00000, 0x000000008db00000|100%| E|CS|TAMS 0x000000008da00000, 0x000000008da00000| Complete 
| 219|0x000000008db00000, 0x000000008dc00000, 0x000000008dc00000|100%| E|CS|TAMS 0x000000008db00000, 0x000000008db00000| Complete 
| 220|0x000000008dc00000, 0x000000008dd00000, 0x000000008dd00000|100%| E|CS|TAMS 0x000000008dc00000, 0x000000008dc00000| Complete 
| 221|0x000000008dd00000, 0x000000008de00000, 0x000000008de00000|100%| E|CS|TAMS 0x000000008dd00000, 0x000000008dd00000| Complete 

Card table byte_map: [0x0000021b65f10000,0x0000021b66310000] _byte_map_base: 0x0000021b65b10000

Marking Bits (Prev, Next): (CMBitMap*) 0x0000021b5279f308, (CMBitMap*) 0x0000021b5279f340
 Prev Bits: [0x0000021b66710000, 0x0000021b68710000)
 Next Bits: [0x0000021b68710000, 0x0000021b6a710000)

Polling page: 0x0000021b50780000

Metaspace:

Usage:
  Non-class:     44.03 MB capacity,    43.03 MB ( 98%) used,   915.01 KB (  2%) free+waste,   115.69 KB ( <1%) overhead. 
      Class:      6.58 MB capacity,     6.14 MB ( 93%) used,   399.43 KB (  6%) free+waste,    55.38 KB ( <1%) overhead. 
       Both:     50.62 MB capacity,    49.17 MB ( 97%) used,     1.28 MB (  3%) free+waste,   171.06 KB ( <1%) overhead. 

Virtual space:
  Non-class space:       46.00 MB reserved,      44.08 MB ( 96%) committed 
      Class space:        1.00 GB reserved,       6.63 MB ( <1%) committed 
             Both:        1.04 GB reserved,      50.70 MB (  5%) committed 

Chunk freelists:
   Non-Class:  46.00 KB
       Class:  9.00 KB
        Both:  55.00 KB

MaxMetaspaceSize: 17179869184.00 GB
CompressedClassSpaceSize: 1.00 GB
Initial GC threshold: 20.80 MB
Current GC threshold: 58.88 MB
CDS: off

CodeHeap 'non-profiled nmethods': size=119168Kb used=2661Kb max_used=2661Kb free=116506Kb
 bounds [0x0000021b5de10000, 0x0000021b5e0b0000, 0x0000021b65270000]
CodeHeap 'profiled nmethods': size=119168Kb used=13532Kb max_used=13532Kb free=105635Kb
 bounds [0x0000021b569b0000, 0x0000021b576f0000, 0x0000021b5de10000]
CodeHeap 'non-nmethods': size=7424Kb used=3427Kb max_used=3462Kb free=3996Kb
 bounds [0x0000021b56270000, 0x0000021b565e0000, 0x0000021b569b0000]
 total_blobs=6596 nmethods=5799 adapters=707
 compilation: enabled
              stopped_count=0, restarted_count=0
 full_count=0

Compilation events (20 events):
Event: 8.936 Thread 0x0000021b6e046000 nmethod 5779 0x0000021b5e0a7990 code [0x0000021b5e0a7b80, 0x0000021b5e0a80d0]
Event: 8.936 Thread 0x0000021b6e046000 5781       4       java.beans.MethodRef::get (91 bytes)
Event: 8.937 Thread 0x0000021b6d77e000 5809       3       org.codehaus.groovy.runtime.metaclass.MetaMethodIndex$Header::<init> (26 bytes)
Event: 8.937 Thread 0x0000021b6e046000 nmethod 5781 0x0000021b5e0a8490 code [0x0000021b5e0a8640, 0x0000021b5e0a8798]
Event: 8.937 Thread 0x0000021b6e046000 5808   !   4       java.util.jar.JarFile$JarFileEntry::getCodeSigners (81 bytes)
Event: 8.937 Thread 0x0000021b6d77e000 nmethod 5809 0x0000021b576d8a90 code [0x0000021b576d8c60, 0x0000021b576d8f48]
Event: 8.943 Thread 0x0000021b6e046000 nmethod 5808 0x0000021b5e0a8910 code [0x0000021b5e0a8ae0, 0x0000021b5e0a8f98]
Event: 8.943 Thread 0x0000021b6e046000 5810       4       groovy.lang.MetaClassImpl::addMetaMethodToIndex (65 bytes)
Event: 8.948 Thread 0x0000021b6ecd4800 5814       3       sun.nio.fs.WindowsFileSystemProvider::getFileAttributeView (132 bytes)
Event: 8.949 Thread 0x0000021b6ecd4800 nmethod 5814 0x0000021b576d9090 code [0x0000021b576d93c0, 0x0000021b576da5e8]
Event: 8.952 Thread 0x0000021b6d77e000 5815   !   3       sun.nio.fs.WindowsFileAttributes::get (214 bytes)
Event: 8.953 Thread 0x0000021b6d77e000 nmethod 5815 0x0000021b576dab90 code [0x0000021b576db0a0, 0x0000021b576dd198]
Event: 8.956 Thread 0x0000021b6e04d800 5816       3       sun.nio.fs.WindowsFileAttributeViews$Basic::readAttributes (5 bytes)
Event: 8.956 Thread 0x0000021b6ecd4800 5817   !   3       sun.nio.fs.WindowsFileAttributeViews$Basic::readAttributes (30 bytes)
Event: 8.956 Thread 0x0000021b6e04d800 nmethod 5816 0x0000021b576de410 code [0x0000021b576de5c0, 0x0000021b576de768]
Event: 8.957 Thread 0x0000021b6ecd4800 nmethod 5817 0x0000021b576de810 code [0x0000021b576dea20, 0x0000021b576def48]
Event: 8.958 Thread 0x0000021b6d77e000 5818       3       java.io.RandomAccessFile::<init> (263 bytes)
Event: 8.959 Thread 0x0000021b6d77e000 nmethod 5818 0x0000021b576df110 code [0x0000021b576df4e0, 0x0000021b576e0cc8]
Event: 8.962 Thread 0x0000021b6e04d800 5819   !   3       java.util.jar.JarFile::getBytes (137 bytes)
Event: 8.962 Thread 0x0000021b6e04d800 nmethod 5819 0x0000021b576e1510 code [0x0000021b576e1820, 0x0000021b576e28c8]

GC Heap History (10 events):
Event: 0.494 GC heap before
{Heap before GC invocations=0 (full 0):
 garbage-first heap   total 227328K, used 29696K [0x0000000080000000, 0x0000000100000000)
  region size 1024K, 24 young (24576K), 0 survivors (0K)
 Metaspace       used 10708K, capacity 10942K, committed 11264K, reserved 1058816K
  class space    used 1127K, capacity 1201K, committed 1280K, reserved 1048576K
}
Event: 0.497 GC heap after
{Heap after GC invocations=1 (full 0):
 garbage-first heap   total 227328K, used 8384K [0x0000000080000000, 0x0000000100000000)
  region size 1024K, 3 young (3072K), 3 survivors (3072K)
 Metaspace       used 10708K, capacity 10942K, committed 11264K, reserved 1058816K
  class space    used 1127K, capacity 1201K, committed 1280K, reserved 1048576K
}
Event: 2.116 GC heap before
{Heap before GC invocations=1 (full 0):
 garbage-first heap   total 227328K, used 89280K [0x0000000080000000, 0x0000000100000000)
  region size 1024K, 83 young (84992K), 3 survivors (3072K)
 Metaspace       used 20631K, capacity 21077K, committed 21296K, reserved 1069056K
  class space    used 2414K, capacity 2579K, committed 2688K, reserved 1048576K
}
Event: 2.123 GC heap after
{Heap after GC invocations=2 (full 0):
 garbage-first heap   total 227328K, used 15900K [0x0000000080000000, 0x0000000100000000)
  region size 1024K, 11 young (11264K), 11 survivors (11264K)
 Metaspace       used 20631K, capacity 21077K, committed 21296K, reserved 1069056K
  class space    used 2414K, capacity 2579K, committed 2688K, reserved 1048576K
}
Event: 2.631 GC heap before
{Heap before GC invocations=3 (full 0):
 garbage-first heap   total 227328K, used 53788K [0x0000000080000000, 0x0000000100000000)
  region size 1024K, 48 young (49152K), 11 survivors (11264K)
 Metaspace       used 25160K, capacity 25721K, committed 25904K, reserved 1071104K
  class space    used 3158K, capacity 3368K, committed 3456K, reserved 1048576K
}
Event: 2.635 GC heap after
{Heap after GC invocations=4 (full 0):
 garbage-first heap   total 227328K, used 17540K [0x0000000080000000, 0x0000000100000000)
  region size 1024K, 2 young (2048K), 2 survivors (2048K)
 Metaspace       used 25160K, capacity 25721K, committed 25904K, reserved 1071104K
  class space    used 3158K, capacity 3368K, committed 3456K, reserved 1048576K
}
Event: 4.174 GC heap before
{Heap before GC invocations=4 (full 0):
 garbage-first heap   total 227328K, used 95364K [0x0000000080000000, 0x0000000100000000)
  region size 1024K, 69 young (70656K), 2 survivors (2048K)
 Metaspace       used 35003K, capacity 35819K, committed 35920K, reserved 1081344K
  class space    used 4471K, capacity 4797K, committed 4864K, reserved 1048576K
}
Event: 4.179 GC heap after
{Heap after GC invocations=5 (full 0):
 garbage-first heap   total 227328K, used 33171K [0x0000000080000000, 0x0000000100000000)
  region size 1024K, 8 young (8192K), 8 survivors (8192K)
 Metaspace       used 35003K, capacity 35819K, committed 35920K, reserved 1081344K
  class space    used 4471K, capacity 4797K, committed 4864K, reserved 1048576K
}
Event: 5.623 GC heap before
{Heap before GC invocations=6 (full 0):
 garbage-first heap   total 227328K, used 131475K [0x0000000080000000, 0x0000000100000000)
  region size 1024K, 102 young (104448K), 8 survivors (8192K)
 Metaspace       used 45595K, capacity 46664K, committed 46800K, reserved 1089536K
  class space    used 5586K, capacity 5945K, committed 6016K, reserved 1048576K
}
Event: 5.632 GC heap after
{Heap after GC invocations=7 (full 0):
 garbage-first heap   total 227328K, used 39595K [0x0000000080000000, 0x0000000100000000)
  region size 1024K, 12 young (12288K), 12 survivors (12288K)
 Metaspace       used 45595K, capacity 46664K, committed 46800K, reserved 1089536K
  class space    used 5586K, capacity 5945K, committed 6016K, reserved 1048576K
}

Deoptimization events (20 events):
Event: 7.578 Thread 0x0000021b72283000 DEOPT PACKING pc=0x0000021b5deea5e0 sp=0x000000b07fffe3f0
Event: 7.578 Thread 0x0000021b7227c000 DEOPT UNPACKING pc=0x0000021b562ba1af sp=0x000000b07fefe640 mode 2
Event: 7.578 Thread 0x0000021b72281800 DEOPT UNPACKING pc=0x0000021b562ba1af sp=0x000000b07fdfe7a0 mode 2
Event: 7.578 Thread 0x0000021b72283000 DEOPT UNPACKING pc=0x0000021b562ba1af sp=0x000000b07fffe2b0 mode 2
Event: 7.578 Thread 0x0000021b72281800 Uncommon trap: trap_request=0xffffff4d fr.pc=0x0000021b5dec65b0 relative=0x0000000000000150
Event: 7.578 Thread 0x0000021b72281800 Uncommon trap: reason=unstable_if action=reinterpret pc=0x0000021b5dec65b0 method=java.util.concurrent.ConcurrentHashMap.addCount(JI)V @ 7 c2
Event: 7.578 Thread 0x0000021b72281800 DEOPT PACKING pc=0x0000021b5dec65b0 sp=0x000000b07fdfe880
Event: 7.578 Thread 0x0000021b72281800 DEOPT UNPACKING pc=0x0000021b562ba1af sp=0x000000b07fdfe7e0 mode 2
Event: 7.586 Thread 0x0000021b72281800 Uncommon trap: trap_request=0xffffff4d fr.pc=0x0000021b5e07f7dc relative=0x000000000000027c
Event: 7.586 Thread 0x0000021b72281800 Uncommon trap: reason=unstable_if action=reinterpret pc=0x0000021b5e07f7dc method=com.esotericsoftware.kryo.io.Output.writeString(Ljava/lang/CharSequence;)V @ 1 c2
Event: 7.586 Thread 0x0000021b72281800 DEOPT PACKING pc=0x0000021b5e07f7dc sp=0x000000b07fdfd7c0
Event: 7.586 Thread 0x0000021b72281800 DEOPT UNPACKING pc=0x0000021b562ba1af sp=0x000000b07fdfd758 mode 2
Event: 8.872 Thread 0x0000021b6fba9800 DEOPT PACKING pc=0x0000021b5750d3f1 sp=0x000000b07cdfa540
Event: 8.872 Thread 0x0000021b6fba9800 DEOPT UNPACKING pc=0x0000021b562ba95e sp=0x000000b07cdf9a38 mode 0
Event: 8.874 Thread 0x0000021b6fba9800 DEOPT PACKING pc=0x0000021b5750d3f1 sp=0x000000b07cdfa540
Event: 8.874 Thread 0x0000021b6fba9800 DEOPT UNPACKING pc=0x0000021b562ba95e sp=0x000000b07cdf9a38 mode 0
Event: 8.925 Thread 0x0000021b6fba9800 Uncommon trap: trap_request=0xffffffc6 fr.pc=0x0000021b5df76190 relative=0x00000000000039f0
Event: 8.925 Thread 0x0000021b6fba9800 Uncommon trap: reason=bimorphic_or_optimized_type_check action=maybe_recompile pc=0x0000021b5df76190 method=java.util.AbstractCollection.addAll(Ljava/util/Collection;)Z @ 29 c2
Event: 8.925 Thread 0x0000021b6fba9800 DEOPT PACKING pc=0x0000021b5df76190 sp=0x000000b07cdf9ec0
Event: 8.925 Thread 0x0000021b6fba9800 DEOPT UNPACKING pc=0x0000021b562ba1af sp=0x000000b07cdf9ec0 mode 2

Classes redefined (0 events):
No events

Internal exceptions (20 events):
Event: 8.947 Thread 0x0000021b6fba9800 Exception <a 'java/security/PrivilegedActionException'{0x0000000088d083a8}> (0x0000000088d083a8) thrown at [./src/hotspot/share/prims/jvm.cpp, line 1306]
Event: 8.947 Thread 0x0000021b6fba9800 Exception <a 'java/security/PrivilegedActionException'{0x0000000088d09668}> (0x0000000088d09668) thrown at [./src/hotspot/share/prims/jvm.cpp, line 1306]
Event: 8.947 Thread 0x0000021b6fba9800 Exception <a 'java/security/PrivilegedActionException'{0x0000000088d0c5a8}> (0x0000000088d0c5a8) thrown at [./src/hotspot/share/prims/jvm.cpp, line 1306]
Event: 8.947 Thread 0x0000021b6fba9800 Exception <a 'java/security/PrivilegedActionException'{0x0000000088d0d868}> (0x0000000088d0d868) thrown at [./src/hotspot/share/prims/jvm.cpp, line 1306]
Event: 8.947 Thread 0x0000021b6fba9800 Exception <a 'java/security/PrivilegedActionException'{0x0000000088d107a8}> (0x0000000088d107a8) thrown at [./src/hotspot/share/prims/jvm.cpp, line 1306]
Event: 8.947 Thread 0x0000021b6fba9800 Exception <a 'java/security/PrivilegedActionException'{0x0000000088d11a68}> (0x0000000088d11a68) thrown at [./src/hotspot/share/prims/jvm.cpp, line 1306]
Event: 8.947 Thread 0x0000021b6fba9800 Exception <a 'java/security/PrivilegedActionException'{0x0000000088d14b60}> (0x0000000088d14b60) thrown at [./src/hotspot/share/prims/jvm.cpp, line 1306]
Event: 8.947 Thread 0x0000021b6fba9800 Exception <a 'java/security/PrivilegedActionException'{0x0000000088d15e20}> (0x0000000088d15e20) thrown at [./src/hotspot/share/prims/jvm.cpp, line 1306]
Event: 8.947 Thread 0x0000021b6fba9800 Exception <a 'java/security/PrivilegedActionException'{0x0000000088d18d08}> (0x0000000088d18d08) thrown at [./src/hotspot/share/prims/jvm.cpp, line 1306]
Event: 8.947 Thread 0x0000021b6fba9800 Exception <a 'java/security/PrivilegedActionException'{0x0000000088d19fc8}> (0x0000000088d19fc8) thrown at [./src/hotspot/share/prims/jvm.cpp, line 1306]
Event: 8.947 Thread 0x0000021b6fba9800 Exception <a 'java/security/PrivilegedActionException'{0x0000000088d1cf08}> (0x0000000088d1cf08) thrown at [./src/hotspot/share/prims/jvm.cpp, line 1306]
Event: 8.947 Thread 0x0000021b6fba9800 Exception <a 'java/security/PrivilegedActionException'{0x0000000088d1e1c8}> (0x0000000088d1e1c8) thrown at [./src/hotspot/share/prims/jvm.cpp, line 1306]
Event: 8.947 Thread 0x0000021b6fba9800 Exception <a 'java/security/PrivilegedActionException'{0x0000000088d21110}> (0x0000000088d21110) thrown at [./src/hotspot/share/prims/jvm.cpp, line 1306]
Event: 8.947 Thread 0x0000021b6fba9800 Exception <a 'java/security/PrivilegedActionException'{0x0000000088d223d0}> (0x0000000088d223d0) thrown at [./src/hotspot/share/prims/jvm.cpp, line 1306]
Event: 8.947 Thread 0x0000021b6fba9800 Exception <a 'java/security/PrivilegedActionException'{0x0000000088d25380}> (0x0000000088d25380) thrown at [./src/hotspot/share/prims/jvm.cpp, line 1306]
Event: 8.947 Thread 0x0000021b6fba9800 Exception <a 'java/security/PrivilegedActionException'{0x0000000088d26640}> (0x0000000088d26640) thrown at [./src/hotspot/share/prims/jvm.cpp, line 1306]
Event: 8.947 Thread 0x0000021b6fba9800 Exception <a 'java/security/PrivilegedActionException'{0x0000000088d29508}> (0x0000000088d29508) thrown at [./src/hotspot/share/prims/jvm.cpp, line 1306]
Event: 8.947 Thread 0x0000021b6fba9800 Exception <a 'java/security/PrivilegedActionException'{0x0000000088d2a7c8}> (0x0000000088d2a7c8) thrown at [./src/hotspot/share/prims/jvm.cpp, line 1306]
Event: 8.962 Thread 0x0000021b6fba9800 Exception <a 'java/security/PrivilegedActionException'{0x0000000088dd08e0}> (0x0000000088dd08e0) thrown at [./src/hotspot/share/prims/jvm.cpp, line 1306]
Event: 8.962 Thread 0x0000021b6fba9800 Exception <a 'java/security/PrivilegedActionException'{0x0000000088dd1ba0}> (0x0000000088dd1ba0) thrown at [./src/hotspot/share/prims/jvm.cpp, line 1306]

Events (20 events):
Event: 8.935 loading class org/gradle/api/internal/tasks/TaskDestroyablesInternal
Event: 8.935 loading class org/gradle/api/internal/tasks/TaskDestroyablesInternal done
Event: 8.935 loading class org/gradle/api/internal/tasks/DefaultTaskLocalState
Event: 8.935 loading class org/gradle/api/internal/tasks/DefaultTaskLocalState done
Event: 8.936 loading class org/gradle/api/internal/project/taskfactory/DefaultTaskClassInfoStore$StandardTaskActionFactory
Event: 8.936 loading class org/gradle/api/internal/project/taskfactory/DefaultTaskClassInfoStore$StandardTaskActionFactory done
Event: 8.936 loading class org/gradle/api/internal/project/taskfactory/TaskClassInfo
Event: 8.936 loading class org/gradle/api/internal/project/taskfactory/TaskClassInfo done
Event: 8.936 loading class org/gradle/api/internal/project/taskfactory/StandardTaskAction
Event: 8.936 loading class org/gradle/api/internal/project/taskfactory/StandardTaskAction done
Event: 8.936 loading class org/gradle/api/internal/AbstractTask$TaskActionWrapper
Event: 8.936 loading class org/gradle/api/internal/AbstractTask$TaskActionWrapper done
Event: 8.937 loading class groovy/runtime/metaclass/org/gradle/api/tasks/Delete_DecoratedMetaClass
Event: 8.937 loading class groovy/runtime/metaclass/org/gradle/api/tasks/Delete_DecoratedMetaClass done
Event: 8.938 loading class org/gradle/api/tasks/Delete_DecoratedBeanInfo
Event: 8.938 loading class org/gradle/api/tasks/Delete_DecoratedBeanInfo done
Event: 8.938 loading class org/gradle/api/tasks/Delete_DecoratedBeanInfo
Event: 8.938 loading class org/gradle/api/tasks/Delete_DecoratedBeanInfo done
Event: 8.938 loading class org/gradle/api/tasks/Delete_DecoratedBeanInfo
Event: 8.938 loading class org/gradle/api/tasks/Delete_DecoratedBeanInfo done


Dynamic libraries:
0x00007ff7a3730000 - 0x00007ff7a373a000 	C:\Coding\Android\Android_Studio\jre\bin\java.exe
0x00007ffb0c760000 - 0x00007ffb0c969000 	C:\Windows\SYSTEM32\ntdll.dll
0x00007ffb0ab30000 - 0x00007ffb0abed000 	C:\Windows\System32\KERNEL32.DLL
0x00007ffb0a040000 - 0x00007ffb0a3bd000 	C:\Windows\System32\KERNELBASE.dll
0x00007ffb09de0000 - 0x00007ffb09ef1000 	C:\Windows\System32\ucrtbase.dll
0x00007ffabea20000 - 0x00007ffabea37000 	C:\Coding\Android\Android_Studio\jre\bin\VCRUNTIME140.dll
0x00007ffacb600000 - 0x00007ffacb619000 	C:\Coding\Android\Android_Studio\jre\bin\jli.dll
0x00007ffb0bfb0000 - 0x00007ffb0c15d000 	C:\Windows\System32\USER32.dll
0x00007ffb0a010000 - 0x00007ffb0a036000 	C:\Windows\System32\win32u.dll
0x00007ffaf8120000 - 0x00007ffaf83c5000 	C:\Windows\WinSxS\amd64_microsoft.windows.common-controls_6595b64144ccf1df_6.0.22000.120_none_9d947278b86cc467\COMCTL32.dll
0x00007ffb0a900000 - 0x00007ffb0a929000 	C:\Windows\System32\GDI32.dll
0x00007ffb0bf00000 - 0x00007ffb0bfa3000 	C:\Windows\System32\msvcrt.dll
0x00007ffb09cc0000 - 0x00007ffb09dd8000 	C:\Windows\System32\gdi32full.dll
0x00007ffb09f70000 - 0x00007ffb0a00d000 	C:\Windows\System32\msvcp_win.dll
0x00007ffb0a8a0000 - 0x00007ffb0a8d1000 	C:\Windows\System32\IMM32.DLL
0x00007ffa8b4b0000 - 0x00007ffa8b54d000 	C:\Coding\Android\Android_Studio\jre\bin\msvcp140.dll
0x00007ffa81760000 - 0x00007ffa82245000 	C:\Coding\Android\Android_Studio\jre\bin\server\jvm.dll
0x00007ffb0be50000 - 0x00007ffb0befe000 	C:\Windows\System32\ADVAPI32.dll
0x00007ffb0ac00000 - 0x00007ffb0ac9e000 	C:\Windows\System32\sechost.dll
0x00007ffb0ba00000 - 0x00007ffb0bb20000 	C:\Windows\System32\RPCRT4.dll
0x00007ffb0a5f0000 - 0x00007ffb0a5f8000 	C:\Windows\System32\PSAPI.DLL
0x00007ffb04810000 - 0x00007ffb04819000 	C:\Windows\SYSTEM32\WSOCK32.dll
0x00007ffb03c60000 - 0x00007ffb03c93000 	C:\Windows\SYSTEM32\WINMM.dll
0x00007ffb0aac0000 - 0x00007ffb0ab2f000 	C:\Windows\System32\WS2_32.dll
0x00007ffb01af0000 - 0x00007ffb01afa000 	C:\Windows\SYSTEM32\VERSION.dll
0x00007ffb08d40000 - 0x00007ffb08d58000 	C:\Windows\SYSTEM32\kernel.appcore.dll
0x00007ffb043b0000 - 0x00007ffb043c1000 	C:\Coding\Android\Android_Studio\jre\bin\verify.dll
0x00007ffb079d0000 - 0x00007ffb07bf1000 	C:\Windows\SYSTEM32\DBGHELP.DLL
0x00007ffaf43f0000 - 0x00007ffaf4421000 	C:\Windows\SYSTEM32\dbgcore.DLL
0x00007ffb09c40000 - 0x00007ffb09cbf000 	C:\Windows\System32\bcryptPrimitives.dll
0x00007ffb03e00000 - 0x00007ffb03e29000 	C:\Coding\Android\Android_Studio\jre\bin\java.dll
0x00007ffb06c60000 - 0x00007ffb06c6b000 	C:\Coding\Android\Android_Studio\jre\bin\jimage.dll
0x00007ffb03de0000 - 0x00007ffb03df8000 	C:\Coding\Android\Android_Studio\jre\bin\zip.dll
0x00007ffb0ad20000 - 0x00007ffb0b4d8000 	C:\Windows\System32\SHELL32.dll
0x00007ffb07db0000 - 0x00007ffb08618000 	C:\Windows\SYSTEM32\windows.storage.dll
0x00007ffb0b4e0000 - 0x00007ffb0b859000 	C:\Windows\System32\combase.dll
0x00007ffb07c40000 - 0x00007ffb07da6000 	C:\Windows\SYSTEM32\wintypes.dll
0x00007ffb0c160000 - 0x00007ffb0c24a000 	C:\Windows\System32\SHCORE.dll
0x00007ffb0aa60000 - 0x00007ffb0aabd000 	C:\Windows\System32\shlwapi.dll
0x00007ffb09b70000 - 0x00007ffb09b91000 	C:\Windows\SYSTEM32\profapi.dll
0x00007ffafb330000 - 0x00007ffafb34a000 	C:\Coding\Android\Android_Studio\jre\bin\net.dll
0x00007ffb03f60000 - 0x00007ffb0406c000 	C:\Windows\SYSTEM32\WINHTTP.dll
0x00007ffb09170000 - 0x00007ffb091d7000 	C:\Windows\system32\mswsock.dll
0x00007ffae08e0000 - 0x00007ffae08f4000 	C:\Coding\Android\Android_Studio\jre\bin\nio.dll
0x00007ffab8b00000 - 0x00007ffab8b27000 	C:\Users\vaidi\.gradle\native\f6784746aeab05261644944871eae4fe03e0ef1612fff0a4a95f87b438bc6780\windows-amd64\native-platform.dll
0x00007ffb043a0000 - 0x00007ffb043aa000 	C:\Coding\Android\Android_Studio\jre\bin\management.dll
0x00007ffb04320000 - 0x00007ffb0432d000 	C:\Coding\Android\Android_Studio\jre\bin\management_ext.dll
0x00007ffb093b0000 - 0x00007ffb093c8000 	C:\Windows\SYSTEM32\CRYPTSP.dll
0x00007ffb08ca0000 - 0x00007ffb08cd5000 	C:\Windows\system32\rsaenh.dll
0x00007ffb09260000 - 0x00007ffb09289000 	C:\Windows\SYSTEM32\USERENV.dll
0x00007ffb09530000 - 0x00007ffb09557000 	C:\Windows\SYSTEM32\bcrypt.dll
0x00007ffb093d0000 - 0x00007ffb093dc000 	C:\Windows\SYSTEM32\CRYPTBASE.dll
0x00007ffb088b0000 - 0x00007ffb088dd000 	C:\Windows\SYSTEM32\IPHLPAPI.DLL
0x00007ffb0abf0000 - 0x00007ffb0abf9000 	C:\Windows\System32\NSI.dll
0x00007ffb03ec0000 - 0x00007ffb03ed9000 	C:\Windows\SYSTEM32\dhcpcsvc6.DLL
0x00007ffb045e0000 - 0x00007ffb045fe000 	C:\Windows\SYSTEM32\dhcpcsvc.DLL
0x00007ffb088e0000 - 0x00007ffb089c8000 	C:\Windows\SYSTEM32\DNSAPI.dll
0x00007ffb03800000 - 0x00007ffb0380c000 	C:\Windows\SYSTEM32\WINNSI.DLL

dbghelp: loaded successfully - version: 4.0.5 - missing functions: none
symbol engine: initialized successfully - sym options: 0x614 - pdb path: .;C:\Coding\Android\Android_Studio\jre\bin;C:\Windows\SYSTEM32;C:\Windows\WinSxS\amd64_microsoft.windows.common-controls_6595b64144ccf1df_6.0.22000.120_none_9d947278b86cc467;C:\Coding\Android\Android_Studio\jre\bin\server;C:\Users\vaidi\.gradle\native\f6784746aeab05261644944871eae4fe03e0ef1612fff0a4a95f87b438bc6780\windows-amd64

VM Arguments:
jvm_args: --add-opens=java.base/java.util=ALL-UNNAMED --add-opens=java.base/java.lang=ALL-UNNAMED --add-opens=java.base/java.lang.invoke=ALL-UNNAMED --add-opens=java.prefs/java.util.prefs=ALL-UNNAMED -Xmx2048m -Dfile.encoding=UTF-8 -Duser.country=IN -Duser.language=en -Duser.variant 
java_command: org.gradle.launcher.daemon.bootstrap.GradleDaemon 6.5
java_class_path (initial): C:\Users\vaidi\.gradle\wrapper\dists\gradle-6.5-bin\6nifqtx7604sqp1q6g8wikw7p\gradle-6.5\lib\gradle-launcher-6.5.jar
Launcher Type: SUN_STANDARD

[Global flags]
     intx CICompilerCount                          = 12                                        {product} {ergonomic}
     uint ConcGCThreads                            = 3                                         {product} {ergonomic}
     uint G1ConcRefinementThreads                  = 13                                        {product} {ergonomic}
   size_t G1HeapRegionSize                         = 1048576                                   {product} {ergonomic}
    uintx GCDrainStackTargetSize                   = 64                                        {product} {ergonomic}
   size_t InitialHeapSize                          = 232783872                                 {product} {ergonomic}
   size_t MarkStackSize                            = 4194304                                   {product} {ergonomic}
   size_t MaxHeapSize                              = 2147483648                                {product} {command line}
   size_t MaxNewSize                               = 1287651328                                {product} {ergonomic}
   size_t MinHeapDeltaBytes                        = 1048576                                   {product} {ergonomic}
    uintx NonNMethodCodeHeapSize                   = 7594288                                {pd product} {ergonomic}
    uintx NonProfiledCodeHeapSize                  = 122031976                              {pd product} {ergonomic}
    uintx ProfiledCodeHeapSize                     = 122031976                              {pd product} {ergonomic}
    uintx ReservedCodeCacheSize                    = 251658240                              {pd product} {ergonomic}
     bool SegmentedCodeCache                       = true                                      {product} {ergonomic}
     bool UseCompressedClassPointers               = true                                 {lp64_product} {ergonomic}
     bool UseCompressedOops                        = true                                 {lp64_product} {ergonomic}
     bool UseG1GC                                  = true                                      {product} {ergonomic}
     bool UseLargePagesIndividualAllocation        = false                                  {pd product} {ergonomic}

Logging:
Log output configuration:
 #0: stdout all=warning uptime,level,tags
 #1: stderr all=off uptime,level,tags

Environment Variables:
PATH=C:\Coding\Python\Scripts\;C:\Coding\Python\;C:\Windows\system32;C:\Windows;C:\Windows\System32\Wbem;C:\Windows\System32\WindowsPowerShell\v1.0\;C:\Windows\System32\OpenSSH\;C:\Program Files (x86)\NVIDIA Corporation\PhysX\Common;C:\Program Files\NVIDIA Corporation\NVIDIA NvDLISR;C:\Users\vaidi\AppData\Local\Microsoft\WindowsApps;C:\adb;C:\Coding\msys64\mingw64\bin;C:\Program Files\nodejs\;C:\Android;C:\Program Files\Git\cmd;C:\Users\vaidi\AppData\Local\Microsoft\WindowsApps;C:\Coding\Microsoft VS Code\bin;C:\Coding\msys64\mingw64\bin;C:\Users\vaidi\AppData\Roaming\npm;
USERNAME=vaidi
OS=Windows_NT
PROCESSOR_IDENTIFIER=AMD64 Family 25 Model 80 Stepping 0, AuthenticAMD



---------------  S Y S T E M  ---------------

OS: Windows 10 , 64 bit Build 22000 (10.0.22000.708)
OS uptime: 6 days 7:13 hours

CPU:total 16 (initial active 16) (16 cores per cpu, 2 threads per core) family 25 model 80 stepping 0 microcode 0x0, cmov, cx8, fxsr, mmx, sse, sse2, sse3, ssse3, sse4.1, sse4.2, popcnt, avx, avx2, aes, clmul, erms, mmxext, 3dnowpref, lzcnt, sse4a, ht, tsc, tscinvbit, tscinv, bmi1, bmi2, adx, sha, fma

Memory: 4k page, system-wide physical 14188M (342M free)
TotalPageFile size 57196M (AvailPageFile size 3M)
current process WorkingSet (physical memory assigned to process): 312M, peak: 312M
current process commit charge ("private bytes"): 443M, peak: 443M

vm_info: OpenJDK 64-Bit Server VM (11.0.12+7-b1504.28-7817840) for windows-amd64 JRE (11.0.12+7-b1504.28-7817840), built on Oct 13 2021 22:12:33 by "builder" with MS VC++ 14.0 (VS2015)

END.
