#
# There is insufficient memory for the Java Runtime Environment to continue.
# Native memory allocation (malloc) failed to allocate 1049856 bytes for Chunk::new
# Possible reasons:
#   The system is out of physical RAM or swap space
#   The process is running with CompressedOops enabled, and the Java Heap may be blocking the growth of the native heap
# Possible solutions:
#   Reduce memory load on the system
#   Increase physical memory or swap space
#   Check if swap backing store is full
#   Decrease Java heap size (-Xmx/-Xms)
#   Decrease number of Java threads
#   Decrease Java thread stack sizes (-Xss)
#   Set larger code cache with -XX:ReservedCodeCacheSize=
#   JVM is running with Unscaled Compressed Oops mode in which the Java heap is
#     placed in the first 4GB address space. The Java Heap base address is the
#     maximum limit for the native heap growth. Please use -XX:HeapBaseMinAddress
#     to set the Java Heap base and to place the Java Heap above 4GB virtual address.
# This output file may be truncated or incomplete.
#
#  Out of Memory Error (./src/hotspot/share/memory/arena.cpp:197), pid=35228, tid=34900
#
# JRE version: OpenJDK Runtime Environment (11.0.12+7) (build 11.0.12+7-b1504.28-7817840)
# Java VM: OpenJDK 64-Bit Server VM (11.0.12+7-b1504.28-7817840, mixed mode, tiered, compressed oops, g1 gc, windows-amd64)
# No core dump will be written. Minidumps are not enabled by default on client versions of Windows
#

---------------  S U M M A R Y ------------

Command Line: --add-opens=java.base/java.util=ALL-UNNAMED --add-opens=java.base/java.lang=ALL-UNNAMED --add-opens=java.base/java.lang.invoke=ALL-UNNAMED --add-opens=java.base/java.util=ALL-UNNAMED --add-opens=java.prefs/java.util.prefs=ALL-UNNAMED --add-opens=java.prefs/java.util.prefs=ALL-UNNAMED --add-opens=java.base/java.nio.charset=ALL-UNNAMED --add-opens=java.base/java.net=ALL-UNNAMED --add-opens=java.base/java.util.concurrent.atomic=ALL-UNNAMED -Xmx2048m -Dfile.encoding=UTF-8 -Duser.country=IN -Duser.language=en -Duser.variant org.gradle.launcher.daemon.bootstrap.GradleDaemon 7.3.3

Host: AMD Ryzen 7 5800H with Radeon Graphics         , 16 cores, 13G,  Windows 10 , 64 bit Build 22000 (10.0.22000.708)
Time: Sat Sep 24 00:28:00 2022 India Standard Time elapsed time: 28.064420 seconds (0d 0h 0m 28s)

---------------  T H R E A D  ---------------

Current thread (0x00000169bc977000):  JavaThread "C2 CompilerThread0" daemon [_thread_in_native, id=34900, stack(0x00000066ec100000,0x00000066ec200000)]


Current CompileTask:
C2:  28064 11732   !   4       org.gradle.internal.instantiation.generator.DependencyInjectingInstantiator::doCreate (64 bytes)

Stack: [0x00000066ec100000,0x00000066ec200000]
Native frames: (J=compiled Java code, j=interpreted, Vv=VM code, C=native code)
V  [jvm.dll+0x5fbcea]
V  [jvm.dll+0x731905]
V  [jvm.dll+0x732f1d]
V  [jvm.dll+0x7335d3]
V  [jvm.dll+0x247bf8]
V  [jvm.dll+0xc018c]
V  [jvm.dll+0xc06cc]
V  [jvm.dll+0x2bcc04]
V  [jvm.dll+0x5113a8]
V  [jvm.dll+0x208303]
V  [jvm.dll+0x201fe0]
V  [jvm.dll+0x1ff71f]
V  [jvm.dll+0x18868c]
V  [jvm.dll+0x20e0d7]
V  [jvm.dll+0x20c901]
V  [jvm.dll+0x6f9b7f]
V  [jvm.dll+0x6f26a5]
V  [jvm.dll+0x5fabf6]
C  [ucrtbase.dll+0x26c0c]
C  [KERNEL32.DLL+0x154e0]
C  [ntdll.dll+0x485b]


---------------  P R O C E S S  ---------------

Threads class SMR info:
_java_thread_list=0x00000169c313f630, length=51, elements={
0x00000169a109d800, 0x00000169bc911800, 0x00000169bc91c800, 0x00000169bc973800,
0x00000169bc974800, 0x00000169bc976000, 0x00000169bc977000, 0x00000169bc980000,
0x00000169bc98b000, 0x00000169bcafd800, 0x00000169be4bf800, 0x00000169be55e800,
0x00000169bdc9e800, 0x00000169bf1f9800, 0x00000169beb59800, 0x00000169beb5d800,
0x00000169beb5f000, 0x00000169beb60000, 0x00000169beb5c000, 0x00000169beb5d000,
0x00000169beb5e800, 0x00000169beb61800, 0x00000169bf327800, 0x00000169bf328000,
0x00000169bf325000, 0x00000169bf326800, 0x00000169bf329000, 0x00000169bf32a000,
0x00000169bf326000, 0x00000169bf324000, 0x00000169bf32e000, 0x00000169bf32d000,
0x00000169bf32f800, 0x00000169bf32e800, 0x00000169bf330800, 0x00000169bf32a800,
0x00000169bf332000, 0x00000169c101f800, 0x00000169bd65d000, 0x00000169bd659800,
0x00000169bd658000, 0x00000169bd65c000, 0x00000169bd65e000, 0x00000169bd660000,
0x00000169bd65a800, 0x00000169bd65b800, 0x00000169bd661000, 0x00000169bd664800,
0x00000169bd65f800, 0x00000169bd65e800, 0x00000169bcaa3800
}

Java Threads: ( => current thread )
  0x00000169a109d800 JavaThread "main" [_thread_blocked, id=3736, stack(0x00000066eb500000,0x00000066eb600000)]
  0x00000169bc911800 JavaThread "Reference Handler" daemon [_thread_blocked, id=37608, stack(0x00000066ebc00000,0x00000066ebd00000)]
  0x00000169bc91c800 JavaThread "Finalizer" daemon [_thread_blocked, id=37652, stack(0x00000066ebd00000,0x00000066ebe00000)]
  0x00000169bc973800 JavaThread "Signal Dispatcher" daemon [_thread_blocked, id=668, stack(0x00000066ebe00000,0x00000066ebf00000)]
  0x00000169bc974800 JavaThread "Attach Listener" daemon [_thread_blocked, id=23952, stack(0x00000066ebf00000,0x00000066ec000000)]
  0x00000169bc976000 JavaThread "Service Thread" daemon [_thread_blocked, id=35436, stack(0x00000066ec000000,0x00000066ec100000)]
=>0x00000169bc977000 JavaThread "C2 CompilerThread0" daemon [_thread_in_native, id=34900, stack(0x00000066ec100000,0x00000066ec200000)]
  0x00000169bc980000 JavaThread "C1 CompilerThread0" daemon [_thread_in_native, id=35600, stack(0x00000066ec200000,0x00000066ec300000)]
  0x00000169bc98b000 JavaThread "Sweeper thread" daemon [_thread_blocked, id=10808, stack(0x00000066ec300000,0x00000066ec400000)]
  0x00000169bcafd800 JavaThread "Common-Cleaner" daemon [_thread_blocked, id=37528, stack(0x00000066ec500000,0x00000066ec600000)]
  0x00000169be4bf800 JavaThread "Daemon health stats" [_thread_blocked, id=31520, stack(0x00000066ecb00000,0x00000066ecc00000)]
  0x00000169be55e800 JavaThread "Incoming local TCP Connector on port 8544" [_thread_in_native, id=13796, stack(0x00000066ecd00000,0x00000066ece00000)]
  0x00000169bdc9e800 JavaThread "Daemon periodic checks" [_thread_blocked, id=20520, stack(0x00000066ece00000,0x00000066ecf00000)]
  0x00000169bf1f9800 JavaThread "Daemon" [_thread_blocked, id=5700, stack(0x00000066ecf00000,0x00000066ed000000)]
  0x00000169beb59800 JavaThread "Daemon worker" [_thread_in_native, id=33124, stack(0x00000066ed200000,0x00000066ed300000)]
  0x00000169beb5d800 JavaThread "Cache worker for journal cache (C:\Users\vaidi\.gradle\caches\journal-1)" [_thread_blocked, id=13124, stack(0x00000066ed600000,0x00000066ed700000)]
  0x00000169beb5f000 JavaThread "File lock request listener" [_thread_in_native, id=14768, stack(0x00000066ed700000,0x00000066ed800000)]
  0x00000169beb60000 JavaThread "Cache worker for file hash cache (C:\Users\vaidi\.gradle\caches\7.3.3\fileHashes)" [_thread_blocked, id=36420, stack(0x00000066ee200000,0x00000066ee300000)]
  0x00000169beb5c000 JavaThread "File watcher server" daemon [_thread_in_native, id=16240, stack(0x00000066ee400000,0x00000066ee500000)]
  0x00000169beb5d000 JavaThread "File watcher consumer" daemon [_thread_blocked, id=18364, stack(0x00000066ee500000,0x00000066ee600000)]
  0x00000169beb5e800 JavaThread "jar transforms" [_thread_blocked, id=18116, stack(0x00000066ee600000,0x00000066ee700000)]
  0x00000169beb61800 JavaThread "jar transforms Thread 2" [_thread_blocked, id=21632, stack(0x00000066ee700000,0x00000066ee800000)]
  0x00000169bf327800 JavaThread "jar transforms Thread 3" [_thread_blocked, id=6784, stack(0x00000066ee800000,0x00000066ee900000)]
  0x00000169bf328000 JavaThread "jar transforms Thread 4" [_thread_blocked, id=13048, stack(0x00000066ee900000,0x00000066eea00000)]
  0x00000169bf325000 JavaThread "jar transforms Thread 5" [_thread_blocked, id=32832, stack(0x00000066eea00000,0x00000066eeb00000)]
  0x00000169bf326800 JavaThread "jar transforms Thread 6" [_thread_blocked, id=32120, stack(0x00000066eeb00000,0x00000066eec00000)]
  0x00000169bf329000 JavaThread "jar transforms Thread 7" [_thread_blocked, id=1604, stack(0x00000066eec00000,0x00000066eed00000)]
  0x00000169bf32a000 JavaThread "jar transforms Thread 8" [_thread_blocked, id=5556, stack(0x00000066eed00000,0x00000066eee00000)]
  0x00000169bf326000 JavaThread "jar transforms Thread 9" [_thread_blocked, id=37424, stack(0x00000066eee00000,0x00000066eef00000)]
  0x00000169bf324000 JavaThread "jar transforms Thread 10" [_thread_blocked, id=37856, stack(0x00000066eef00000,0x00000066ef000000)]
  0x00000169bf32e000 JavaThread "jar transforms Thread 11" [_thread_blocked, id=11044, stack(0x00000066ef000000,0x00000066ef100000)]
  0x00000169bf32d000 JavaThread "jar transforms Thread 12" [_thread_blocked, id=35956, stack(0x00000066ef100000,0x00000066ef200000)]
  0x00000169bf32f800 JavaThread "jar transforms Thread 13" [_thread_blocked, id=36956, stack(0x00000066ef200000,0x00000066ef300000)]
  0x00000169bf32e800 JavaThread "jar transforms Thread 14" [_thread_blocked, id=3100, stack(0x00000066ef300000,0x00000066ef400000)]
  0x00000169bf330800 JavaThread "jar transforms Thread 15" [_thread_blocked, id=29916, stack(0x00000066ef400000,0x00000066ef500000)]
  0x00000169bf32a800 JavaThread "jar transforms Thread 16" [_thread_blocked, id=8892, stack(0x00000066ef500000,0x00000066ef600000)]
  0x00000169bf332000 JavaThread "Cache worker for execution history cache (C:\Users\vaidi\.gradle\caches\7.3.3\executionHistory)" [_thread_blocked, id=36172, stack(0x00000066ef900000,0x00000066efa00000)]
  0x00000169c101f800 JavaThread "Cache worker for file content cache (C:\Users\vaidi\.gradle\caches\7.3.3\fileContent)" [_thread_blocked, id=36016, stack(0x00000066efa00000,0x00000066efb00000)]
  0x00000169bd65d000 JavaThread "Memory manager" [_thread_blocked, id=1628, stack(0x00000066ecc00000,0x00000066ecd00000)]
  0x00000169bd659800 JavaThread "Handler for socket connection from /127.0.0.1:8544 to /127.0.0.1:8592" [_thread_in_native, id=28792, stack(0x00000066ec400000,0x00000066ec500000)]
  0x00000169bd658000 JavaThread "Cancel handler" [_thread_blocked, id=32256, stack(0x00000066ed000000,0x00000066ed100000)]
  0x00000169bd65c000 JavaThread "Asynchronous log dispatcher for DefaultDaemonConnection: socket connection from /127.0.0.1:8544 to /127.0.0.1:8592" [_thread_blocked, id=12448, stack(0x00000066ed100000,0x00000066ed200000)]
  0x00000169bd65e000 JavaThread "Stdin handler" [_thread_blocked, id=35080, stack(0x00000066ed300000,0x00000066ed400000)]
  0x00000169bd660000 JavaThread "Daemon client event forwarder" [_thread_blocked, id=36584, stack(0x00000066ed400000,0x00000066ed500000)]
  0x00000169bd65a800 JavaThread "Cache worker for file hash cache (C:\Coding\Android\Drawer\GDSC_Catalogue_App\Catalogue_App\.gradle\7.3.3\fileHashes)" [_thread_blocked, id=35668, stack(0x00000066ed500000,0x00000066ed600000)]
  0x00000169bd65b800 JavaThread "Cache worker for checksums cache (C:\Coding\Android\Drawer\GDSC_Catalogue_App\Catalogue_App\.gradle\7.3.3\checksums)" [_thread_blocked, id=34624, stack(0x00000066ef800000,0x00000066ef900000)]
  0x00000169bd661000 JavaThread "Cache worker for cache directory md-supplier (C:\Users\vaidi\.gradle\caches\7.3.3\md-supplier)" [_thread_blocked, id=35672, stack(0x00000066efb00000,0x00000066efc00000)]
  0x00000169bd664800 JavaThread "Cache worker for cache directory md-rule (C:\Users\vaidi\.gradle\caches\7.3.3\md-rule)" [_thread_blocked, id=10204, stack(0x00000066efc00000,0x00000066efd00000)]
  0x00000169bd65f800 JavaThread "Cache worker for dependencies-accessors (C:\Coding\Android\Drawer\GDSC_Catalogue_App\Catalogue_App\.gradle\7.3.3\dependencies-accessors)" [_thread_blocked, id=35412, stack(0x00000066efd00000,0x00000066efe00000)]
  0x00000169bd65e800 JavaThread "Cache worker for Build Output Cleanup Cache (C:\Coding\Android\Drawer\GDSC_Catalogue_App\Catalogue_App\.gradle\buildOutputCleanup)" [_thread_blocked, id=23820, stack(0x00000066efe00000,0x00000066eff00000)]
  0x00000169bcaa3800 JavaThread "C1 CompilerThread1" daemon [_thread_blocked, id=37560, stack(0x00000066eff00000,0x00000066f0000000)]

Other Threads:
  0x00000169bc90e800 VMThread "VM Thread" [stack: 0x00000066ebb00000,0x00000066ebc00000] [id=18392]
  0x00000169bcb51800 WatcherThread [stack: 0x00000066ec600000,0x00000066ec700000] [id=36588]
  0x00000169a10b8800 GCTaskThread "GC Thread#0" [stack: 0x00000066eb600000,0x00000066eb700000] [id=14764]
  0x00000169bd586800 GCTaskThread "GC Thread#1" [stack: 0x00000066ec700000,0x00000066ec800000] [id=13140]
  0x00000169bd5de000 GCTaskThread "GC Thread#2" [stack: 0x00000066ec800000,0x00000066ec900000] [id=35736]
  0x00000169bd8ff800 GCTaskThread "GC Thread#3" [stack: 0x00000066ec900000,0x00000066eca00000] [id=34748]
  0x00000169bd578000 GCTaskThread "GC Thread#4" [stack: 0x00000066eca00000,0x00000066ecb00000] [id=2752]
  0x00000169bed60000 GCTaskThread "GC Thread#5" [stack: 0x00000066ed800000,0x00000066ed900000] [id=15728]
  0x00000169bf005000 GCTaskThread "GC Thread#6" [stack: 0x00000066ed900000,0x00000066eda00000] [id=35772]
  0x00000169bf00e000 GCTaskThread "GC Thread#7" [stack: 0x00000066eda00000,0x00000066edb00000] [id=34348]
  0x00000169befdb800 GCTaskThread "GC Thread#8" [stack: 0x00000066edb00000,0x00000066edc00000] [id=35328]
  0x00000169befdc000 GCTaskThread "GC Thread#9" [stack: 0x00000066edc00000,0x00000066edd00000] [id=7848]
  0x00000169befdd000 GCTaskThread "GC Thread#10" [stack: 0x00000066edd00000,0x00000066ede00000] [id=32968]
  0x00000169bf0ce000 GCTaskThread "GC Thread#11" [stack: 0x00000066ede00000,0x00000066edf00000] [id=34500]
  0x00000169befef800 GCTaskThread "GC Thread#12" [stack: 0x00000066edf00000,0x00000066ee000000] [id=33216]
  0x00000169a10ec800 ConcurrentGCThread "G1 Main Marker" [stack: 0x00000066eb700000,0x00000066eb800000] [id=22408]
  0x00000169a10ed800 ConcurrentGCThread "G1 Conc#0" [stack: 0x00000066eb800000,0x00000066eb900000] [id=37328]
  0x00000169be225800 ConcurrentGCThread "G1 Conc#1" [stack: 0x00000066ee000000,0x00000066ee100000] [id=36228]
  0x00000169bf01e800 ConcurrentGCThread "G1 Conc#2" [stack: 0x00000066ee100000,0x00000066ee200000] [id=9840]
  0x00000169a117e000 ConcurrentGCThread "G1 Refine#0" [stack: 0x00000066eb900000,0x00000066eba00000] [id=17088]
  0x00000169c2a76800 ConcurrentGCThread "G1 Refine#1" [stack: 0x00000066ee300000,0x00000066ee400000] [id=36932]
  0x00000169c2dd4800 ConcurrentGCThread "G1 Refine#2" [stack: 0x00000066ef600000,0x00000066ef700000] [id=19580]
  0x00000169c2dd5800 ConcurrentGCThread "G1 Refine#3" [stack: 0x00000066ef700000,0x00000066ef800000] [id=7284]
  0x00000169bbf59800 ConcurrentGCThread "G1 Young RemSet Sampling" [stack: 0x00000066eba00000,0x00000066ebb00000] [id=27416]

Threads with active compile tasks:
C2 CompilerThread0  28084 11732   !   4       org.gradle.internal.instantiation.generator.DependencyInjectingInstantiator::doCreate (64 bytes)

VM state:not at safepoint (normal execution)

VM Mutex/Monitor currently owned by a thread: None

Heap address: 0x0000000080000000, size: 2048 MB, Compressed Oops mode: 32-bit
Narrow klass base: 0x0000000000000000, Narrow klass shift: 3
Compressed class space size: 1073741824 Address: 0x0000000100000000

Heap:
 garbage-first heap   total 227328K, used 154789K [0x0000000080000000, 0x0000000100000000)
  region size 1024K, 50 young (51200K), 9 survivors (9216K)
 Metaspace       used 100537K, capacity 103320K, committed 103468K, reserved 1138688K
  class space    used 12937K, capacity 13918K, committed 13952K, reserved 1048576K
Heap Regions: E=young(eden), S=young(survivor), O=old, HS=humongous(starts), HC=humongous(continues), CS=collection set, F=free, A=archive, TAMS=top-at-mark-start (previous, next)
|   0|0x0000000080000000, 0x0000000080100000, 0x0000000080100000|100%| O|  |TAMS 0x0000000080100000, 0x0000000080000000| Untracked 
|   1|0x0000000080100000, 0x0000000080200000, 0x0000000080200000|100%| O|  |TAMS 0x0000000080200000, 0x0000000080100000| Untracked 
|   2|0x0000000080200000, 0x0000000080300000, 0x0000000080300000|100%| O|  |TAMS 0x0000000080300000, 0x0000000080200000| Untracked 
|   3|0x0000000080300000, 0x0000000080400000, 0x0000000080400000|100%|HS|  |TAMS 0x0000000080400000, 0x0000000080300000| Complete 
|   4|0x0000000080400000, 0x0000000080500000, 0x0000000080500000|100%|HC|  |TAMS 0x0000000080500000, 0x0000000080400000| Complete 
|   5|0x0000000080500000, 0x0000000080600000, 0x0000000080600000|100%|HC|  |TAMS 0x0000000080600000, 0x0000000080500000| Complete 
|   6|0x0000000080600000, 0x0000000080700000, 0x0000000080700000|100%| O|  |TAMS 0x0000000080700000, 0x0000000080600000| Untracked 
|   7|0x0000000080700000, 0x0000000080800000, 0x0000000080800000|100%| O|  |TAMS 0x0000000080800000, 0x0000000080700000| Untracked 
|   8|0x0000000080800000, 0x0000000080900000, 0x0000000080900000|100%| O|  |TAMS 0x0000000080900000, 0x0000000080800000| Untracked 
|   9|0x0000000080900000, 0x0000000080a00000, 0x0000000080a00000|100%| O|  |TAMS 0x0000000080a00000, 0x0000000080900000| Untracked 
|  10|0x0000000080a00000, 0x0000000080b00000, 0x0000000080b00000|100%| O|  |TAMS 0x0000000080b00000, 0x0000000080a00000| Untracked 
|  11|0x0000000080b00000, 0x0000000080c00000, 0x0000000080c00000|100%| O|  |TAMS 0x0000000080c00000, 0x0000000080b00000| Untracked 
|  12|0x0000000080c00000, 0x0000000080d00000, 0x0000000080d00000|100%| O|  |TAMS 0x0000000080d00000, 0x0000000080c00000| Untracked 
|  13|0x0000000080d00000, 0x0000000080e00000, 0x0000000080e00000|100%| O|  |TAMS 0x0000000080e00000, 0x0000000080d00000| Untracked 
|  14|0x0000000080e00000, 0x0000000080f00000, 0x0000000080f00000|100%| O|  |TAMS 0x0000000080f00000, 0x0000000080e00000| Untracked 
|  15|0x0000000080f00000, 0x0000000081000000, 0x0000000081000000|100%| O|  |TAMS 0x0000000081000000, 0x0000000080f00000| Untracked 
|  16|0x0000000081000000, 0x0000000081100000, 0x0000000081100000|100%| O|  |TAMS 0x0000000081100000, 0x0000000081000000| Untracked 
|  17|0x0000000081100000, 0x0000000081200000, 0x0000000081200000|100%|HS|  |TAMS 0x0000000081200000, 0x0000000081100000| Complete 
|  18|0x0000000081200000, 0x0000000081300000, 0x0000000081300000|100%|HC|  |TAMS 0x0000000081300000, 0x0000000081200000| Complete 
|  19|0x0000000081300000, 0x0000000081400000, 0x0000000081400000|100%|HS|  |TAMS 0x0000000081400000, 0x0000000081300000| Complete 
|  20|0x0000000081400000, 0x0000000081500000, 0x0000000081500000|100%|HC|  |TAMS 0x0000000081500000, 0x0000000081400000| Complete 
|  21|0x0000000081500000, 0x0000000081600000, 0x0000000081600000|100%|HC|  |TAMS 0x0000000081600000, 0x0000000081500000| Complete 
|  22|0x0000000081600000, 0x0000000081700000, 0x0000000081700000|100%|HS|  |TAMS 0x0000000081700000, 0x0000000081600000| Complete 
|  23|0x0000000081700000, 0x0000000081800000, 0x0000000081800000|100%|HS|  |TAMS 0x0000000081800000, 0x0000000081700000| Complete 
|  24|0x0000000081800000, 0x0000000081900000, 0x0000000081900000|100%|HC|  |TAMS 0x0000000081900000, 0x0000000081800000| Complete 
|  25|0x0000000081900000, 0x0000000081a00000, 0x0000000081a00000|100%|HC|  |TAMS 0x0000000081a00000, 0x0000000081900000| Complete 
|  26|0x0000000081a00000, 0x0000000081b00000, 0x0000000081b00000|100%|HC|  |TAMS 0x0000000081b00000, 0x0000000081a00000| Complete 
|  27|0x0000000081b00000, 0x0000000081c00000, 0x0000000081c00000|100%| O|  |TAMS 0x0000000081c00000, 0x0000000081b00000| Untracked 
|  28|0x0000000081c00000, 0x0000000081d00000, 0x0000000081d00000|100%|HS|  |TAMS 0x0000000081d00000, 0x0000000081c00000| Complete 
|  29|0x0000000081d00000, 0x0000000081e00000, 0x0000000081e00000|100%| O|  |TAMS 0x0000000081e00000, 0x0000000081d00000| Untracked 
|  30|0x0000000081e00000, 0x0000000081f00000, 0x0000000081f00000|100%| O|  |TAMS 0x0000000081f00000, 0x0000000081e00000| Untracked 
|  31|0x0000000081f00000, 0x0000000082000000, 0x0000000082000000|100%|HS|  |TAMS 0x0000000082000000, 0x0000000081f00000| Complete 
|  32|0x0000000082000000, 0x0000000082100000, 0x0000000082100000|100%|HS|  |TAMS 0x0000000082100000, 0x0000000082000000| Complete 
|  33|0x0000000082100000, 0x0000000082200000, 0x0000000082200000|100%|HC|  |TAMS 0x0000000082200000, 0x0000000082100000| Complete 
|  34|0x0000000082200000, 0x0000000082300000, 0x0000000082300000|100%|HC|  |TAMS 0x0000000082300000, 0x0000000082200000| Complete 
|  35|0x0000000082300000, 0x0000000082400000, 0x0000000082400000|100%| O|  |TAMS 0x0000000082400000, 0x0000000082300000| Untracked 
|  36|0x0000000082400000, 0x0000000082500000, 0x0000000082500000|100%| O|  |TAMS 0x0000000082500000, 0x0000000082400000| Untracked 
|  37|0x0000000082500000, 0x0000000082600000, 0x0000000082600000|100%| O|  |TAMS 0x0000000082600000, 0x0000000082500000| Untracked 
|  38|0x0000000082600000, 0x0000000082700000, 0x0000000082700000|100%| O|  |TAMS 0x0000000082700000, 0x0000000082600000| Untracked 
|  39|0x0000000082700000, 0x0000000082800000, 0x0000000082800000|100%| O|  |TAMS 0x0000000082800000, 0x0000000082700000| Untracked 
|  40|0x0000000082800000, 0x0000000082900000, 0x0000000082900000|100%| O|  |TAMS 0x0000000082900000, 0x0000000082800000| Untracked 
|  41|0x0000000082900000, 0x0000000082a00000, 0x0000000082a00000|100%| O|  |TAMS 0x0000000082a00000, 0x0000000082900000| Untracked 
|  42|0x0000000082a00000, 0x0000000082b00000, 0x0000000082b00000|100%|HS|  |TAMS 0x0000000082b00000, 0x0000000082a00000| Complete 
|  43|0x0000000082b00000, 0x0000000082c00000, 0x0000000082c00000|100%|HC|  |TAMS 0x0000000082c00000, 0x0000000082b00000| Complete 
|  44|0x0000000082c00000, 0x0000000082d00000, 0x0000000082d00000|100%|HC|  |TAMS 0x0000000082d00000, 0x0000000082c00000| Complete 
|  45|0x0000000082d00000, 0x0000000082e00000, 0x0000000082e00000|100%|HC|  |TAMS 0x0000000082e00000, 0x0000000082d00000| Complete 
|  46|0x0000000082e00000, 0x0000000082f00000, 0x0000000082f00000|100%| O|  |TAMS 0x0000000082f00000, 0x0000000082e00000| Untracked 
|  47|0x0000000082f00000, 0x0000000083000000, 0x0000000083000000|100%| O|  |TAMS 0x0000000083000000, 0x0000000082f00000| Untracked 
|  48|0x0000000083000000, 0x0000000083100000, 0x0000000083100000|100%| O|  |TAMS 0x0000000083100000, 0x0000000083000000| Untracked 
|  49|0x0000000083100000, 0x0000000083200000, 0x0000000083200000|100%| O|  |TAMS 0x0000000083200000, 0x0000000083100000| Untracked 
|  50|0x0000000083200000, 0x0000000083300000, 0x0000000083300000|100%| O|  |TAMS 0x0000000083300000, 0x0000000083200000| Untracked 
|  51|0x0000000083300000, 0x0000000083400000, 0x0000000083400000|100%| O|  |TAMS 0x0000000083400000, 0x0000000083300000| Untracked 
|  52|0x0000000083400000, 0x0000000083500000, 0x0000000083500000|100%| O|  |TAMS 0x0000000083500000, 0x0000000083400000| Untracked 
|  53|0x0000000083500000, 0x0000000083600000, 0x0000000083600000|100%|HS|  |TAMS 0x0000000083600000, 0x0000000083500000| Complete 
|  54|0x0000000083600000, 0x0000000083700000, 0x0000000083700000|100%|HS|  |TAMS 0x0000000083700000, 0x0000000083600000| Complete 
|  55|0x0000000083700000, 0x0000000083800000, 0x0000000083800000|100%|HC|  |TAMS 0x0000000083800000, 0x0000000083700000| Complete 
|  56|0x0000000083800000, 0x0000000083900000, 0x0000000083900000|100%|HS|  |TAMS 0x0000000083900000, 0x0000000083800000| Complete 
|  57|0x0000000083900000, 0x0000000083a00000, 0x0000000083a00000|100%| O|  |TAMS 0x0000000083a00000, 0x0000000083900000| Untracked 
|  58|0x0000000083a00000, 0x0000000083b00000, 0x0000000083b00000|100%| O|  |TAMS 0x0000000083b00000, 0x0000000083a00000| Untracked 
|  59|0x0000000083b00000, 0x0000000083c00000, 0x0000000083c00000|100%| O|  |TAMS 0x0000000083c00000, 0x0000000083b00000| Untracked 
|  60|0x0000000083c00000, 0x0000000083d00000, 0x0000000083d00000|100%| O|  |TAMS 0x0000000083d00000, 0x0000000083c00000| Untracked 
|  61|0x0000000083d00000, 0x0000000083e00000, 0x0000000083e00000|100%| O|  |TAMS 0x0000000083e00000, 0x0000000083d00000| Untracked 
|  62|0x0000000083e00000, 0x0000000083f00000, 0x0000000083f00000|100%| O|  |TAMS 0x0000000083f00000, 0x0000000083e00000| Untracked 
|  63|0x0000000083f00000, 0x0000000084000000, 0x0000000084000000|100%| O|  |TAMS 0x0000000084000000, 0x0000000083f00000| Untracked 
|  64|0x0000000084000000, 0x0000000084100000, 0x0000000084100000|100%| O|  |TAMS 0x0000000084100000, 0x0000000084000000| Untracked 
|  65|0x0000000084100000, 0x0000000084200000, 0x0000000084200000|100%| O|  |TAMS 0x0000000084200000, 0x0000000084100000| Untracked 
|  66|0x0000000084200000, 0x0000000084300000, 0x0000000084300000|100%| O|  |TAMS 0x0000000084300000, 0x0000000084200000| Untracked 
|  67|0x0000000084300000, 0x0000000084400000, 0x0000000084400000|100%| O|  |TAMS 0x0000000084400000, 0x0000000084300000| Untracked 
|  68|0x0000000084400000, 0x0000000084500000, 0x0000000084500000|100%| O|  |TAMS 0x0000000084500000, 0x0000000084400000| Untracked 
|  69|0x0000000084500000, 0x0000000084600000, 0x0000000084600000|100%| O|  |TAMS 0x0000000084600000, 0x0000000084500000| Untracked 
|  70|0x0000000084600000, 0x0000000084700000, 0x0000000084700000|100%|HS|  |TAMS 0x0000000084700000, 0x0000000084600000| Complete 
|  71|0x0000000084700000, 0x0000000084800000, 0x0000000084800000|100%|HC|  |TAMS 0x0000000084800000, 0x0000000084700000| Complete 
|  72|0x0000000084800000, 0x0000000084900000, 0x0000000084900000|100%|HS|  |TAMS 0x0000000084900000, 0x0000000084800000| Complete 
|  73|0x0000000084900000, 0x0000000084a00000, 0x0000000084a00000|100%|HC|  |TAMS 0x0000000084a00000, 0x0000000084900000| Complete 
|  74|0x0000000084a00000, 0x0000000084b00000, 0x0000000084b00000|100%|HC|  |TAMS 0x0000000084b00000, 0x0000000084a00000| Complete 
|  75|0x0000000084b00000, 0x0000000084c00000, 0x0000000084c00000|100%|HS|  |TAMS 0x0000000084c00000, 0x0000000084b00000| Complete 
|  76|0x0000000084c00000, 0x0000000084d00000, 0x0000000084d00000|100%|HC|  |TAMS 0x0000000084d00000, 0x0000000084c00000| Complete 
|  77|0x0000000084d00000, 0x0000000084e00000, 0x0000000084e00000|100%|HC|  |TAMS 0x0000000084e00000, 0x0000000084d00000| Complete 
|  78|0x0000000084e00000, 0x0000000084f00000, 0x0000000084f00000|100%|HC|  |TAMS 0x0000000084f00000, 0x0000000084e00000| Complete 
|  79|0x0000000084f00000, 0x0000000085000000, 0x0000000085000000|100%| O|  |TAMS 0x0000000085000000, 0x0000000084f00000| Untracked 
|  80|0x0000000085000000, 0x0000000085100000, 0x0000000085100000|100%| O|  |TAMS 0x0000000085100000, 0x0000000085000000| Untracked 
|  81|0x0000000085100000, 0x0000000085200000, 0x0000000085200000|100%| O|  |TAMS 0x0000000085200000, 0x0000000085100000| Untracked 
|  82|0x0000000085200000, 0x0000000085300000, 0x0000000085300000|100%| O|  |TAMS 0x0000000085300000, 0x0000000085200000| Untracked 
|  83|0x0000000085300000, 0x0000000085400000, 0x0000000085400000|100%| O|  |TAMS 0x0000000085400000, 0x0000000085300000| Untracked 
|  84|0x0000000085400000, 0x0000000085500000, 0x0000000085500000|100%| O|  |TAMS 0x0000000085500000, 0x0000000085400000| Untracked 
|  85|0x0000000085500000, 0x0000000085600000, 0x0000000085600000|100%| O|  |TAMS 0x0000000085600000, 0x0000000085500000| Untracked 
|  86|0x0000000085600000, 0x0000000085700000, 0x0000000085700000|100%| O|  |TAMS 0x0000000085700000, 0x0000000085600000| Untracked 
|  87|0x0000000085700000, 0x0000000085800000, 0x0000000085800000|100%| O|  |TAMS 0x0000000085800000, 0x0000000085700000| Untracked 
|  88|0x0000000085800000, 0x0000000085900000, 0x0000000085900000|100%| O|  |TAMS 0x0000000085900000, 0x0000000085800000| Untracked 
|  89|0x0000000085900000, 0x0000000085a00000, 0x0000000085a00000|100%| O|  |TAMS 0x0000000085a00000, 0x0000000085900000| Untracked 
|  90|0x0000000085a00000, 0x0000000085b00000, 0x0000000085b00000|100%| O|  |TAMS 0x0000000085b00000, 0x0000000085a00000| Untracked 
|  91|0x0000000085b00000, 0x0000000085c00000, 0x0000000085c00000|100%| O|  |TAMS 0x0000000085c00000, 0x0000000085b00000| Untracked 
|  92|0x0000000085c00000, 0x0000000085d00000, 0x0000000085d00000|100%| O|  |TAMS 0x0000000085d00000, 0x0000000085c00000| Untracked 
|  93|0x0000000085d00000, 0x0000000085e00000, 0x0000000085e00000|100%| O|  |TAMS 0x0000000085e00000, 0x0000000085d00000| Untracked 
|  94|0x0000000085e00000, 0x0000000085f00000, 0x0000000085f00000|100%| O|  |TAMS 0x0000000085f00000, 0x0000000085e00000| Untracked 
|  95|0x0000000085f00000, 0x0000000086000000, 0x0000000086000000|100%| O|  |TAMS 0x0000000086000000, 0x0000000085f00000| Untracked 
|  96|0x0000000086000000, 0x0000000086100000, 0x0000000086100000|100%| O|  |TAMS 0x0000000086100000, 0x0000000086000000| Untracked 
|  97|0x0000000086100000, 0x0000000086200000, 0x0000000086200000|100%| O|  |TAMS 0x0000000086200000, 0x0000000086100000| Untracked 
|  98|0x0000000086200000, 0x0000000086300000, 0x0000000086300000|100%| O|  |TAMS 0x0000000086300000, 0x0000000086200000| Untracked 
|  99|0x0000000086300000, 0x0000000086400000, 0x0000000086400000|100%| O|  |TAMS 0x0000000086400000, 0x0000000086300000| Untracked 
| 100|0x0000000086400000, 0x0000000086500000, 0x0000000086500000|100%| O|  |TAMS 0x0000000086500000, 0x0000000086400000| Untracked 
| 101|0x0000000086500000, 0x0000000086600000, 0x0000000086600000|100%| O|  |TAMS 0x0000000086600000, 0x0000000086500000| Untracked 
| 102|0x0000000086600000, 0x00000000866b6c00, 0x0000000086700000| 71%| O|  |TAMS 0x00000000866b6c00, 0x0000000086600000| Untracked 
| 103|0x0000000086700000, 0x0000000086700000, 0x0000000086800000|  0%| F|  |TAMS 0x0000000086700000, 0x0000000086700000| Untracked 
| 104|0x0000000086800000, 0x0000000086800000, 0x0000000086900000|  0%| F|  |TAMS 0x0000000086800000, 0x0000000086800000| Untracked 
| 105|0x0000000086900000, 0x0000000086900000, 0x0000000086a00000|  0%| F|  |TAMS 0x0000000086900000, 0x0000000086900000| Untracked 
| 106|0x0000000086a00000, 0x0000000086a00000, 0x0000000086b00000|  0%| F|  |TAMS 0x0000000086a00000, 0x0000000086a00000| Untracked 
| 107|0x0000000086b00000, 0x0000000086b00000, 0x0000000086c00000|  0%| F|  |TAMS 0x0000000086b00000, 0x0000000086b00000| Untracked 
| 108|0x0000000086c00000, 0x0000000086c00000, 0x0000000086d00000|  0%| F|  |TAMS 0x0000000086c00000, 0x0000000086c00000| Untracked 
| 109|0x0000000086d00000, 0x0000000086d00000, 0x0000000086e00000|  0%| F|  |TAMS 0x0000000086d00000, 0x0000000086d00000| Untracked 
| 110|0x0000000086e00000, 0x0000000086e00000, 0x0000000086f00000|  0%| F|  |TAMS 0x0000000086e00000, 0x0000000086e00000| Untracked 
| 111|0x0000000086f00000, 0x0000000086f00000, 0x0000000087000000|  0%| F|  |TAMS 0x0000000086f00000, 0x0000000086f00000| Untracked 
| 112|0x0000000087000000, 0x0000000087000000, 0x0000000087100000|  0%| F|  |TAMS 0x0000000087000000, 0x0000000087000000| Untracked 
| 113|0x0000000087100000, 0x0000000087100000, 0x0000000087200000|  0%| F|  |TAMS 0x0000000087100000, 0x0000000087100000| Untracked 
| 114|0x0000000087200000, 0x0000000087200000, 0x0000000087300000|  0%| F|  |TAMS 0x0000000087200000, 0x0000000087200000| Untracked 
| 115|0x0000000087300000, 0x0000000087300000, 0x0000000087400000|  0%| F|  |TAMS 0x0000000087300000, 0x0000000087300000| Untracked 
| 116|0x0000000087400000, 0x0000000087400000, 0x0000000087500000|  0%| F|  |TAMS 0x0000000087400000, 0x0000000087400000| Untracked 
| 117|0x0000000087500000, 0x0000000087500000, 0x0000000087600000|  0%| F|  |TAMS 0x0000000087500000, 0x0000000087500000| Untracked 
| 118|0x0000000087600000, 0x0000000087600000, 0x0000000087700000|  0%| F|  |TAMS 0x0000000087600000, 0x0000000087600000| Untracked 
| 119|0x0000000087700000, 0x0000000087700000, 0x0000000087800000|  0%| F|  |TAMS 0x0000000087700000, 0x0000000087700000| Untracked 
| 120|0x0000000087800000, 0x0000000087800000, 0x0000000087900000|  0%| F|  |TAMS 0x0000000087800000, 0x0000000087800000| Untracked 
| 121|0x0000000087900000, 0x0000000087900000, 0x0000000087a00000|  0%| F|  |TAMS 0x0000000087900000, 0x0000000087900000| Untracked 
| 122|0x0000000087a00000, 0x0000000087a00000, 0x0000000087b00000|  0%| F|  |TAMS 0x0000000087a00000, 0x0000000087a00000| Untracked 
| 123|0x0000000087b00000, 0x0000000087b00000, 0x0000000087c00000|  0%| F|  |TAMS 0x0000000087b00000, 0x0000000087b00000| Untracked 
| 124|0x0000000087c00000, 0x0000000087c00000, 0x0000000087d00000|  0%| F|  |TAMS 0x0000000087c00000, 0x0000000087c00000| Untracked 
| 125|0x0000000087d00000, 0x0000000087d00000, 0x0000000087e00000|  0%| F|  |TAMS 0x0000000087d00000, 0x0000000087d00000| Untracked 
| 126|0x0000000087e00000, 0x0000000087e00000, 0x0000000087f00000|  0%| F|  |TAMS 0x0000000087e00000, 0x0000000087e00000| Untracked 
| 127|0x0000000087f00000, 0x0000000087f00000, 0x0000000088000000|  0%| F|  |TAMS 0x0000000087f00000, 0x0000000087f00000| Untracked 
| 128|0x0000000088000000, 0x0000000088000000, 0x0000000088100000|  0%| F|  |TAMS 0x0000000088000000, 0x0000000088000000| Untracked 
| 129|0x0000000088100000, 0x0000000088100000, 0x0000000088200000|  0%| F|  |TAMS 0x0000000088100000, 0x0000000088100000| Untracked 
| 130|0x0000000088200000, 0x0000000088200000, 0x0000000088300000|  0%| F|  |TAMS 0x0000000088200000, 0x0000000088200000| Untracked 
| 131|0x0000000088300000, 0x0000000088300000, 0x0000000088400000|  0%| F|  |TAMS 0x0000000088300000, 0x0000000088300000| Untracked 
| 132|0x0000000088400000, 0x0000000088400000, 0x0000000088500000|  0%| F|  |TAMS 0x0000000088400000, 0x0000000088400000| Untracked 
| 133|0x0000000088500000, 0x0000000088500000, 0x0000000088600000|  0%| F|  |TAMS 0x0000000088500000, 0x0000000088500000| Untracked 
| 134|0x0000000088600000, 0x0000000088600000, 0x0000000088700000|  0%| F|  |TAMS 0x0000000088600000, 0x0000000088600000| Untracked 
| 135|0x0000000088700000, 0x0000000088700000, 0x0000000088800000|  0%| F|  |TAMS 0x0000000088700000, 0x0000000088700000| Untracked 
| 136|0x0000000088800000, 0x0000000088800000, 0x0000000088900000|  0%| F|  |TAMS 0x0000000088800000, 0x0000000088800000| Untracked 
| 137|0x0000000088900000, 0x0000000088900000, 0x0000000088a00000|  0%| F|  |TAMS 0x0000000088900000, 0x0000000088900000| Untracked 
| 138|0x0000000088a00000, 0x0000000088a00000, 0x0000000088b00000|  0%| F|  |TAMS 0x0000000088a00000, 0x0000000088a00000| Untracked 
| 139|0x0000000088b00000, 0x0000000088b00000, 0x0000000088c00000|  0%| F|  |TAMS 0x0000000088b00000, 0x0000000088b00000| Untracked 
| 140|0x0000000088c00000, 0x0000000088c00000, 0x0000000088d00000|  0%| F|  |TAMS 0x0000000088c00000, 0x0000000088c00000| Untracked 
| 141|0x0000000088d00000, 0x0000000088d00000, 0x0000000088e00000|  0%| F|  |TAMS 0x0000000088d00000, 0x0000000088d00000| Untracked 
| 142|0x0000000088e00000, 0x0000000088e00000, 0x0000000088f00000|  0%| F|  |TAMS 0x0000000088e00000, 0x0000000088e00000| Untracked 
| 143|0x0000000088f00000, 0x0000000088f00000, 0x0000000089000000|  0%| F|  |TAMS 0x0000000088f00000, 0x0000000088f00000| Untracked 
| 144|0x0000000089000000, 0x0000000089000000, 0x0000000089100000|  0%| F|  |TAMS 0x0000000089000000, 0x0000000089000000| Untracked 
| 145|0x0000000089100000, 0x0000000089100000, 0x0000000089200000|  0%| F|  |TAMS 0x0000000089100000, 0x0000000089100000| Untracked 
| 146|0x0000000089200000, 0x0000000089200000, 0x0000000089300000|  0%| F|  |TAMS 0x0000000089200000, 0x0000000089200000| Untracked 
| 147|0x0000000089300000, 0x0000000089300000, 0x0000000089400000|  0%| F|  |TAMS 0x0000000089300000, 0x0000000089300000| Untracked 
| 148|0x0000000089400000, 0x0000000089400000, 0x0000000089500000|  0%| F|  |TAMS 0x0000000089400000, 0x0000000089400000| Untracked 
| 149|0x0000000089500000, 0x0000000089500000, 0x0000000089600000|  0%| F|  |TAMS 0x0000000089500000, 0x0000000089500000| Untracked 
| 150|0x0000000089600000, 0x0000000089600000, 0x0000000089700000|  0%| F|  |TAMS 0x0000000089600000, 0x0000000089600000| Untracked 
| 151|0x0000000089700000, 0x0000000089700000, 0x0000000089800000|  0%| F|  |TAMS 0x0000000089700000, 0x0000000089700000| Untracked 
| 152|0x0000000089800000, 0x0000000089800000, 0x0000000089900000|  0%| F|  |TAMS 0x0000000089800000, 0x0000000089800000| Untracked 
| 153|0x0000000089900000, 0x0000000089900000, 0x0000000089a00000|  0%| F|  |TAMS 0x0000000089900000, 0x0000000089900000| Untracked 
| 154|0x0000000089a00000, 0x0000000089a00000, 0x0000000089b00000|  0%| F|  |TAMS 0x0000000089a00000, 0x0000000089a00000| Untracked 
| 155|0x0000000089b00000, 0x0000000089b00000, 0x0000000089c00000|  0%| F|  |TAMS 0x0000000089b00000, 0x0000000089b00000| Untracked 
| 156|0x0000000089c00000, 0x0000000089c00000, 0x0000000089d00000|  0%| F|  |TAMS 0x0000000089c00000, 0x0000000089c00000| Untracked 
| 157|0x0000000089d00000, 0x0000000089d00000, 0x0000000089e00000|  0%| F|  |TAMS 0x0000000089d00000, 0x0000000089d00000| Untracked 
| 158|0x0000000089e00000, 0x0000000089e00000, 0x0000000089f00000|  0%| F|  |TAMS 0x0000000089e00000, 0x0000000089e00000| Untracked 
| 159|0x0000000089f00000, 0x0000000089f00000, 0x000000008a000000|  0%| F|  |TAMS 0x0000000089f00000, 0x0000000089f00000| Untracked 
| 160|0x000000008a000000, 0x000000008a000000, 0x000000008a100000|  0%| F|  |TAMS 0x000000008a000000, 0x000000008a000000| Untracked 
| 161|0x000000008a100000, 0x000000008a100000, 0x000000008a200000|  0%| F|  |TAMS 0x000000008a100000, 0x000000008a100000| Untracked 
| 162|0x000000008a200000, 0x000000008a200000, 0x000000008a300000|  0%| F|  |TAMS 0x000000008a200000, 0x000000008a200000| Untracked 
| 163|0x000000008a300000, 0x000000008a300000, 0x000000008a400000|  0%| F|  |TAMS 0x000000008a300000, 0x000000008a300000| Untracked 
| 164|0x000000008a400000, 0x000000008a400000, 0x000000008a500000|  0%| F|  |TAMS 0x000000008a400000, 0x000000008a400000| Untracked 
| 165|0x000000008a500000, 0x000000008a500000, 0x000000008a600000|  0%| F|  |TAMS 0x000000008a500000, 0x000000008a500000| Untracked 
| 166|0x000000008a600000, 0x000000008a600000, 0x000000008a700000|  0%| F|  |TAMS 0x000000008a600000, 0x000000008a600000| Untracked 
| 167|0x000000008a700000, 0x000000008a700000, 0x000000008a800000|  0%| F|  |TAMS 0x000000008a700000, 0x000000008a700000| Untracked 
| 168|0x000000008a800000, 0x000000008a800000, 0x000000008a900000|  0%| F|  |TAMS 0x000000008a800000, 0x000000008a800000| Untracked 
| 169|0x000000008a900000, 0x000000008a900000, 0x000000008aa00000|  0%| F|  |TAMS 0x000000008a900000, 0x000000008a900000| Untracked 
| 170|0x000000008aa00000, 0x000000008aa00000, 0x000000008ab00000|  0%| F|  |TAMS 0x000000008aa00000, 0x000000008aa00000| Untracked 
| 171|0x000000008ab00000, 0x000000008ab80800, 0x000000008ac00000| 50%| E|  |TAMS 0x000000008ab00000, 0x000000008ab00000| Complete 
| 172|0x000000008ac00000, 0x000000008ad00000, 0x000000008ad00000|100%| E|CS|TAMS 0x000000008ac00000, 0x000000008ac00000| Complete 
| 173|0x000000008ad00000, 0x000000008ae00000, 0x000000008ae00000|100%| E|CS|TAMS 0x000000008ad00000, 0x000000008ad00000| Complete 
| 174|0x000000008ae00000, 0x000000008af00000, 0x000000008af00000|100%| E|CS|TAMS 0x000000008ae00000, 0x000000008ae00000| Complete 
| 175|0x000000008af00000, 0x000000008b000000, 0x000000008b000000|100%| E|CS|TAMS 0x000000008af00000, 0x000000008af00000| Complete 
| 176|0x000000008b000000, 0x000000008b100000, 0x000000008b100000|100%| E|CS|TAMS 0x000000008b000000, 0x000000008b000000| Complete 
| 177|0x000000008b100000, 0x000000008b200000, 0x000000008b200000|100%| E|CS|TAMS 0x000000008b100000, 0x000000008b100000| Complete 
| 178|0x000000008b200000, 0x000000008b272978, 0x000000008b300000| 44%| S|CS|TAMS 0x000000008b200000, 0x000000008b200000| Complete 
| 179|0x000000008b300000, 0x000000008b400000, 0x000000008b400000|100%| S|CS|TAMS 0x000000008b300000, 0x000000008b300000| Complete 
| 180|0x000000008b400000, 0x000000008b500000, 0x000000008b500000|100%| S|CS|TAMS 0x000000008b400000, 0x000000008b400000| Complete 
| 181|0x000000008b500000, 0x000000008b600000, 0x000000008b600000|100%| S|CS|TAMS 0x000000008b500000, 0x000000008b500000| Complete 
| 182|0x000000008b600000, 0x000000008b700000, 0x000000008b700000|100%| S|CS|TAMS 0x000000008b600000, 0x000000008b600000| Complete 
| 183|0x000000008b700000, 0x000000008b800000, 0x000000008b800000|100%| S|CS|TAMS 0x000000008b700000, 0x000000008b700000| Complete 
| 184|0x000000008b800000, 0x000000008b900000, 0x000000008b900000|100%| S|CS|TAMS 0x000000008b800000, 0x000000008b800000| Complete 
| 185|0x000000008b900000, 0x000000008ba00000, 0x000000008ba00000|100%| S|CS|TAMS 0x000000008b900000, 0x000000008b900000| Complete 
| 186|0x000000008ba00000, 0x000000008bb00000, 0x000000008bb00000|100%| S|CS|TAMS 0x000000008ba00000, 0x000000008ba00000| Complete 
| 187|0x000000008bb00000, 0x000000008bc00000, 0x000000008bc00000|100%| E|CS|TAMS 0x000000008bb00000, 0x000000008bb00000| Complete 
| 188|0x000000008bc00000, 0x000000008bd00000, 0x000000008bd00000|100%| E|CS|TAMS 0x000000008bc00000, 0x000000008bc00000| Complete 
| 189|0x000000008bd00000, 0x000000008be00000, 0x000000008be00000|100%| E|CS|TAMS 0x000000008bd00000, 0x000000008bd00000| Complete 
| 190|0x000000008be00000, 0x000000008bf00000, 0x000000008bf00000|100%| E|CS|TAMS 0x000000008be00000, 0x000000008be00000| Complete 
| 191|0x000000008bf00000, 0x000000008c000000, 0x000000008c000000|100%| E|CS|TAMS 0x000000008bf00000, 0x000000008bf00000| Complete 
| 192|0x000000008c000000, 0x000000008c100000, 0x000000008c100000|100%| E|CS|TAMS 0x000000008c000000, 0x000000008c000000| Complete 
| 193|0x000000008c100000, 0x000000008c200000, 0x000000008c200000|100%| E|CS|TAMS 0x000000008c100000, 0x000000008c100000| Complete 
| 194|0x000000008c200000, 0x000000008c300000, 0x000000008c300000|100%| E|CS|TAMS 0x000000008c200000, 0x000000008c200000| Complete 
| 195|0x000000008c300000, 0x000000008c400000, 0x000000008c400000|100%| E|CS|TAMS 0x000000008c300000, 0x000000008c300000| Complete 
| 196|0x000000008c400000, 0x000000008c500000, 0x000000008c500000|100%| E|CS|TAMS 0x000000008c400000, 0x000000008c400000| Complete 
| 197|0x000000008c500000, 0x000000008c600000, 0x000000008c600000|100%| E|CS|TAMS 0x000000008c500000, 0x000000008c500000| Complete 
| 198|0x000000008c600000, 0x000000008c700000, 0x000000008c700000|100%| E|CS|TAMS 0x000000008c600000, 0x000000008c600000| Complete 
| 199|0x000000008c700000, 0x000000008c800000, 0x000000008c800000|100%| E|CS|TAMS 0x000000008c700000, 0x000000008c700000| Complete 
| 200|0x000000008c800000, 0x000000008c900000, 0x000000008c900000|100%| E|CS|TAMS 0x000000008c800000, 0x000000008c800000| Complete 
| 201|0x000000008c900000, 0x000000008ca00000, 0x000000008ca00000|100%| E|CS|TAMS 0x000000008c900000, 0x000000008c900000| Complete 
| 202|0x000000008ca00000, 0x000000008cb00000, 0x000000008cb00000|100%| E|CS|TAMS 0x000000008ca00000, 0x000000008ca00000| Complete 
| 203|0x000000008cb00000, 0x000000008cc00000, 0x000000008cc00000|100%| E|CS|TAMS 0x000000008cb00000, 0x000000008cb00000| Complete 
| 204|0x000000008cc00000, 0x000000008cd00000, 0x000000008cd00000|100%| E|CS|TAMS 0x000000008cc00000, 0x000000008cc00000| Complete 
| 205|0x000000008cd00000, 0x000000008ce00000, 0x000000008ce00000|100%| E|CS|TAMS 0x000000008cd00000, 0x000000008cd00000| Complete 
| 206|0x000000008ce00000, 0x000000008cf00000, 0x000000008cf00000|100%| E|CS|TAMS 0x000000008ce00000, 0x000000008ce00000| Complete 
| 207|0x000000008cf00000, 0x000000008d000000, 0x000000008d000000|100%| E|CS|TAMS 0x000000008cf00000, 0x000000008cf00000| Complete 
| 208|0x000000008d000000, 0x000000008d100000, 0x000000008d100000|100%| E|CS|TAMS 0x000000008d000000, 0x000000008d000000| Complete 
| 209|0x000000008d100000, 0x000000008d200000, 0x000000008d200000|100%| E|CS|TAMS 0x000000008d100000, 0x000000008d100000| Complete 
| 210|0x000000008d200000, 0x000000008d300000, 0x000000008d300000|100%| E|CS|TAMS 0x000000008d200000, 0x000000008d200000| Complete 
| 211|0x000000008d300000, 0x000000008d400000, 0x000000008d400000|100%| E|CS|TAMS 0x000000008d300000, 0x000000008d300000| Complete 
| 212|0x000000008d400000, 0x000000008d500000, 0x000000008d500000|100%| E|CS|TAMS 0x000000008d400000, 0x000000008d400000| Complete 
| 213|0x000000008d500000, 0x000000008d600000, 0x000000008d600000|100%| E|CS|TAMS 0x000000008d500000, 0x000000008d500000| Complete 
| 214|0x000000008d600000, 0x000000008d700000, 0x000000008d700000|100%| E|CS|TAMS 0x000000008d600000, 0x000000008d600000| Complete 
| 215|0x000000008d700000, 0x000000008d800000, 0x000000008d800000|100%| E|CS|TAMS 0x000000008d700000, 0x000000008d700000| Complete 
| 216|0x000000008d800000, 0x000000008d900000, 0x000000008d900000|100%| E|CS|TAMS 0x000000008d800000, 0x000000008d800000| Complete 
| 217|0x000000008d900000, 0x000000008da00000, 0x000000008da00000|100%| E|CS|TAMS 0x000000008d900000, 0x000000008d900000| Complete 
| 218|0x000000008da00000, 0x000000008db00000, 0x000000008db00000|100%| E|CS|TAMS 0x000000008da00000, 0x000000008da00000| Complete 
| 219|0x000000008db00000, 0x000000008dc00000, 0x000000008dc00000|100%| E|CS|TAMS 0x000000008db00000, 0x000000008db00000| Complete 
| 220|0x000000008dc00000, 0x000000008dd00000, 0x000000008dd00000|100%| E|CS|TAMS 0x000000008dc00000, 0x000000008dc00000| Complete 
| 221|0x000000008dd00000, 0x000000008de00000, 0x000000008de00000|100%| E|CS|TAMS 0x000000008dd00000, 0x000000008dd00000| Complete 

Card table byte_map: [0x00000169b4840000,0x00000169b4c40000] _byte_map_base: 0x00000169b4440000

Marking Bits (Prev, Next): (CMBitMap*) 0x00000169a10e3b38, (CMBitMap*) 0x00000169a10e3b70
 Prev Bits: [0x00000169b5040000, 0x00000169b7040000)
 Next Bits: [0x00000169b7040000, 0x00000169b9040000)

Polling page: 0x00000169a0880000

Metaspace:

Usage:
  Non-class:     87.31 MB capacity,    85.55 MB ( 98%) used,     1.48 MB (  2%) free+waste,   288.13 KB ( <1%) overhead. 
      Class:     13.59 MB capacity,    12.63 MB ( 93%) used,   849.87 KB (  6%) free+waste,   131.13 KB ( <1%) overhead. 
       Both:    100.90 MB capacity,    98.18 MB ( 97%) used,     2.31 MB (  2%) free+waste,   419.25 KB ( <1%) overhead. 

Virtual space:
  Non-class space:       88.00 MB reserved,      87.42 MB (>99%) committed 
      Class space:        1.00 GB reserved,      13.63 MB (  1%) committed 
             Both:        1.09 GB reserved,     101.04 MB (  9%) committed 

Chunk freelists:
   Non-Class:  50.00 KB
       Class:  2.00 KB
        Both:  52.00 KB

MaxMetaspaceSize: 17179869184.00 GB
CompressedClassSpaceSize: 1.00 GB
Initial GC threshold: 20.80 MB
Current GC threshold: 164.66 MB
CDS: off

CodeHeap 'non-profiled nmethods': size=119168Kb used=5012Kb max_used=5012Kb free=114155Kb
 bounds [0x00000169ac750000, 0x00000169acc40000, 0x00000169b3bb0000]
CodeHeap 'profiled nmethods': size=119168Kb used=26143Kb max_used=26143Kb free=93024Kb
 bounds [0x00000169a52f0000, 0x00000169a6c80000, 0x00000169ac750000]
CodeHeap 'non-nmethods': size=7424Kb used=2993Kb max_used=3471Kb free=4430Kb
 bounds [0x00000169a4bb0000, 0x00000169a4f20000, 0x00000169a52f0000]
 total_blobs=12436 nmethods=11482 adapters=865
 compilation: enabled
              stopped_count=0, restarted_count=0
 full_count=0

Compilation events (20 events):
Event: 28.051 Thread 0x00000169bcaa3800 nmethod 11800 0x00000169a6c4f690 code [0x00000169a6c4f860, 0x00000169a6c4fa78]
Event: 28.051 Thread 0x00000169bc980000 nmethod 11801 0x00000169a6c4fb90 code [0x00000169a6c4fd60, 0x00000169a6c500a8]
Event: 28.053 Thread 0x00000169bcaa3800 11803       3       java.io.FileInputStream::read (8 bytes)
Event: 28.053 Thread 0x00000169bcaa3800 nmethod 11803 0x00000169a6c50210 code [0x00000169a6c503c0, 0x00000169a6c504e8]
Event: 28.053 Thread 0x00000169bc980000 11804       3       org.gradle.internal.component.external.model.AbstractLazyModuleComponentResolveMetadata::getVariants (5 bytes)
Event: 28.053 Thread 0x00000169bc980000 nmethod 11804 0x00000169a6c50590 code [0x00000169a6c50740, 0x00000169a6c50858]
Event: 28.053 Thread 0x00000169bcaa3800 11805       3       org.gradle.internal.component.external.model.AbstractVariantBackedConfigurationMetadata::getAttributes (5 bytes)
Event: 28.053 Thread 0x00000169bcaa3800 nmethod 11805 0x00000169a6c50910 code [0x00000169a6c50ac0, 0x00000169a6c50c68]
Event: 28.054 Thread 0x00000169bc980000 11806       3       org.gradle.api.internal.artifacts.ivyservice.resolveengine.graph.builder.NodeState::collectAncestorsStrictVersions (39 bytes)
Event: 28.054 Thread 0x00000169bcaa3800 11807       3       org.gradle.api.internal.artifacts.ivyservice.resolveengine.graph.builder.DefaultPendingDependenciesVisitor::complete (49 bytes)
Event: 28.054 Thread 0x00000169bc980000 nmethod 11806 0x00000169a6c50d10 code [0x00000169a6c50f00, 0x00000169a6c512f8]
Event: 28.054 Thread 0x00000169bcaa3800 nmethod 11807 0x00000169a6c51410 code [0x00000169a6c51620, 0x00000169a6c51b98]
Event: 28.057 Thread 0x00000169bc980000 11808       3       org.gradle.internal.component.external.model.LazyVariantBackedConfigurationMetadata$RuleAwareVariant::getCapabilities (36 bytes)
Event: 28.057 Thread 0x00000169bc980000 nmethod 11808 0x00000169a6c51d90 code [0x00000169a6c51f60, 0x00000169a6c52298]
Event: 28.059 Thread 0x00000169bcaa3800 11810       3       org.gradle.internal.component.model.DefaultSelectedByVariantMatchingConfigurationMetadata::getDependencies (10 bytes)
Event: 28.059 Thread 0x00000169bcaa3800 nmethod 11810 0x00000169a6c52390 code [0x00000169a6c52540, 0x00000169a6c52708]
Event: 28.059 Thread 0x00000169bc980000 11811       3       org.gradle.api.internal.artifacts.ivyservice.resolveengine.graph.builder.NodeState::visitOwners (123 bytes)
Event: 28.060 Thread 0x00000169bcaa3800 11812       3       org.gradle.api.internal.artifacts.ivyservice.resolveengine.graph.selectors.SelectorStateResolver::buildResolveResults (86 bytes)
Event: 28.060 Thread 0x00000169bc980000 nmethod 11811 0x00000169a6c52810 code [0x00000169a6c52bc0, 0x00000169a6c54448]
Event: 28.060 Thread 0x00000169bcaa3800 nmethod 11812 0x00000169a6c54d10 code [0x00000169a6c54fa0, 0x00000169a6c55ab8]

GC Heap History (20 events):
Event: 2.896 GC heap before
{Heap before GC invocations=5 (full 0):
 garbage-first heap   total 227328K, used 37621K [0x0000000080000000, 0x0000000100000000)
  region size 1024K, 12 young (12288K), 9 survivors (9216K)
 Metaspace       used 34815K, capacity 35712K, committed 35840K, reserved 1081344K
  class space    used 4638K, capacity 4964K, committed 4992K, reserved 1048576K
}
Event: 2.901 GC heap after
{Heap after GC invocations=6 (full 0):
 garbage-first heap   total 227328K, used 36141K [0x0000000080000000, 0x0000000100000000)
  region size 1024K, 8 young (8192K), 8 survivors (8192K)
 Metaspace       used 34815K, capacity 35712K, committed 35840K, reserved 1081344K
  class space    used 4638K, capacity 4964K, committed 4992K, reserved 1048576K
}
Event: 3.780 GC heap before
{Heap before GC invocations=7 (full 0):
 garbage-first heap   total 227328K, used 148781K [0x0000000080000000, 0x0000000100000000)
  region size 1024K, 111 young (113664K), 8 survivors (8192K)
 Metaspace       used 44911K, capacity 46051K, committed 46208K, reserved 1089536K
  class space    used 5776K, capacity 6200K, committed 6272K, reserved 1048576K
}
Event: 3.787 GC heap after
{Heap after GC invocations=8 (full 0):
 garbage-first heap   total 227328K, used 48945K [0x0000000080000000, 0x0000000100000000)
  region size 1024K, 9 young (9216K), 9 survivors (9216K)
 Metaspace       used 44911K, capacity 46051K, committed 46208K, reserved 1089536K
  class space    used 5776K, capacity 6200K, committed 6272K, reserved 1048576K
}
Event: 5.163 GC heap before
{Heap before GC invocations=8 (full 0):
 garbage-first heap   total 227328K, used 157489K [0x0000000080000000, 0x0000000100000000)
  region size 1024K, 111 young (113664K), 9 survivors (9216K)
 Metaspace       used 51367K, capacity 52983K, committed 53248K, reserved 1095680K
  class space    used 6611K, capacity 7141K, committed 7168K, reserved 1048576K
}
Event: 5.169 GC heap after
{Heap after GC invocations=9 (full 0):
 garbage-first heap   total 227328K, used 58547K [0x0000000080000000, 0x0000000100000000)
  region size 1024K, 6 young (6144K), 6 survivors (6144K)
 Metaspace       used 51367K, capacity 52983K, committed 53248K, reserved 1095680K
  class space    used 6611K, capacity 7141K, committed 7168K, reserved 1048576K
}
Event: 7.604 GC heap before
{Heap before GC invocations=9 (full 0):
 garbage-first heap   total 227328K, used 146611K [0x0000000080000000, 0x0000000100000000)
  region size 1024K, 89 young (91136K), 6 survivors (6144K)
 Metaspace       used 58399K, capacity 60167K, committed 60288K, reserved 1101824K
  class space    used 7471K, capacity 8080K, committed 8192K, reserved 1048576K
}
Event: 7.612 GC heap after
{Heap after GC invocations=10 (full 0):
 garbage-first heap   total 227328K, used 70835K [0x0000000080000000, 0x0000000100000000)
  region size 1024K, 14 young (14336K), 14 survivors (14336K)
 Metaspace       used 58399K, capacity 60167K, committed 60288K, reserved 1101824K
  class space    used 7471K, capacity 8080K, committed 8192K, reserved 1048576K
}
Event: 8.391 GC heap before
{Heap before GC invocations=11 (full 0):
 garbage-first heap   total 227328K, used 165043K [0x0000000080000000, 0x0000000100000000)
  region size 1024K, 106 young (108544K), 14 survivors (14336K)
 Metaspace       used 67815K, capacity 69719K, committed 69760K, reserved 1110016K
  class space    used 8666K, capacity 9307K, committed 9344K, reserved 1048576K
}
Event: 8.400 GC heap after
{Heap after GC invocations=12 (full 0):
 garbage-first heap   total 227328K, used 77071K [0x0000000080000000, 0x0000000100000000)
  region size 1024K, 7 young (7168K), 7 survivors (7168K)
 Metaspace       used 67815K, capacity 69719K, committed 69760K, reserved 1110016K
  class space    used 8666K, capacity 9307K, committed 9344K, reserved 1048576K
}
Event: 9.009 GC heap before
{Heap before GC invocations=12 (full 0):
 garbage-first heap   total 227328K, used 180495K [0x0000000080000000, 0x0000000100000000)
  region size 1024K, 98 young (100352K), 7 survivors (7168K)
 Metaspace       used 74856K, capacity 76942K, committed 77056K, reserved 1116160K
  class space    used 9757K, capacity 10470K, committed 10496K, reserved 1048576K
}
Event: 9.015 GC heap after
{Heap after GC invocations=13 (full 0):
 garbage-first heap   total 227328K, used 94690K [0x0000000080000000, 0x0000000100000000)
  region size 1024K, 13 young (13312K), 13 survivors (13312K)
 Metaspace       used 74856K, capacity 76942K, committed 77056K, reserved 1116160K
  class space    used 9757K, capacity 10470K, committed 10496K, reserved 1048576K
}
Event: 9.683 GC heap before
{Heap before GC invocations=13 (full 0):
 garbage-first heap   total 227328K, used 178658K [0x0000000080000000, 0x0000000100000000)
  region size 1024K, 95 young (97280K), 13 survivors (13312K)
 Metaspace       used 82365K, capacity 84618K, committed 84736K, reserved 1122304K
  class space    used 10710K, capacity 11472K, committed 11520K, reserved 1048576K
}
Event: 9.692 GC heap after
{Heap after GC invocations=14 (full 0):
 garbage-first heap   total 227328K, used 100297K [0x0000000080000000, 0x0000000100000000)
  region size 1024K, 6 young (6144K), 6 survivors (6144K)
 Metaspace       used 82365K, capacity 84618K, committed 84736K, reserved 1122304K
  class space    used 10710K, capacity 11472K, committed 11520K, reserved 1048576K
}
Event: 10.625 GC heap before
{Heap before GC invocations=14 (full 0):
 garbage-first heap   total 227328K, used 180169K [0x0000000080000000, 0x0000000100000000)
  region size 1024K, 85 young (87040K), 6 survivors (6144K)
 Metaspace       used 90539K, capacity 92966K, committed 93056K, reserved 1130496K
  class space    used 11742K, capacity 12586K, committed 12672K, reserved 1048576K
}
Event: 10.630 GC heap after
{Heap after GC invocations=15 (full 0):
 garbage-first heap   total 227328K, used 105533K [0x0000000080000000, 0x0000000100000000)
  region size 1024K, 11 young (11264K), 11 survivors (11264K)
 Metaspace       used 90539K, capacity 92966K, committed 93056K, reserved 1130496K
  class space    used 11742K, capacity 12586K, committed 12672K, reserved 1048576K
}
Event: 11.168 GC heap before
{Heap before GC invocations=15 (full 0):
 garbage-first heap   total 227328K, used 182333K [0x0000000080000000, 0x0000000100000000)
  region size 1024K, 87 young (89088K), 11 survivors (11264K)
 Metaspace       used 94643K, capacity 97071K, committed 97280K, reserved 1134592K
  class space    used 12201K, capacity 13055K, committed 13056K, reserved 1048576K
}
Event: 11.175 GC heap after
{Heap after GC invocations=16 (full 0):
 garbage-first heap   total 227328K, used 110816K [0x0000000080000000, 0x0000000100000000)
  region size 1024K, 11 young (11264K), 11 survivors (11264K)
 Metaspace       used 94643K, capacity 97071K, committed 97280K, reserved 1134592K
  class space    used 12201K, capacity 13055K, committed 13056K, reserved 1048576K
}
Event: 11.688 GC heap before
{Heap before GC invocations=16 (full 0):
 garbage-first heap   total 227328K, used 145632K [0x0000000080000000, 0x0000000100000000)
  region size 1024K, 46 young (47104K), 11 survivors (11264K)
 Metaspace       used 98069K, capacity 100754K, committed 100908K, reserved 1136640K
  class space    used 12635K, capacity 13632K, committed 13696K, reserved 1048576K
}
Event: 11.695 GC heap after
{Heap after GC invocations=17 (full 0):
 garbage-first heap   total 227328K, used 113829K [0x0000000080000000, 0x0000000100000000)
  region size 1024K, 9 young (9216K), 9 survivors (9216K)
 Metaspace       used 98069K, capacity 100754K, committed 100908K, reserved 1136640K
  class space    used 12635K, capacity 13632K, committed 13696K, reserved 1048576K
}

Deoptimization events (20 events):
Event: 21.242 Thread 0x00000169bdc9e800 DEOPT PACKING pc=0x00000169ac7e0180 sp=0x00000066ecefe410
Event: 21.242 Thread 0x00000169bdc9e800 DEOPT UNPACKING pc=0x00000169a4bfa1af sp=0x00000066ecefe3a0 mode 2
Event: 21.242 Thread 0x00000169bdc9e800 Uncommon trap: trap_request=0xffffff4d fr.pc=0x00000169aca9cffc relative=0x000000000000063c
Event: 21.242 Thread 0x00000169bdc9e800 Uncommon trap: reason=unstable_if action=reinterpret pc=0x00000169aca9cffc method=java.lang.AbstractStringBuilder.append(Ljava/lang/String;)Ljava/lang/AbstractStringBuilder; @ 1 c2
Event: 21.242 Thread 0x00000169bdc9e800 DEOPT PACKING pc=0x00000169aca9cffc sp=0x00000066ecefe3c0
Event: 21.242 Thread 0x00000169bdc9e800 DEOPT UNPACKING pc=0x00000169a4bfa1af sp=0x00000066ecefe3a8 mode 2
Event: 27.935 Thread 0x00000169beb59800 Uncommon trap: trap_request=0xffffff4d fr.pc=0x00000169acbef244 relative=0x00000000000004a4
Event: 27.935 Thread 0x00000169beb59800 Uncommon trap: reason=unstable_if action=reinterpret pc=0x00000169acbef244 method=org.gradle.cache.internal.DefaultCrossBuildInMemoryCacheFactory$AbstractCrossBuildInMemoryCache.getIfPresentWithoutLock(Ljava/lang/Object;)Ljava/lang/Object; @ 24 c2
Event: 27.935 Thread 0x00000169beb59800 DEOPT PACKING pc=0x00000169acbef244 sp=0x00000066ed2fc1b0
Event: 27.935 Thread 0x00000169beb59800 DEOPT UNPACKING pc=0x00000169a4bfa1af sp=0x00000066ed2fc158 mode 2
Event: 27.976 Thread 0x00000169beb59800 Uncommon trap: trap_request=0xffffff7e fr.pc=0x00000169acc2f628 relative=0x0000000000000368
Event: 27.976 Thread 0x00000169beb59800 Uncommon trap: reason=predicate action=maybe_recompile pc=0x00000169acc2f628 method=java.util.AbstractCollection.toArray([Ljava/lang/Object;)[Ljava/lang/Object; @ 43 c2
Event: 27.976 Thread 0x00000169beb59800 DEOPT PACKING pc=0x00000169acc2f628 sp=0x00000066ed2f9d40
Event: 27.976 Thread 0x00000169beb59800 DEOPT UNPACKING pc=0x00000169a4bfa1af sp=0x00000066ed2f9ce8 mode 2
Event: 28.011 Thread 0x00000169beb59800 Uncommon trap: trap_request=0xffffffc6 fr.pc=0x00000169acbbfe34 relative=0x0000000000000174
Event: 28.011 Thread 0x00000169beb59800 Uncommon trap: reason=bimorphic_or_optimized_type_check action=maybe_recompile pc=0x00000169acbbfe34 method=com.google.common.collect.ImmutableList.hashCode()I @ 23 c2
Event: 28.011 Thread 0x00000169beb59800 DEOPT PACKING pc=0x00000169acbbfe34 sp=0x00000066ed2f9500
Event: 28.011 Thread 0x00000169beb59800 DEOPT UNPACKING pc=0x00000169a4bfa1af sp=0x00000066ed2f9488 mode 2
Event: 28.043 Thread 0x00000169beb59800 DEOPT PACKING pc=0x00000169a69f6498 sp=0x00000066ed2f8790
Event: 28.043 Thread 0x00000169beb59800 DEOPT UNPACKING pc=0x00000169a4bfa95e sp=0x00000066ed2f7c90 mode 0

Classes redefined (0 events):
No events

Internal exceptions (20 events):
Event: 11.772 Thread 0x00000169beb59800 Exception <a 'java/lang/ClassNotFoundException'{0x000000008d295340}: java/util/CollectionBeanInfo> (0x000000008d295340) thrown at [./src/hotspot/share/classfile/systemDictionary.cpp, line 231]
Event: 11.772 Thread 0x00000169beb59800 Exception <a 'java/lang/ClassNotFoundException'{0x000000008d29edb0}: java/util/CollectionCustomizer> (0x000000008d29edb0) thrown at [./src/hotspot/share/classfile/systemDictionary.cpp, line 231]
Event: 11.777 Thread 0x00000169beb59800 Exception <a 'java/lang/ClassNotFoundException'{0x000000008d12ba48}: org/gradle/api/tasks/SourceSetBeanInfo> (0x000000008d12ba48) thrown at [./src/hotspot/share/classfile/systemDictionary.cpp, line 231]
Event: 11.777 Thread 0x00000169beb59800 Exception <a 'java/lang/ClassNotFoundException'{0x000000008d14a2e0}: org/gradle/api/tasks/SourceSetCustomizer> (0x000000008d14a2e0) thrown at [./src/hotspot/share/classfile/systemDictionary.cpp, line 231]
Event: 11.779 Thread 0x00000169beb59800 Exception <a 'java/lang/ClassNotFoundException'{0x000000008d1c80d8}: java/util/LinkedHashMapBeanInfo> (0x000000008d1c80d8) thrown at [./src/hotspot/share/classfile/systemDictionary.cpp, line 231]
Event: 11.779 Thread 0x00000169beb59800 Exception <a 'java/lang/ClassNotFoundException'{0x000000008d1d1298}: java/util/HashMapBeanInfo> (0x000000008d1d1298) thrown at [./src/hotspot/share/classfile/systemDictionary.cpp, line 231]
Event: 11.779 Thread 0x00000169beb59800 Exception <a 'java/lang/ClassNotFoundException'{0x000000008d1db1e0}: java/util/AbstractMapBeanInfo> (0x000000008d1db1e0) thrown at [./src/hotspot/share/classfile/systemDictionary.cpp, line 231]
Event: 11.779 Thread 0x00000169beb59800 Exception <a 'java/lang/ClassNotFoundException'{0x000000008d1e4c90}: java/util/AbstractMapCustomizer> (0x000000008d1e4c90) thrown at [./src/hotspot/share/classfile/systemDictionary.cpp, line 231]
Event: 11.780 Thread 0x00000169beb59800 Exception <a 'java/lang/ClassNotFoundException'{0x000000008d1f8280}: java/util/HashMapCustomizer> (0x000000008d1f8280) thrown at [./src/hotspot/share/classfile/systemDictionary.cpp, line 231]
Event: 11.780 Thread 0x00000169beb59800 Exception <a 'java/lang/ClassNotFoundException'{0x000000008d019ee0}: java/util/LinkedHashMapCustomizer> (0x000000008d019ee0) thrown at [./src/hotspot/share/classfile/systemDictionary.cpp, line 231]
Event: 11.859 Thread 0x00000169beb61000 Exception <a 'java/lang/NoSuchMethodError'{0x000000008c593ce8}: <clinit>> (0x000000008c593ce8) thrown at [./src/hotspot/share/prims/jni.cpp, line 1365]
Event: 11.859 Thread 0x00000169beb61000 Exception <a 'java/lang/NoSuchMethodError'{0x000000008c5a5898}: <clinit>> (0x000000008c5a5898) thrown at [./src/hotspot/share/prims/jni.cpp, line 1365]
Event: 11.860 Thread 0x00000169beb61000 Exception <a 'java/lang/NoSuchMethodError'{0x000000008c5bfb98}: <clinit>> (0x000000008c5bfb98) thrown at [./src/hotspot/share/prims/jni.cpp, line 1365]
Event: 11.861 Thread 0x00000169beb61000 Exception <a 'java/lang/NoSuchMethodError'{0x000000008c5dd7e8}: <clinit>> (0x000000008c5dd7e8) thrown at [./src/hotspot/share/prims/jni.cpp, line 1365]
Event: 11.863 Thread 0x00000169beb61000 Exception <a 'java/lang/NoSuchMethodError'{0x000000008c5ed3d0}: <clinit>> (0x000000008c5ed3d0) thrown at [./src/hotspot/share/prims/jni.cpp, line 1365]
Event: 21.242 Thread 0x00000169bdc9e800 Implicit null exception at 0x00000169ac7dfc77 to 0x00000169ac7e0168
Event: 21.242 Thread 0x00000169bdc9e800 Implicit null exception at 0x00000169aca9c9f4 to 0x00000169aca9cfe4
Event: 27.987 Thread 0x00000169bd660000 Exception <a 'java/lang/NoSuchMethodError'{0x000000008bc8e9f8}: <clinit>> (0x000000008bc8e9f8) thrown at [./src/hotspot/share/prims/jni.cpp, line 1365]
Event: 27.989 Thread 0x00000169bd660000 Exception <a 'java/lang/NoSuchMethodError'{0x000000008bc9dfd8}: <clinit>> (0x000000008bc9dfd8) thrown at [./src/hotspot/share/prims/jni.cpp, line 1365]
Event: 27.989 Thread 0x00000169bd660000 Exception <a 'java/lang/NoSuchMethodError'{0x000000008bca05a8}: <clinit>> (0x000000008bca05a8) thrown at [./src/hotspot/share/prims/jni.cpp, line 1365]

Events (20 events):
Event: 27.990 loading class org/gradle/tooling/internal/protocol/events/InternalPluginIdentifier
Event: 27.990 loading class org/gradle/tooling/internal/protocol/events/InternalPluginIdentifier done
Event: 27.990 loading class org/gradle/internal/operations/OperationIdentifier
Event: 27.990 loading class org/gradle/internal/operations/OperationIdentifier done
Event: 27.990 loading class org/gradle/tooling/internal/provider/runner/PluginApplicationTracker
Event: 27.990 loading class org/gradle/tooling/internal/provider/runner/PluginApplicationTracker done
Event: 27.990 loading class org/gradle/tooling/internal/protocol/events/InternalPluginIdentifier
Event: 27.990 loading class org/gradle/tooling/internal/protocol/events/InternalPluginIdentifier done
Event: 27.990 loading class org/gradle/tooling/internal/provider/runner/ProjectConfigurationTracker$PluginApplicationResult
Event: 27.990 loading class org/gradle/tooling/internal/provider/runner/ProjectConfigurationTracker$PluginApplicationResult done
Event: 27.991 loading class org/gradle/tooling/internal/protocol/events/InternalPluginIdentifier
Event: 27.991 loading class org/gradle/tooling/internal/protocol/events/InternalPluginIdentifier done
Event: 27.991 loading class org/gradle/tooling/internal/protocol/events/InternalPluginIdentifier
Event: 27.991 loading class org/gradle/tooling/internal/protocol/events/InternalPluginIdentifier done
Event: 27.991 loading class org/gradle/tooling/internal/protocol/events/InternalProjectConfigurationResult$InternalPluginApplicationResult
Event: 27.991 loading class org/gradle/tooling/internal/protocol/events/InternalProjectConfigurationResult$InternalPluginApplicationResult done
Event: 27.993 Executing VM operation: BulkRevokeBias
Event: 27.994 Executing VM operation: BulkRevokeBias done
Event: 28.001 Thread 0x00000169bd65e800 Thread added: 0x00000169bd65e800
Event: 28.050 Thread 0x00000169bcaa3800 Thread added: 0x00000169bcaa3800


Dynamic libraries:
0x00007ff7a3730000 - 0x00007ff7a373a000 	C:\Coding\Android\Android_Studio\jre\bin\java.exe
0x00007ffb0c760000 - 0x00007ffb0c969000 	C:\Windows\SYSTEM32\ntdll.dll
0x00007ffb0ab30000 - 0x00007ffb0abed000 	C:\Windows\System32\KERNEL32.DLL
0x00007ffb0a040000 - 0x00007ffb0a3bd000 	C:\Windows\System32\KERNELBASE.dll
0x00007ffb09de0000 - 0x00007ffb09ef1000 	C:\Windows\System32\ucrtbase.dll
0x00007ffacb600000 - 0x00007ffacb619000 	C:\Coding\Android\Android_Studio\jre\bin\jli.dll
0x00007ffabea20000 - 0x00007ffabea37000 	C:\Coding\Android\Android_Studio\jre\bin\VCRUNTIME140.dll
0x00007ffb0bfb0000 - 0x00007ffb0c15d000 	C:\Windows\System32\USER32.dll
0x00007ffaf8120000 - 0x00007ffaf83c5000 	C:\Windows\WinSxS\amd64_microsoft.windows.common-controls_6595b64144ccf1df_6.0.22000.120_none_9d947278b86cc467\COMCTL32.dll
0x00007ffb0a010000 - 0x00007ffb0a036000 	C:\Windows\System32\win32u.dll
0x00007ffb0bf00000 - 0x00007ffb0bfa3000 	C:\Windows\System32\msvcrt.dll
0x00007ffb0a900000 - 0x00007ffb0a929000 	C:\Windows\System32\GDI32.dll
0x00007ffb09cc0000 - 0x00007ffb09dd8000 	C:\Windows\System32\gdi32full.dll
0x00007ffb09f70000 - 0x00007ffb0a00d000 	C:\Windows\System32\msvcp_win.dll
0x00007ffb0a8a0000 - 0x00007ffb0a8d1000 	C:\Windows\System32\IMM32.DLL
0x00007ffa8b4b0000 - 0x00007ffa8b54d000 	C:\Coding\Android\Android_Studio\jre\bin\msvcp140.dll
0x00007ffa81760000 - 0x00007ffa82245000 	C:\Coding\Android\Android_Studio\jre\bin\server\jvm.dll
0x00007ffb0be50000 - 0x00007ffb0befe000 	C:\Windows\System32\ADVAPI32.dll
0x00007ffb0ac00000 - 0x00007ffb0ac9e000 	C:\Windows\System32\sechost.dll
0x00007ffb0ba00000 - 0x00007ffb0bb20000 	C:\Windows\System32\RPCRT4.dll
0x00007ffb0a5f0000 - 0x00007ffb0a5f8000 	C:\Windows\System32\PSAPI.DLL
0x00007ffb04810000 - 0x00007ffb04819000 	C:\Windows\SYSTEM32\WSOCK32.dll
0x00007ffb03c60000 - 0x00007ffb03c93000 	C:\Windows\SYSTEM32\WINMM.dll
0x00007ffb01af0000 - 0x00007ffb01afa000 	C:\Windows\SYSTEM32\VERSION.dll
0x00007ffb0aac0000 - 0x00007ffb0ab2f000 	C:\Windows\System32\WS2_32.dll
0x00007ffb08d40000 - 0x00007ffb08d58000 	C:\Windows\SYSTEM32\kernel.appcore.dll
0x00007ffb043b0000 - 0x00007ffb043c1000 	C:\Coding\Android\Android_Studio\jre\bin\verify.dll
0x00007ffb079d0000 - 0x00007ffb07bf1000 	C:\Windows\SYSTEM32\DBGHELP.DLL
0x00007ffaf43f0000 - 0x00007ffaf4421000 	C:\Windows\SYSTEM32\dbgcore.DLL
0x00007ffb09c40000 - 0x00007ffb09cbf000 	C:\Windows\System32\bcryptPrimitives.dll
0x00007ffb03e00000 - 0x00007ffb03e29000 	C:\Coding\Android\Android_Studio\jre\bin\java.dll
0x00007ffb06c60000 - 0x00007ffb06c6b000 	C:\Coding\Android\Android_Studio\jre\bin\jimage.dll
0x00007ffb03de0000 - 0x00007ffb03df8000 	C:\Coding\Android\Android_Studio\jre\bin\zip.dll
0x00007ffb0ad20000 - 0x00007ffb0b4d8000 	C:\Windows\System32\SHELL32.dll
0x00007ffb07db0000 - 0x00007ffb08618000 	C:\Windows\SYSTEM32\windows.storage.dll
0x00007ffb0b4e0000 - 0x00007ffb0b859000 	C:\Windows\System32\combase.dll
0x00007ffb07c40000 - 0x00007ffb07da6000 	C:\Windows\SYSTEM32\wintypes.dll
0x00007ffb0c160000 - 0x00007ffb0c24a000 	C:\Windows\System32\SHCORE.dll
0x00007ffb0aa60000 - 0x00007ffb0aabd000 	C:\Windows\System32\shlwapi.dll
0x00007ffb09b70000 - 0x00007ffb09b91000 	C:\Windows\SYSTEM32\profapi.dll
0x00007ffafb330000 - 0x00007ffafb34a000 	C:\Coding\Android\Android_Studio\jre\bin\net.dll
0x00007ffb03f60000 - 0x00007ffb0406c000 	C:\Windows\SYSTEM32\WINHTTP.dll
0x00007ffb09170000 - 0x00007ffb091d7000 	C:\Windows\system32\mswsock.dll
0x00007ffae08e0000 - 0x00007ffae08f4000 	C:\Coding\Android\Android_Studio\jre\bin\nio.dll
0x00007ffae14d0000 - 0x00007ffae14f7000 	C:\Users\vaidi\.gradle\native\e1d6ef7f7dcc3fd88c89a11ec53ec762bb8ba0a96d01ffa2cd45eb1d1d8dd5c5\windows-amd64\native-platform.dll
0x00007ffa94de0000 - 0x00007ffa94f24000 	C:\Users\vaidi\.gradle\native\5664cfc778a61ccfe75a443a1ab52a65af34e5dc3c78e0209fed803814484fcb\windows-amd64\native-platform-file-events.dll
0x00007ffb043a0000 - 0x00007ffb043aa000 	C:\Coding\Android\Android_Studio\jre\bin\management.dll
0x00007ffb04320000 - 0x00007ffb0432d000 	C:\Coding\Android\Android_Studio\jre\bin\management_ext.dll
0x00007ffb093b0000 - 0x00007ffb093c8000 	C:\Windows\SYSTEM32\CRYPTSP.dll
0x00007ffb08ca0000 - 0x00007ffb08cd5000 	C:\Windows\system32\rsaenh.dll
0x00007ffb09260000 - 0x00007ffb09289000 	C:\Windows\SYSTEM32\USERENV.dll
0x00007ffb09530000 - 0x00007ffb09557000 	C:\Windows\SYSTEM32\bcrypt.dll
0x00007ffb093d0000 - 0x00007ffb093dc000 	C:\Windows\SYSTEM32\CRYPTBASE.dll
0x00007ffb088b0000 - 0x00007ffb088dd000 	C:\Windows\SYSTEM32\IPHLPAPI.DLL
0x00007ffb0abf0000 - 0x00007ffb0abf9000 	C:\Windows\System32\NSI.dll
0x00007ffb03ec0000 - 0x00007ffb03ed9000 	C:\Windows\SYSTEM32\dhcpcsvc6.DLL
0x00007ffb045e0000 - 0x00007ffb045fe000 	C:\Windows\SYSTEM32\dhcpcsvc.DLL
0x00007ffb088e0000 - 0x00007ffb089c8000 	C:\Windows\SYSTEM32\DNSAPI.dll
0x00007ffb03d60000 - 0x00007ffb03d87000 	C:\Coding\Android\Android_Studio\jre\bin\sunec.dll
0x00007ffafefc0000 - 0x00007ffafefca000 	C:\Windows\System32\rasadhlp.dll
0x00007ffb02210000 - 0x00007ffb02291000 	C:\Windows\System32\fwpuclnt.dll

dbghelp: loaded successfully - version: 4.0.5 - missing functions: none
symbol engine: initialized successfully - sym options: 0x614 - pdb path: .;C:\Coding\Android\Android_Studio\jre\bin;C:\Windows\SYSTEM32;C:\Windows\WinSxS\amd64_microsoft.windows.common-controls_6595b64144ccf1df_6.0.22000.120_none_9d947278b86cc467;C:\Coding\Android\Android_Studio\jre\bin\server;C:\Users\vaidi\.gradle\native\e1d6ef7f7dcc3fd88c89a11ec53ec762bb8ba0a96d01ffa2cd45eb1d1d8dd5c5\windows-amd64;C:\Users\vaidi\.gradle\native\5664cfc778a61ccfe75a443a1ab52a65af34e5dc3c78e0209fed803814484fcb\windows-amd64

VM Arguments:
jvm_args: --add-opens=java.base/java.util=ALL-UNNAMED --add-opens=java.base/java.lang=ALL-UNNAMED --add-opens=java.base/java.lang.invoke=ALL-UNNAMED --add-opens=java.base/java.util=ALL-UNNAMED --add-opens=java.prefs/java.util.prefs=ALL-UNNAMED --add-opens=java.prefs/java.util.prefs=ALL-UNNAMED --add-opens=java.base/java.nio.charset=ALL-UNNAMED --add-opens=java.base/java.net=ALL-UNNAMED --add-opens=java.base/java.util.concurrent.atomic=ALL-UNNAMED -Xmx2048m -Dfile.encoding=UTF-8 -Duser.country=IN -Duser.language=en -Duser.variant 
java_command: org.gradle.launcher.daemon.bootstrap.GradleDaemon 7.3.3
java_class_path (initial): C:\Users\vaidi\.gradle\wrapper\dists\gradle-7.3.3-bin\6a41zxkdtcxs8rphpq6y0069z\gradle-7.3.3\lib\gradle-launcher-7.3.3.jar
Launcher Type: SUN_STANDARD

[Global flags]
     intx CICompilerCount                          = 12                                        {product} {ergonomic}
     uint ConcGCThreads                            = 3                                         {product} {ergonomic}
     uint G1ConcRefinementThreads                  = 13                                        {product} {ergonomic}
   size_t G1HeapRegionSize                         = 1048576                                   {product} {ergonomic}
    uintx GCDrainStackTargetSize                   = 64                                        {product} {ergonomic}
   size_t InitialHeapSize                          = 232783872                                 {product} {ergonomic}
   size_t MarkStackSize                            = 4194304                                   {product} {ergonomic}
   size_t MaxHeapSize                              = 2147483648                                {product} {command line}
   size_t MaxNewSize                               = 1287651328                                {product} {ergonomic}
   size_t MinHeapDeltaBytes                        = 1048576                                   {product} {ergonomic}
    uintx NonNMethodCodeHeapSize                   = 7594288                                {pd product} {ergonomic}
    uintx NonProfiledCodeHeapSize                  = 122031976                              {pd product} {ergonomic}
    uintx ProfiledCodeHeapSize                     = 122031976                              {pd product} {ergonomic}
    uintx ReservedCodeCacheSize                    = 251658240                              {pd product} {ergonomic}
     bool SegmentedCodeCache                       = true                                      {product} {ergonomic}
     bool UseCompressedClassPointers               = true                                 {lp64_product} {ergonomic}
     bool UseCompressedOops                        = true                                 {lp64_product} {ergonomic}
     bool UseG1GC                                  = true                                      {product} {ergonomic}
     bool UseLargePagesIndividualAllocation        = false                                  {pd product} {ergonomic}

Logging:
Log output configuration:
 #0: stdout all=warning uptime,level,tags
 #1: stderr all=off uptime,level,tags

Environment Variables:
PATH=C:\Coding\Python\Scripts\;C:\Coding\Python\;C:\Windows\system32;C:\Windows;C:\Windows\System32\Wbem;C:\Windows\System32\WindowsPowerShell\v1.0\;C:\Windows\System32\OpenSSH\;C:\Program Files (x86)\NVIDIA Corporation\PhysX\Common;C:\Program Files\NVIDIA Corporation\NVIDIA NvDLISR;C:\Users\vaidi\AppData\Local\Microsoft\WindowsApps;C:\adb;C:\Coding\msys64\mingw64\bin;C:\Program Files\nodejs\;C:\Android;C:\Program Files\Git\cmd;C:\Users\vaidi\AppData\Local\Microsoft\WindowsApps;C:\Coding\Microsoft VS Code\bin;C:\Coding\msys64\mingw64\bin;C:\Users\vaidi\AppData\Roaming\npm;
USERNAME=vaidi
OS=Windows_NT
PROCESSOR_IDENTIFIER=AMD64 Family 25 Model 80 Stepping 0, AuthenticAMD



---------------  S Y S T E M  ---------------

OS: Windows 10 , 64 bit Build 22000 (10.0.22000.708)
OS uptime: 6 days 7:23 hours

CPU:total 16 (initial active 16) (16 cores per cpu, 2 threads per core) family 25 model 80 stepping 0 microcode 0x0, cmov, cx8, fxsr, mmx, sse, sse2, sse3, ssse3, sse4.1, sse4.2, popcnt, avx, avx2, aes, clmul, erms, mmxext, 3dnowpref, lzcnt, sse4a, ht, tsc, tscinvbit, tscinv, bmi1, bmi2, adx, sha, fma

Memory: 4k page, system-wide physical 14188M (280M free)
TotalPageFile size 57196M (AvailPageFile size 0M)
current process WorkingSet (physical memory assigned to process): 477M, peak: 496M
current process commit charge ("private bytes"): 529M, peak: 550M

vm_info: OpenJDK 64-Bit Server VM (11.0.12+7-b1504.28-7817840) for windows-amd64 JRE (11.0.12+7-b1504.28-7817840), built on Oct 13 2021 22:12:33 by "builder" with MS VC++ 14.0 (VS2015)

END.
